[2m2019-11-05 15:29:00.894[0;39m [32m INFO [-,,,][0;39m [35m1556[0;39m [2m---[0;39m [2m[           main][0;39m [36mc.z.vip.master.MasterApplication        [0;39m [2m:[0;39m The following profiles are active: dev
[2m2019-11-05 15:29:00.920[0;39m [32m INFO [-,,,][0;39m [35m1556[0;39m [2m---[0;39m [2m[           main][0;39m [36mConfigServletWebServerApplicationContext[0;39m [2m:[0;39m Refreshing org.springframework.boot.web.servlet.context.AnnotationConfigServletWebServerApplicationContext@1a7ba62: startup date [Tue Nov 05 15:29:00 CST 2019]; parent: org.springframework.context.annotation.AnnotationConfigApplicationContext@100ec9c
[2m2019-11-05 15:29:02.238[0;39m [32m INFO [-,,,][0;39m [35m1556[0;39m [2m---[0;39m [2m[           main][0;39m [36m.s.d.r.c.RepositoryConfigurationDelegate[0;39m [2m:[0;39m Multiple Spring Data modules found, entering strict repository configuration mode!
[2m2019-11-05 15:29:02.571[0;39m [32m INFO [-,,,][0;39m [35m1556[0;39m [2m---[0;39m [2m[           main][0;39m [36mo.s.b.f.s.DefaultListableBeanFactory    [0;39m [2m:[0;39m Overriding bean definition for bean 'dataSource' with a different definition: replacing [Root bean: class [null]; scope=refresh; abstract=false; lazyInit=false; autowireMode=3; dependencyCheck=0; autowireCandidate=false; primary=false; factoryBeanName=org.springframework.boot.autoconfigure.jdbc.DataSourceConfiguration$Hikari; factoryMethodName=dataSource; initMethodName=null; destroyMethodName=(inferred); defined in class path resource [org/springframework/boot/autoconfigure/jdbc/DataSourceConfiguration$Hikari.class]] with [Root bean: class [org.springframework.aop.scope.ScopedProxyFactoryBean]; scope=; abstract=false; lazyInit=false; autowireMode=0; dependencyCheck=0; autowireCandidate=true; primary=false; factoryBeanName=null; factoryMethodName=null; initMethodName=null; destroyMethodName=null; defined in BeanDefinition defined in class path resource [org/springframework/boot/autoconfigure/jdbc/DataSourceConfiguration$Hikari.class]]
[2m2019-11-05 15:29:02.896[0;39m [32m INFO [-,,,][0;39m [35m1556[0;39m [2m---[0;39m [2m[           main][0;39m [36mo.s.cloud.context.scope.GenericScope    [0;39m [2m:[0;39m BeanFactory id=0bff43a1-ea0f-3fbf-8958-2272ec0c3aef
[2m2019-11-05 15:29:02.956[0;39m [32m INFO [-,,,][0;39m [35m1556[0;39m [2m---[0;39m [2m[           main][0;39m [36mf.a.AutowiredAnnotationBeanPostProcessor[0;39m [2m:[0;39m JSR-330 'javax.inject.Inject' annotation found and supported for autowiring
[2m2019-11-05 15:29:03.403[0;39m [32m INFO [-,,,][0;39m [35m1556[0;39m [2m---[0;39m [2m[           main][0;39m [36mtrationDelegate$BeanPostProcessorChecker[0;39m [2m:[0;39m Bean 'org.springframework.transaction.annotation.ProxyTransactionManagementConfiguration' of type [org.springframework.transaction.annotation.ProxyTransactionManagementConfiguration$$EnhancerBySpringCGLIB$$6e93be21] is not eligible for getting processed by all BeanPostProcessors (for example: not eligible for auto-proxying)
[2m2019-11-05 15:29:03.501[0;39m [32m INFO [-,,,][0;39m [35m1556[0;39m [2m---[0;39m [2m[           main][0;39m [36mtrationDelegate$BeanPostProcessorChecker[0;39m [2m:[0;39m Bean 'org.springframework.security.config.annotation.configuration.ObjectPostProcessorConfiguration' of type [org.springframework.security.config.annotation.configuration.ObjectPostProcessorConfiguration$$EnhancerBySpringCGLIB$$741865b] is not eligible for getting processed by all BeanPostProcessors (for example: not eligible for auto-proxying)
[2m2019-11-05 15:29:03.513[0;39m [32m INFO [-,,,][0;39m [35m1556[0;39m [2m---[0;39m [2m[           main][0;39m [36mtrationDelegate$BeanPostProcessorChecker[0;39m [2m:[0;39m Bean 'objectPostProcessor' of type [org.springframework.security.config.annotation.configuration.AutowireBeanFactoryObjectPostProcessor] is not eligible for getting processed by all BeanPostProcessors (for example: not eligible for auto-proxying)
[2m2019-11-05 15:29:03.522[0;39m [32m INFO [-,,,][0;39m [35m1556[0;39m [2m---[0;39m [2m[           main][0;39m [36mtrationDelegate$BeanPostProcessorChecker[0;39m [2m:[0;39m Bean 'org.springframework.security.access.expression.method.DefaultMethodSecurityExpressionHandler@18f2eec' of type [org.springframework.security.oauth2.provider.expression.OAuth2MethodSecurityExpressionHandler] is not eligible for getting processed by all BeanPostProcessors (for example: not eligible for auto-proxying)
[2m2019-11-05 15:29:03.537[0;39m [32m INFO [-,,,][0;39m [35m1556[0;39m [2m---[0;39m [2m[           main][0;39m [36mtrationDelegate$BeanPostProcessorChecker[0;39m [2m:[0;39m Bean 'org.springframework.security.config.annotation.method.configuration.GlobalMethodSecurityConfiguration' of type [org.springframework.security.config.annotation.method.configuration.GlobalMethodSecurityConfiguration$$EnhancerBySpringCGLIB$$2c16290d] is not eligible for getting processed by all BeanPostProcessors (for example: not eligible for auto-proxying)
[2m2019-11-05 15:29:03.568[0;39m [32m INFO [-,,,][0;39m [35m1556[0;39m [2m---[0;39m [2m[           main][0;39m [36mtrationDelegate$BeanPostProcessorChecker[0;39m [2m:[0;39m Bean 'methodSecurityMetadataSource' of type [org.springframework.security.access.method.DelegatingMethodSecurityMetadataSource] is not eligible for getting processed by all BeanPostProcessors (for example: not eligible for auto-proxying)
[2m2019-11-05 15:29:03.627[0;39m [32m INFO [-,,,][0;39m [35m1556[0;39m [2m---[0;39m [2m[           main][0;39m [36mtrationDelegate$BeanPostProcessorChecker[0;39m [2m:[0;39m Bean 'org.springframework.cloud.autoconfigure.ConfigurationPropertiesRebinderAutoConfiguration' of type [org.springframework.cloud.autoconfigure.ConfigurationPropertiesRebinderAutoConfiguration$$EnhancerBySpringCGLIB$$8aadc11e] is not eligible for getting processed by all BeanPostProcessors (for example: not eligible for auto-proxying)
[2m2019-11-05 15:29:03.661[0;39m [32m INFO [-,,,][0;39m [35m1556[0;39m [2m---[0;39m [2m[           main][0;39m [36mtrationDelegate$BeanPostProcessorChecker[0;39m [2m:[0;39m Bean 'org.springframework.cloud.sleuth.instrument.web.client.TraceWebClientAutoConfiguration$TraceOAuthConfiguration' of type [org.springframework.cloud.sleuth.instrument.web.client.TraceWebClientAutoConfiguration$TraceOAuthConfiguration$$EnhancerBySpringCGLIB$$b3905080] is not eligible for getting processed by all BeanPostProcessors (for example: not eligible for auto-proxying)
[2m2019-11-05 15:29:04.394[0;39m [32m INFO [-,,,][0;39m [35m1556[0;39m [2m---[0;39m [2m[           main][0;39m [36mo.s.b.w.embedded.tomcat.TomcatWebServer [0;39m [2m:[0;39m Tomcat initialized with port(s): 8001 (http)
[2m2019-11-05 15:29:04.423[0;39m [32m INFO [-,,,][0;39m [35m1556[0;39m [2m---[0;39m [2m[           main][0;39m [36mo.apache.catalina.core.StandardService  [0;39m [2m:[0;39m Starting service [Tomcat]
[2m2019-11-05 15:29:04.424[0;39m [32m INFO [-,,,][0;39m [35m1556[0;39m [2m---[0;39m [2m[           main][0;39m [36morg.apache.catalina.core.StandardEngine [0;39m [2m:[0;39m Starting Servlet Engine: Apache Tomcat/8.5.39
[2m2019-11-05 15:29:04.432[0;39m [32m INFO [-,,,][0;39m [35m1556[0;39m [2m---[0;39m [2m[ost-startStop-1][0;39m [36mo.a.catalina.core.AprLifecycleListener  [0;39m [2m:[0;39m The APR based Apache Tomcat Native library which allows optimal performance in production environments was not found on the java.library.path: [C:\Program Files (x86)\Java\jdk1.8.0_191\bin;C:\WINDOWS\Sun\Java\bin;C:\WINDOWS\system32;C:\WINDOWS;C:\Program Files\JetBrains\IntelliJ IDEA 2019.2\jbr\\bin;C:\Program Files\JetBrains\IntelliJ IDEA 2019.2\jbr\\bin\server;C:\Program Files (x86)\Common Files\Oracle\Java\javapath;C:\WINDOWS\system32;C:\WINDOWS;C:\WINDOWS\System32\Wbem;C:\WINDOWS\System32\WindowsPowerShell\v1.0\;"C:\Program Files (x86)\Java\jdk1.8.0_191\bin;C:\Program Files (x86)\Java\jdk1.8.0_191\jre\bin;";C:\Program Files\TortoiseSVN\bin;C:\Program Files\mysql-8.0.16-winx64\bin;D:\Maven\apache-maven-3.6.0\bin;C:\WINDOWS\System32\OpenSSH\;C:\Users\v_jumingzhu\AppData\Local\Microsoft\WindowsApps;;%USERPROFILE%\AppData\Local\Microsoft\WindowsApps;.]
[2m2019-11-05 15:29:04.626[0;39m [32m INFO [-,,,][0;39m [35m1556[0;39m [2m---[0;39m [2m[ost-startStop-1][0;39m [36mo.a.c.c.C.[.[localhost].[/master/api]   [0;39m [2m:[0;39m Initializing Spring embedded WebApplicationContext
[2m2019-11-05 15:29:04.626[0;39m [32m INFO [-,,,][0;39m [35m1556[0;39m [2m---[0;39m [2m[ost-startStop-1][0;39m [36mo.s.web.context.ContextLoader           [0;39m [2m:[0;39m Root WebApplicationContext: initialization completed in 3706 ms
[2m2019-11-05 15:29:04.660[0;39m [33m WARN [-,,,][0;39m [35m1556[0;39m [2m---[0;39m [2m[ost-startStop-1][0;39m [36mc.n.c.sources.URLConfigurationSource    [0;39m [2m:[0;39m No URLs will be polled as dynamic configuration sources.
[2m2019-11-05 15:29:04.660[0;39m [32m INFO [-,,,][0;39m [35m1556[0;39m [2m---[0;39m [2m[ost-startStop-1][0;39m [36mc.n.c.sources.URLConfigurationSource    [0;39m [2m:[0;39m To enable URLs as dynamic configuration sources, define System property archaius.configurationSource.additionalUrls or make config.properties available on classpath.
[2m2019-11-05 15:29:04.664[0;39m [32m INFO [-,,,][0;39m [35m1556[0;39m [2m---[0;39m [2m[ost-startStop-1][0;39m [36mc.netflix.config.DynamicPropertyFactory [0;39m [2m:[0;39m DynamicPropertyFactory is initialized with configuration sources: com.netflix.config.ConcurrentCompositeConfiguration@646e9e
[2m2019-11-05 15:29:07.804[0;39m [32m INFO [-,,,][0;39m [35m1556[0;39m [2m---[0;39m [2m[ost-startStop-1][0;39m [36mo.s.b.w.servlet.FilterRegistrationBean  [0;39m [2m:[0;39m Mapping filter: 'characterEncodingFilter' to: [/*]
[2m2019-11-05 15:29:07.805[0;39m [32m INFO [-,,,][0;39m [35m1556[0;39m [2m---[0;39m [2m[ost-startStop-1][0;39m [36mo.s.b.w.servlet.FilterRegistrationBean  [0;39m [2m:[0;39m Mapping filter: 'webMvcMetricsFilter' to: [/*]
[2m2019-11-05 15:29:07.805[0;39m [32m INFO [-,,,][0;39m [35m1556[0;39m [2m---[0;39m [2m[ost-startStop-1][0;39m [36mo.s.b.w.servlet.FilterRegistrationBean  [0;39m [2m:[0;39m Mapping filter: 'tracingFilter' to: [/*]
[2m2019-11-05 15:29:07.805[0;39m [32m INFO [-,,,][0;39m [35m1556[0;39m [2m---[0;39m [2m[ost-startStop-1][0;39m [36mo.s.b.w.servlet.FilterRegistrationBean  [0;39m [2m:[0;39m Mapping filter: 'exceptionLoggingFilter' to: [/*]
[2m2019-11-05 15:29:07.805[0;39m [32m INFO [-,,,][0;39m [35m1556[0;39m [2m---[0;39m [2m[ost-startStop-1][0;39m [36mo.s.b.w.servlet.FilterRegistrationBean  [0;39m [2m:[0;39m Mapping filter: 'hiddenHttpMethodFilter' to: [/*]
[2m2019-11-05 15:29:07.805[0;39m [32m INFO [-,,,][0;39m [35m1556[0;39m [2m---[0;39m [2m[ost-startStop-1][0;39m [36mo.s.b.w.servlet.FilterRegistrationBean  [0;39m [2m:[0;39m Mapping filter: 'httpPutFormContentFilter' to: [/*]
[2m2019-11-05 15:29:07.805[0;39m [32m INFO [-,,,][0;39m [35m1556[0;39m [2m---[0;39m [2m[ost-startStop-1][0;39m [36mo.s.b.w.servlet.FilterRegistrationBean  [0;39m [2m:[0;39m Mapping filter: 'requestContextFilter' to: [/*]
[2m2019-11-05 15:29:07.806[0;39m [32m INFO [-,,,][0;39m [35m1556[0;39m [2m---[0;39m [2m[ost-startStop-1][0;39m [36m.s.DelegatingFilterProxyRegistrationBean[0;39m [2m:[0;39m Mapping filter: 'springSecurityFilterChain' to: [/*]
[2m2019-11-05 15:29:07.806[0;39m [32m INFO [-,,,][0;39m [35m1556[0;39m [2m---[0;39m [2m[ost-startStop-1][0;39m [36mo.s.b.w.servlet.FilterRegistrationBean  [0;39m [2m:[0;39m Mapping filter: 'httpTraceFilter' to: [/*]
[2m2019-11-05 15:29:07.806[0;39m [32m INFO [-,,,][0;39m [35m1556[0;39m [2m---[0;39m [2m[ost-startStop-1][0;39m [36mo.s.b.w.servlet.ServletRegistrationBean [0;39m [2m:[0;39m Servlet HystrixMetricsStreamServlet mapped to [/hystrix.stream]
[2m2019-11-05 15:29:07.809[0;39m [32m INFO [-,,,][0;39m [35m1556[0;39m [2m---[0;39m [2m[ost-startStop-1][0;39m [36mo.s.b.w.servlet.ServletRegistrationBean [0;39m [2m:[0;39m Servlet proxyStreamServlet mapped to [/proxy.stream]
[2m2019-11-05 15:29:07.810[0;39m [32m INFO [-,,,][0;39m [35m1556[0;39m [2m---[0;39m [2m[ost-startStop-1][0;39m [36mo.s.b.w.servlet.ServletRegistrationBean [0;39m [2m:[0;39m Servlet dispatcherServlet mapped to [/]
[2m2019-11-05 15:29:07.824[0;39m [32m INFO [-,,,][0;39m [35m1556[0;39m [2m---[0;39m [2m[ost-startStop-1][0;39m [36mo.s.b.a.e.web.ServletEndpointRegistrar  [0;39m [2m:[0;39m Registered '/actuator/hystrix.stream' to hystrix.stream-actuator-endpoint
[2m2019-11-05 15:29:07.871[0;39m [33m WARN [-,,,][0;39m [35m1556[0;39m [2m---[0;39m [2m[           main][0;39m [36mConfigServletWebServerApplicationContext[0;39m [2m:[0;39m Exception encountered during context initialization - cancelling refresh attempt: org.springframework.beans.factory.BeanCreationException: Error creating bean with name 'swaggerConfig': Injection of autowired dependencies failed; nested exception is java.lang.IllegalArgumentException: Could not resolve placeholder 'swagger.show' in value "${swagger.show}"
[2m2019-11-05 15:29:07.873[0;39m [33m WARN [-,,,][0;39m [35m1556[0;39m [2m---[0;39m [2m[           main][0;39m [36mo.s.b.f.support.DisposableBeanAdapter   [0;39m [2m:[0;39m Destroy method 'close' on bean with name 'eurekaRegistration' threw an exception: org.springframework.beans.factory.BeanCreationNotAllowedException: Error creating bean with name 'org.springframework.cloud.netflix.eureka.EurekaClientAutoConfiguration$RefreshableEurekaClientConfiguration': Singleton bean creation not allowed while singletons of this factory are in destruction (Do not request a bean from a BeanFactory in a destroy method implementation!)
[2m2019-11-05 15:29:08.601[0;39m [32m INFO [-,,,][0;39m [35m1556[0;39m [2m---[0;39m [2m[eSender@193e41}][0;39m [36ms.c.a.AnnotationConfigApplicationContext[0;39m [2m:[0;39m Refreshing SpringClientFactory-localhost: startup date [Tue Nov 05 15:29:08 CST 2019]; parent: org.springframework.boot.web.servlet.context.AnnotationConfigServletWebServerApplicationContext@1a7ba62
[2m2019-11-05 15:29:08.660[0;39m [32m INFO [-,,,][0;39m [35m1556[0;39m [2m---[0;39m [2m[eSender@193e41}][0;39m [36mf.a.AutowiredAnnotationBeanPostProcessor[0;39m [2m:[0;39m JSR-330 'javax.inject.Inject' annotation found and supported for autowiring
[2m2019-11-05 15:29:08.673[0;39m [33m WARN [-,,,][0;39m [35m1556[0;39m [2m---[0;39m [2m[eSender@193e41}][0;39m [36ms.c.a.AnnotationConfigApplicationContext[0;39m [2m:[0;39m Exception encountered during context initialization - cancelling refresh attempt: org.springframework.beans.factory.UnsatisfiedDependencyException: Error creating bean with name 'eurekaRibbonClientConfiguration': Unsatisfied dependency expressed through field 'eurekaConfig'; nested exception is org.springframework.beans.factory.BeanCreationNotAllowedException: Error creating bean with name 'eurekaInstanceConfigBean': Singleton bean creation not allowed while singletons of this factory are in destruction (Do not request a bean from a BeanFactory in a destroy method implementation!)
[2m2019-11-05 15:29:08.675[0;39m [32m INFO [-,,,][0;39m [35m1556[0;39m [2m---[0;39m [2m[           main][0;39m [36mo.apache.catalina.core.StandardService  [0;39m [2m:[0;39m Stopping service [Tomcat]
[2m2019-11-05 15:29:08.679[0;39m [33m WARN [-,,,][0;39m [35m1556[0;39m [2m---[0;39m [2m[ost-startStop-1][0;39m [36mo.a.c.loader.WebappClassLoaderBase      [0;39m [2m:[0;39m The web application [master#api] appears to have started a thread named [RxIoScheduler-1 (Evictor)] but has failed to stop it. This is very likely to create a memory leak. Stack trace of thread:
 sun.misc.Unsafe.park(Native Method)
 java.util.concurrent.locks.LockSupport.parkNanos(LockSupport.java:215)
 java.util.concurrent.locks.AbstractQueuedSynchronizer$ConditionObject.awaitNanos(AbstractQueuedSynchronizer.java:2078)
 java.util.concurrent.ScheduledThreadPoolExecutor$DelayedWorkQueue.take(ScheduledThreadPoolExecutor.java:1093)
 java.util.concurrent.ScheduledThreadPoolExecutor$DelayedWorkQueue.take(ScheduledThreadPoolExecutor.java:809)
 java.util.concurrent.ThreadPoolExecutor.getTask(ThreadPoolExecutor.java:1074)
 java.util.concurrent.ThreadPoolExecutor.runWorker(ThreadPoolExecutor.java:1134)
 java.util.concurrent.ThreadPoolExecutor$Worker.run(ThreadPoolExecutor.java:624)
 java.lang.Thread.run(Thread.java:748)
[2m2019-11-05 15:29:08.692[0;39m [32m INFO [-,,,][0;39m [35m1556[0;39m [2m---[0;39m [2m[           main][0;39m [36mConditionEvaluationReportLoggingListener[0;39m [2m:[0;39m 

Error starting ApplicationContext. To display the conditions report re-run your application with 'debug' enabled.
[2m2019-11-05 15:29:08.702[0;39m [31mERROR [-,,,][0;39m [35m1556[0;39m [2m---[0;39m [2m[           main][0;39m [36mo.s.boot.SpringApplication              [0;39m [2m:[0;39m Application run failed

org.springframework.beans.factory.BeanCreationException: Error creating bean with name 'swaggerConfig': Injection of autowired dependencies failed; nested exception is java.lang.IllegalArgumentException: Could not resolve placeholder 'swagger.show' in value "${swagger.show}"
	at org.springframework.beans.factory.annotation.AutowiredAnnotationBeanPostProcessor.postProcessPropertyValues(AutowiredAnnotationBeanPostProcessor.java:376)
	at org.springframework.beans.factory.support.AbstractAutowireCapableBeanFactory.populateBean(AbstractAutowireCapableBeanFactory.java:1336)
	at org.springframework.beans.factory.support.AbstractAutowireCapableBeanFactory.doCreateBean(AbstractAutowireCapableBeanFactory.java:572)
	at org.springframework.beans.factory.support.AbstractAutowireCapableBeanFactory.createBean(AbstractAutowireCapableBeanFactory.java:495)
	at org.springframework.beans.factory.support.AbstractBeanFactory.lambda$doGetBean$0(AbstractBeanFactory.java:317)
	at org.springframework.beans.factory.support.DefaultSingletonBeanRegistry.getSingleton(DefaultSingletonBeanRegistry.java:222)
	at org.springframework.beans.factory.support.AbstractBeanFactory.doGetBean(AbstractBeanFactory.java:315)
	at org.springframework.beans.factory.support.AbstractBeanFactory.getBean(AbstractBeanFactory.java:199)
	at org.springframework.beans.factory.support.DefaultListableBeanFactory.preInstantiateSingletons(DefaultListableBeanFactory.java:762)
	at org.springframework.context.support.AbstractApplicationContext.finishBeanFactoryInitialization(AbstractApplicationContext.java:881)
	at org.springframework.context.support.AbstractApplicationContext.refresh(AbstractApplicationContext.java:551)
	at org.springframework.boot.web.servlet.context.ServletWebServerApplicationContext.refresh(ServletWebServerApplicationContext.java:142)
	at org.springframework.boot.SpringApplication.refresh(SpringApplication.java:754)
	at org.springframework.boot.SpringApplication.refreshContext(SpringApplication.java:386)
	at org.springframework.boot.SpringApplication.run(SpringApplication.java:307)
	at org.springframework.boot.SpringApplication.run(SpringApplication.java:1242)
	at org.springframework.boot.SpringApplication.run(SpringApplication.java:1230)
	at com.zhujuming.vip.master.MasterApplication.main(MasterApplication.java:39)
Caused by: java.lang.IllegalArgumentException: Could not resolve placeholder 'swagger.show' in value "${swagger.show}"
	at org.springframework.util.PropertyPlaceholderHelper.parseStringValue(PropertyPlaceholderHelper.java:172)
	at org.springframework.util.PropertyPlaceholderHelper.replacePlaceholders(PropertyPlaceholderHelper.java:124)
	at org.springframework.core.env.AbstractPropertyResolver.doResolvePlaceholders(AbstractPropertyResolver.java:237)
	at org.springframework.core.env.AbstractPropertyResolver.resolveRequiredPlaceholders(AbstractPropertyResolver.java:211)
	at org.springframework.context.support.PropertySourcesPlaceholderConfigurer.lambda$processProperties$0(PropertySourcesPlaceholderConfigurer.java:175)
	at org.springframework.beans.factory.support.AbstractBeanFactory.resolveEmbeddedValue(AbstractBeanFactory.java:848)
	at org.springframework.beans.factory.support.DefaultListableBeanFactory.doResolveDependency(DefaultListableBeanFactory.java:1086)
	at org.springframework.beans.factory.support.DefaultListableBeanFactory.resolveDependency(DefaultListableBeanFactory.java:1065)
	at org.springframework.beans.factory.annotation.AutowiredAnnotationBeanPostProcessor$AutowiredFieldElement.inject(AutowiredAnnotationBeanPostProcessor.java:581)
	at org.springframework.beans.factory.annotation.InjectionMetadata.inject(InjectionMetadata.java:90)
	at org.springframework.beans.factory.annotation.AutowiredAnnotationBeanPostProcessor.postProcessPropertyValues(AutowiredAnnotationBeanPostProcessor.java:370)
	... 17 common frames omitted

[2m2019-11-15 10:05:20.745[0;39m [32m INFO [service-feign-web,,,][0;39m [35m66184[0;39m [2m---[0;39m [2m[           main][0;39m [36mc.z.vip.webtest.Webtestapplication      [0;39m [2m:[0;39m The following profiles are active: dev
[2m2019-11-15 10:05:20.795[0;39m [32m INFO [service-feign-web,,,][0;39m [35m66184[0;39m [2m---[0;39m [2m[           main][0;39m [36mConfigServletWebServerApplicationContext[0;39m [2m:[0;39m Refreshing org.springframework.boot.web.servlet.context.AnnotationConfigServletWebServerApplicationContext@8ce150: startup date [Fri Nov 15 10:05:20 CST 2019]; parent: org.springframework.context.annotation.AnnotationConfigApplicationContext@10f4dc7
[2m2019-11-15 10:05:22.865[0;39m [32m INFO [service-feign-web,,,][0;39m [35m66184[0;39m [2m---[0;39m [2m[           main][0;39m [36mo.s.cloud.context.scope.GenericScope    [0;39m [2m:[0;39m BeanFactory id=1193221b-f453-3f16-9286-744ae177c5e4
[2m2019-11-15 10:05:22.885[0;39m [32m INFO [service-feign-web,,,][0;39m [35m66184[0;39m [2m---[0;39m [2m[           main][0;39m [36mf.a.AutowiredAnnotationBeanPostProcessor[0;39m [2m:[0;39m JSR-330 'javax.inject.Inject' annotation found and supported for autowiring
[2m2019-11-15 10:05:23.325[0;39m [32m INFO [service-feign-web,,,][0;39m [35m66184[0;39m [2m---[0;39m [2m[           main][0;39m [36mtrationDelegate$BeanPostProcessorChecker[0;39m [2m:[0;39m Bean 'org.springframework.cloud.autoconfigure.ConfigurationPropertiesRebinderAutoConfiguration' of type [org.springframework.cloud.autoconfigure.ConfigurationPropertiesRebinderAutoConfiguration$$EnhancerBySpringCGLIB$$f7af5a0f] is not eligible for getting processed by all BeanPostProcessors (for example: not eligible for auto-proxying)
[2m2019-11-15 10:05:23.355[0;39m [32m INFO [service-feign-web,,,][0;39m [35m66184[0;39m [2m---[0;39m [2m[           main][0;39m [36mtrationDelegate$BeanPostProcessorChecker[0;39m [2m:[0;39m Bean 'org.springframework.cloud.sleuth.instrument.web.client.TraceWebClientAutoConfiguration$TraceOAuthConfiguration' of type [org.springframework.cloud.sleuth.instrument.web.client.TraceWebClientAutoConfiguration$TraceOAuthConfiguration$$EnhancerBySpringCGLIB$$2091e971] is not eligible for getting processed by all BeanPostProcessors (for example: not eligible for auto-proxying)
[2m2019-11-15 10:05:24.095[0;39m [32m INFO [service-feign-web,,,][0;39m [35m66184[0;39m [2m---[0;39m [2m[           main][0;39m [36mo.s.b.w.embedded.tomcat.TomcatWebServer [0;39m [2m:[0;39m Tomcat initialized with port(s): 8001 (http)
[2m2019-11-15 10:05:24.115[0;39m [32m INFO [service-feign-web,,,][0;39m [35m66184[0;39m [2m---[0;39m [2m[           main][0;39m [36mo.apache.catalina.core.StandardService  [0;39m [2m:[0;39m Starting service [Tomcat]
[2m2019-11-15 10:05:24.115[0;39m [32m INFO [service-feign-web,,,][0;39m [35m66184[0;39m [2m---[0;39m [2m[           main][0;39m [36morg.apache.catalina.core.StandardEngine [0;39m [2m:[0;39m Starting Servlet Engine: Apache Tomcat/8.5.39
[2m2019-11-15 10:05:24.135[0;39m [32m INFO [service-feign-web,,,][0;39m [35m66184[0;39m [2m---[0;39m [2m[ost-startStop-1][0;39m [36mo.a.catalina.core.AprLifecycleListener  [0;39m [2m:[0;39m The APR based Apache Tomcat Native library which allows optimal performance in production environments was not found on the java.library.path: [C:\Program Files (x86)\Java\jdk1.8.0_191\bin;C:\WINDOWS\Sun\Java\bin;C:\WINDOWS\system32;C:\WINDOWS;C:\Program Files\JetBrains\IntelliJ IDEA 2019.2\jbr\\bin;C:\Program Files\JetBrains\IntelliJ IDEA 2019.2\jbr\\bin\server;C:\Program Files (x86)\Common Files\Oracle\Java\javapath;C:\WINDOWS\system32;C:\WINDOWS;C:\WINDOWS\System32\Wbem;C:\WINDOWS\System32\WindowsPowerShell\v1.0\;"C:\Program Files (x86)\Java\jdk1.8.0_191\bin;C:\Program Files (x86)\Java\jdk1.8.0_191\jre\bin;";C:\Program Files\TortoiseSVN\bin;C:\Program Files\mysql-8.0.16-winx64\bin;D:\Maven\apache-maven-3.6.0\bin;C:\WINDOWS\System32\OpenSSH\;C:\Users\v_jumingzhu\AppData\Local\Microsoft\WindowsApps;;%USERPROFILE%\AppData\Local\Microsoft\WindowsApps;.]
[2m2019-11-15 10:05:24.315[0;39m [32m INFO [service-feign-web,,,][0;39m [35m66184[0;39m [2m---[0;39m [2m[ost-startStop-1][0;39m [36mo.a.c.c.C.[.[localhost].[/webtest/api]  [0;39m [2m:[0;39m Initializing Spring embedded WebApplicationContext
[2m2019-11-15 10:05:24.315[0;39m [32m INFO [service-feign-web,,,][0;39m [35m66184[0;39m [2m---[0;39m [2m[ost-startStop-1][0;39m [36mo.s.web.context.ContextLoader           [0;39m [2m:[0;39m Root WebApplicationContext: initialization completed in 3520 ms
[2m2019-11-15 10:05:24.656[0;39m [33m WARN [service-feign-web,,,][0;39m [35m66184[0;39m [2m---[0;39m [2m[ost-startStop-1][0;39m [36mc.n.c.sources.URLConfigurationSource    [0;39m [2m:[0;39m No URLs will be polled as dynamic configuration sources.
[2m2019-11-15 10:05:24.656[0;39m [32m INFO [service-feign-web,,,][0;39m [35m66184[0;39m [2m---[0;39m [2m[ost-startStop-1][0;39m [36mc.n.c.sources.URLConfigurationSource    [0;39m [2m:[0;39m To enable URLs as dynamic configuration sources, define System property archaius.configurationSource.additionalUrls or make config.properties available on classpath.
[2m2019-11-15 10:05:24.685[0;39m [32m INFO [service-feign-web,,,][0;39m [35m66184[0;39m [2m---[0;39m [2m[ost-startStop-1][0;39m [36mc.netflix.config.DynamicPropertyFactory [0;39m [2m:[0;39m DynamicPropertyFactory is initialized with configuration sources: com.netflix.config.ConcurrentCompositeConfiguration@11cc6c1
[2m2019-11-15 10:05:26.525[0;39m [32m INFO [service-feign-web,,,][0;39m [35m66184[0;39m [2m---[0;39m [2m[ost-startStop-1][0;39m [36mo.s.b.w.servlet.FilterRegistrationBean  [0;39m [2m:[0;39m Mapping filter: 'characterEncodingFilter' to: [/*]
[2m2019-11-15 10:05:26.525[0;39m [32m INFO [service-feign-web,,,][0;39m [35m66184[0;39m [2m---[0;39m [2m[ost-startStop-1][0;39m [36mo.s.b.w.servlet.FilterRegistrationBean  [0;39m [2m:[0;39m Mapping filter: 'webMvcMetricsFilter' to: [/*]
[2m2019-11-15 10:05:26.525[0;39m [32m INFO [service-feign-web,,,][0;39m [35m66184[0;39m [2m---[0;39m [2m[ost-startStop-1][0;39m [36mo.s.b.w.servlet.FilterRegistrationBean  [0;39m [2m:[0;39m Mapping filter: 'tracingFilter' to: [/*]
[2m2019-11-15 10:05:26.525[0;39m [32m INFO [service-feign-web,,,][0;39m [35m66184[0;39m [2m---[0;39m [2m[ost-startStop-1][0;39m [36mo.s.b.w.servlet.FilterRegistrationBean  [0;39m [2m:[0;39m Mapping filter: 'exceptionLoggingFilter' to: [/*]
[2m2019-11-15 10:05:26.525[0;39m [32m INFO [service-feign-web,,,][0;39m [35m66184[0;39m [2m---[0;39m [2m[ost-startStop-1][0;39m [36mo.s.b.w.servlet.FilterRegistrationBean  [0;39m [2m:[0;39m Mapping filter: 'hiddenHttpMethodFilter' to: [/*]
[2m2019-11-15 10:05:26.535[0;39m [32m INFO [service-feign-web,,,][0;39m [35m66184[0;39m [2m---[0;39m [2m[ost-startStop-1][0;39m [36mo.s.b.w.servlet.FilterRegistrationBean  [0;39m [2m:[0;39m Mapping filter: 'httpPutFormContentFilter' to: [/*]
[2m2019-11-15 10:05:26.535[0;39m [32m INFO [service-feign-web,,,][0;39m [35m66184[0;39m [2m---[0;39m [2m[ost-startStop-1][0;39m [36mo.s.b.w.servlet.FilterRegistrationBean  [0;39m [2m:[0;39m Mapping filter: 'requestContextFilter' to: [/*]
[2m2019-11-15 10:05:26.535[0;39m [32m INFO [service-feign-web,,,][0;39m [35m66184[0;39m [2m---[0;39m [2m[ost-startStop-1][0;39m [36m.s.DelegatingFilterProxyRegistrationBean[0;39m [2m:[0;39m Mapping filter: 'springSecurityFilterChain' to: [/*]
[2m2019-11-15 10:05:26.535[0;39m [32m INFO [service-feign-web,,,][0;39m [35m66184[0;39m [2m---[0;39m [2m[ost-startStop-1][0;39m [36mo.s.b.w.servlet.FilterRegistrationBean  [0;39m [2m:[0;39m Mapping filter: 'httpTraceFilter' to: [/*]
[2m2019-11-15 10:05:26.535[0;39m [32m INFO [service-feign-web,,,][0;39m [35m66184[0;39m [2m---[0;39m [2m[ost-startStop-1][0;39m [36mo.s.b.w.servlet.ServletRegistrationBean [0;39m [2m:[0;39m Servlet proxyStreamServlet mapped to [/proxy.stream]
[2m2019-11-15 10:05:26.535[0;39m [32m INFO [service-feign-web,,,][0;39m [35m66184[0;39m [2m---[0;39m [2m[ost-startStop-1][0;39m [36mo.s.b.w.servlet.ServletRegistrationBean [0;39m [2m:[0;39m Servlet dispatcherServlet mapped to [/]
[2m2019-11-15 10:05:26.535[0;39m [32m INFO [service-feign-web,,,][0;39m [35m66184[0;39m [2m---[0;39m [2m[ost-startStop-1][0;39m [36mo.s.b.a.e.web.ServletEndpointRegistrar  [0;39m [2m:[0;39m Registered '/actuator/hystrix.stream' to hystrix.stream-actuator-endpoint
[2m2019-11-15 10:05:26.575[0;39m [33m WARN [service-feign-web,,,][0;39m [35m66184[0;39m [2m---[0;39m [2m[           main][0;39m [36mConfigServletWebServerApplicationContext[0;39m [2m:[0;39m Exception encountered during context initialization - cancelling refresh attempt: org.springframework.beans.factory.BeanCreationException: Error creating bean with name 'authController': Injection of resource dependencies failed; nested exception is org.springframework.beans.factory.NoSuchBeanDefinitionException: No qualifying bean of type 'com.zhujuming.vip.contract.consumer.auth.AuthConsumer' available: expected at least 1 bean which qualifies as autowire candidate. Dependency annotations: {@javax.annotation.Resource(shareable=true, lookup=, name=, description=, authenticationType=CONTAINER, type=class java.lang.Object, mappedName=)}
[2m2019-11-15 10:05:26.575[0;39m [33m WARN [service-feign-web,,,][0;39m [35m66184[0;39m [2m---[0;39m [2m[           main][0;39m [36mo.s.b.f.support.DisposableBeanAdapter   [0;39m [2m:[0;39m Destroy method 'close' on bean with name 'eurekaRegistration' threw an exception: org.springframework.beans.factory.BeanCreationNotAllowedException: Error creating bean with name 'org.springframework.cloud.netflix.eureka.EurekaClientAutoConfiguration$RefreshableEurekaClientConfiguration': Singleton bean creation not allowed while singletons of this factory are in destruction (Do not request a bean from a BeanFactory in a destroy method implementation!)
[2m2019-11-15 10:05:27.076[0;39m [32m INFO [service-feign-web,,,][0;39m [35m66184[0;39m [2m---[0;39m [2m[Sender@13e804b}][0;39m [36ms.c.a.AnnotationConfigApplicationContext[0;39m [2m:[0;39m Refreshing SpringClientFactory-localhost: startup date [Fri Nov 15 10:05:27 CST 2019]; parent: org.springframework.boot.web.servlet.context.AnnotationConfigServletWebServerApplicationContext@8ce150
[2m2019-11-15 10:05:27.156[0;39m [32m INFO [service-feign-web,,,][0;39m [35m66184[0;39m [2m---[0;39m [2m[Sender@13e804b}][0;39m [36mf.a.AutowiredAnnotationBeanPostProcessor[0;39m [2m:[0;39m JSR-330 'javax.inject.Inject' annotation found and supported for autowiring
[2m2019-11-15 10:05:27.166[0;39m [33m WARN [service-feign-web,,,][0;39m [35m66184[0;39m [2m---[0;39m [2m[Sender@13e804b}][0;39m [36ms.c.a.AnnotationConfigApplicationContext[0;39m [2m:[0;39m Exception encountered during context initialization - cancelling refresh attempt: org.springframework.beans.factory.UnsatisfiedDependencyException: Error creating bean with name 'eurekaRibbonClientConfiguration': Unsatisfied dependency expressed through field 'eurekaConfig'; nested exception is org.springframework.beans.factory.BeanCreationNotAllowedException: Error creating bean with name 'eurekaInstanceConfigBean': Singleton bean creation not allowed while singletons of this factory are in destruction (Do not request a bean from a BeanFactory in a destroy method implementation!)
[2m2019-11-15 10:05:27.166[0;39m [32m INFO [service-feign-web,,,][0;39m [35m66184[0;39m [2m---[0;39m [2m[           main][0;39m [36mo.apache.catalina.core.StandardService  [0;39m [2m:[0;39m Stopping service [Tomcat]
[2m2019-11-15 10:05:27.166[0;39m [33m WARN [service-feign-web,,,][0;39m [35m66184[0;39m [2m---[0;39m [2m[ost-startStop-1][0;39m [36mo.a.c.loader.WebappClassLoaderBase      [0;39m [2m:[0;39m The web application [webtest#api] appears to have started a thread named [RxIoScheduler-1 (Evictor)] but has failed to stop it. This is very likely to create a memory leak. Stack trace of thread:
 sun.misc.Unsafe.park(Native Method)
 java.util.concurrent.locks.LockSupport.parkNanos(LockSupport.java:215)
 java.util.concurrent.locks.AbstractQueuedSynchronizer$ConditionObject.awaitNanos(AbstractQueuedSynchronizer.java:2078)
 java.util.concurrent.ScheduledThreadPoolExecutor$DelayedWorkQueue.take(ScheduledThreadPoolExecutor.java:1093)
 java.util.concurrent.ScheduledThreadPoolExecutor$DelayedWorkQueue.take(ScheduledThreadPoolExecutor.java:809)
 java.util.concurrent.ThreadPoolExecutor.getTask(ThreadPoolExecutor.java:1074)
 java.util.concurrent.ThreadPoolExecutor.runWorker(ThreadPoolExecutor.java:1134)
 java.util.concurrent.ThreadPoolExecutor$Worker.run(ThreadPoolExecutor.java:624)
 java.lang.Thread.run(Thread.java:748)
[2m2019-11-15 10:05:27.186[0;39m [32m INFO [service-feign-web,,,][0;39m [35m66184[0;39m [2m---[0;39m [2m[           main][0;39m [36mConditionEvaluationReportLoggingListener[0;39m [2m:[0;39m 

Error starting ApplicationContext. To display the conditions report re-run your application with 'debug' enabled.
[2m2019-11-15 10:05:27.486[0;39m [31mERROR [service-feign-web,,,][0;39m [35m66184[0;39m [2m---[0;39m [2m[           main][0;39m [36mo.s.b.d.LoggingFailureAnalysisReporter  [0;39m [2m:[0;39m 

***************************
APPLICATION FAILED TO START
***************************

Description:

A component required a bean of type 'com.zhujuming.vip.contract.consumer.auth.AuthConsumer' that could not be found.


Action:

Consider defining a bean of type 'com.zhujuming.vip.contract.consumer.auth.AuthConsumer' in your configuration.

[2m2019-11-15 10:19:56.033[0;39m [32m INFO [service-feign-web,,,][0;39m [35m73348[0;39m [2m---[0;39m [2m[           main][0;39m [36mc.z.vip.webtest.Webtestapplication      [0;39m [2m:[0;39m The following profiles are active: dev
[2m2019-11-15 10:19:56.068[0;39m [32m INFO [service-feign-web,,,][0;39m [35m73348[0;39m [2m---[0;39m [2m[           main][0;39m [36mConfigServletWebServerApplicationContext[0;39m [2m:[0;39m Refreshing org.springframework.boot.web.servlet.context.AnnotationConfigServletWebServerApplicationContext@825a02: startup date [Fri Nov 15 10:19:56 CST 2019]; parent: org.springframework.context.annotation.AnnotationConfigApplicationContext@1000e60
[2m2019-11-15 10:19:57.795[0;39m [32m INFO [service-feign-web,,,][0;39m [35m73348[0;39m [2m---[0;39m [2m[           main][0;39m [36mo.s.cloud.context.scope.GenericScope    [0;39m [2m:[0;39m BeanFactory id=0765045e-b4ae-30f8-a431-2ec2be0d74be
[2m2019-11-15 10:19:57.844[0;39m [32m INFO [service-feign-web,,,][0;39m [35m73348[0;39m [2m---[0;39m [2m[           main][0;39m [36mf.a.AutowiredAnnotationBeanPostProcessor[0;39m [2m:[0;39m JSR-330 'javax.inject.Inject' annotation found and supported for autowiring
[2m2019-11-15 10:19:58.460[0;39m [32m INFO [service-feign-web,,,][0;39m [35m73348[0;39m [2m---[0;39m [2m[           main][0;39m [36mtrationDelegate$BeanPostProcessorChecker[0;39m [2m:[0;39m Bean 'org.springframework.cloud.autoconfigure.ConfigurationPropertiesRebinderAutoConfiguration' of type [org.springframework.cloud.autoconfigure.ConfigurationPropertiesRebinderAutoConfiguration$$EnhancerBySpringCGLIB$$85b73157] is not eligible for getting processed by all BeanPostProcessors (for example: not eligible for auto-proxying)
[2m2019-11-15 10:19:58.496[0;39m [32m INFO [service-feign-web,,,][0;39m [35m73348[0;39m [2m---[0;39m [2m[           main][0;39m [36mtrationDelegate$BeanPostProcessorChecker[0;39m [2m:[0;39m Bean 'org.springframework.cloud.sleuth.instrument.web.client.TraceWebClientAutoConfiguration$TraceOAuthConfiguration' of type [org.springframework.cloud.sleuth.instrument.web.client.TraceWebClientAutoConfiguration$TraceOAuthConfiguration$$EnhancerBySpringCGLIB$$ae99c0b9] is not eligible for getting processed by all BeanPostProcessors (for example: not eligible for auto-proxying)
[2m2019-11-15 10:19:59.274[0;39m [32m INFO [service-feign-web,,,][0;39m [35m73348[0;39m [2m---[0;39m [2m[           main][0;39m [36mo.s.b.w.embedded.tomcat.TomcatWebServer [0;39m [2m:[0;39m Tomcat initialized with port(s): 8001 (http)
[2m2019-11-15 10:19:59.308[0;39m [32m INFO [service-feign-web,,,][0;39m [35m73348[0;39m [2m---[0;39m [2m[           main][0;39m [36mo.apache.catalina.core.StandardService  [0;39m [2m:[0;39m Starting service [Tomcat]
[2m2019-11-15 10:19:59.308[0;39m [32m INFO [service-feign-web,,,][0;39m [35m73348[0;39m [2m---[0;39m [2m[           main][0;39m [36morg.apache.catalina.core.StandardEngine [0;39m [2m:[0;39m Starting Servlet Engine: Apache Tomcat/8.5.39
[2m2019-11-15 10:19:59.314[0;39m [32m INFO [service-feign-web,,,][0;39m [35m73348[0;39m [2m---[0;39m [2m[ost-startStop-1][0;39m [36mo.a.catalina.core.AprLifecycleListener  [0;39m [2m:[0;39m The APR based Apache Tomcat Native library which allows optimal performance in production environments was not found on the java.library.path: [C:\Program Files (x86)\Java\jdk1.8.0_191\bin;C:\WINDOWS\Sun\Java\bin;C:\WINDOWS\system32;C:\WINDOWS;C:\Program Files\JetBrains\IntelliJ IDEA 2019.2\jbr\\bin;C:\Program Files\JetBrains\IntelliJ IDEA 2019.2\jbr\\bin\server;C:\Program Files (x86)\Common Files\Oracle\Java\javapath;C:\WINDOWS\system32;C:\WINDOWS;C:\WINDOWS\System32\Wbem;C:\WINDOWS\System32\WindowsPowerShell\v1.0\;"C:\Program Files (x86)\Java\jdk1.8.0_191\bin;C:\Program Files (x86)\Java\jdk1.8.0_191\jre\bin;";C:\Program Files\TortoiseSVN\bin;C:\Program Files\mysql-8.0.16-winx64\bin;D:\Maven\apache-maven-3.6.0\bin;C:\WINDOWS\System32\OpenSSH\;C:\Users\v_jumingzhu\AppData\Local\Microsoft\WindowsApps;;%USERPROFILE%\AppData\Local\Microsoft\WindowsApps;.]
[2m2019-11-15 10:19:59.530[0;39m [32m INFO [service-feign-web,,,][0;39m [35m73348[0;39m [2m---[0;39m [2m[ost-startStop-1][0;39m [36mo.a.c.c.C.[.[localhost].[/webtest/api]  [0;39m [2m:[0;39m Initializing Spring embedded WebApplicationContext
[2m2019-11-15 10:19:59.530[0;39m [32m INFO [service-feign-web,,,][0;39m [35m73348[0;39m [2m---[0;39m [2m[ost-startStop-1][0;39m [36mo.s.web.context.ContextLoader           [0;39m [2m:[0;39m Root WebApplicationContext: initialization completed in 3462 ms
[2m2019-11-15 10:19:59.979[0;39m [33m WARN [service-feign-web,,,][0;39m [35m73348[0;39m [2m---[0;39m [2m[ost-startStop-1][0;39m [36mc.n.c.sources.URLConfigurationSource    [0;39m [2m:[0;39m No URLs will be polled as dynamic configuration sources.
[2m2019-11-15 10:19:59.980[0;39m [32m INFO [service-feign-web,,,][0;39m [35m73348[0;39m [2m---[0;39m [2m[ost-startStop-1][0;39m [36mc.n.c.sources.URLConfigurationSource    [0;39m [2m:[0;39m To enable URLs as dynamic configuration sources, define System property archaius.configurationSource.additionalUrls or make config.properties available on classpath.
[2m2019-11-15 10:19:59.995[0;39m [32m INFO [service-feign-web,,,][0;39m [35m73348[0;39m [2m---[0;39m [2m[ost-startStop-1][0;39m [36mc.netflix.config.DynamicPropertyFactory [0;39m [2m:[0;39m DynamicPropertyFactory is initialized with configuration sources: com.netflix.config.ConcurrentCompositeConfiguration@96dcb1
[2m2019-11-15 10:20:02.561[0;39m [32m INFO [service-feign-web,,,][0;39m [35m73348[0;39m [2m---[0;39m [2m[ost-startStop-1][0;39m [36mo.s.b.w.servlet.FilterRegistrationBean  [0;39m [2m:[0;39m Mapping filter: 'characterEncodingFilter' to: [/*]
[2m2019-11-15 10:20:02.561[0;39m [32m INFO [service-feign-web,,,][0;39m [35m73348[0;39m [2m---[0;39m [2m[ost-startStop-1][0;39m [36mo.s.b.w.servlet.FilterRegistrationBean  [0;39m [2m:[0;39m Mapping filter: 'webMvcMetricsFilter' to: [/*]
[2m2019-11-15 10:20:02.561[0;39m [32m INFO [service-feign-web,,,][0;39m [35m73348[0;39m [2m---[0;39m [2m[ost-startStop-1][0;39m [36mo.s.b.w.servlet.FilterRegistrationBean  [0;39m [2m:[0;39m Mapping filter: 'tracingFilter' to: [/*]
[2m2019-11-15 10:20:02.562[0;39m [32m INFO [service-feign-web,,,][0;39m [35m73348[0;39m [2m---[0;39m [2m[ost-startStop-1][0;39m [36mo.s.b.w.servlet.FilterRegistrationBean  [0;39m [2m:[0;39m Mapping filter: 'exceptionLoggingFilter' to: [/*]
[2m2019-11-15 10:20:02.562[0;39m [32m INFO [service-feign-web,,,][0;39m [35m73348[0;39m [2m---[0;39m [2m[ost-startStop-1][0;39m [36mo.s.b.w.servlet.FilterRegistrationBean  [0;39m [2m:[0;39m Mapping filter: 'hiddenHttpMethodFilter' to: [/*]
[2m2019-11-15 10:20:02.562[0;39m [32m INFO [service-feign-web,,,][0;39m [35m73348[0;39m [2m---[0;39m [2m[ost-startStop-1][0;39m [36mo.s.b.w.servlet.FilterRegistrationBean  [0;39m [2m:[0;39m Mapping filter: 'httpPutFormContentFilter' to: [/*]
[2m2019-11-15 10:20:02.562[0;39m [32m INFO [service-feign-web,,,][0;39m [35m73348[0;39m [2m---[0;39m [2m[ost-startStop-1][0;39m [36mo.s.b.w.servlet.FilterRegistrationBean  [0;39m [2m:[0;39m Mapping filter: 'requestContextFilter' to: [/*]
[2m2019-11-15 10:20:02.564[0;39m [32m INFO [service-feign-web,,,][0;39m [35m73348[0;39m [2m---[0;39m [2m[ost-startStop-1][0;39m [36m.s.DelegatingFilterProxyRegistrationBean[0;39m [2m:[0;39m Mapping filter: 'springSecurityFilterChain' to: [/*]
[2m2019-11-15 10:20:02.564[0;39m [32m INFO [service-feign-web,,,][0;39m [35m73348[0;39m [2m---[0;39m [2m[ost-startStop-1][0;39m [36mo.s.b.w.servlet.FilterRegistrationBean  [0;39m [2m:[0;39m Mapping filter: 'httpTraceFilter' to: [/*]
[2m2019-11-15 10:20:02.564[0;39m [32m INFO [service-feign-web,,,][0;39m [35m73348[0;39m [2m---[0;39m [2m[ost-startStop-1][0;39m [36mo.s.b.w.servlet.ServletRegistrationBean [0;39m [2m:[0;39m Servlet proxyStreamServlet mapped to [/proxy.stream]
[2m2019-11-15 10:20:02.567[0;39m [32m INFO [service-feign-web,,,][0;39m [35m73348[0;39m [2m---[0;39m [2m[ost-startStop-1][0;39m [36mo.s.b.w.servlet.ServletRegistrationBean [0;39m [2m:[0;39m Servlet dispatcherServlet mapped to [/]
[2m2019-11-15 10:20:02.569[0;39m [32m INFO [service-feign-web,,,][0;39m [35m73348[0;39m [2m---[0;39m [2m[ost-startStop-1][0;39m [36mo.s.b.a.e.web.ServletEndpointRegistrar  [0;39m [2m:[0;39m Registered '/actuator/hystrix.stream' to hystrix.stream-actuator-endpoint
[2m2019-11-15 10:20:02.630[0;39m [33m WARN [service-feign-web,,,][0;39m [35m73348[0;39m [2m---[0;39m [2m[           main][0;39m [36mConfigServletWebServerApplicationContext[0;39m [2m:[0;39m Exception encountered during context initialization - cancelling refresh attempt: org.springframework.beans.factory.BeanCreationException: Error creating bean with name 'authController': Injection of resource dependencies failed; nested exception is org.springframework.beans.factory.NoSuchBeanDefinitionException: No qualifying bean of type 'com.zhujuming.vip.contract.consumer.auth.AuthConsumer' available: expected at least 1 bean which qualifies as autowire candidate. Dependency annotations: {@javax.annotation.Resource(shareable=true, lookup=, name=, description=, authenticationType=CONTAINER, type=class java.lang.Object, mappedName=)}
[2m2019-11-15 10:20:02.632[0;39m [33m WARN [service-feign-web,,,][0;39m [35m73348[0;39m [2m---[0;39m [2m[           main][0;39m [36mo.s.b.f.support.DisposableBeanAdapter   [0;39m [2m:[0;39m Destroy method 'close' on bean with name 'eurekaRegistration' threw an exception: org.springframework.beans.factory.BeanCreationNotAllowedException: Error creating bean with name 'org.springframework.cloud.netflix.eureka.EurekaClientAutoConfiguration$RefreshableEurekaClientConfiguration': Singleton bean creation not allowed while singletons of this factory are in destruction (Do not request a bean from a BeanFactory in a destroy method implementation!)
[2m2019-11-15 10:20:03.524[0;39m [32m INFO [service-feign-web,,,][0;39m [35m73348[0;39m [2m---[0;39m [2m[Sender@1b44b9c}][0;39m [36ms.c.a.AnnotationConfigApplicationContext[0;39m [2m:[0;39m Refreshing SpringClientFactory-localhost: startup date [Fri Nov 15 10:20:03 CST 2019]; parent: org.springframework.boot.web.servlet.context.AnnotationConfigServletWebServerApplicationContext@825a02
[2m2019-11-15 10:20:03.596[0;39m [32m INFO [service-feign-web,,,][0;39m [35m73348[0;39m [2m---[0;39m [2m[Sender@1b44b9c}][0;39m [36mf.a.AutowiredAnnotationBeanPostProcessor[0;39m [2m:[0;39m JSR-330 'javax.inject.Inject' annotation found and supported for autowiring
[2m2019-11-15 10:20:03.610[0;39m [33m WARN [service-feign-web,,,][0;39m [35m73348[0;39m [2m---[0;39m [2m[Sender@1b44b9c}][0;39m [36ms.c.a.AnnotationConfigApplicationContext[0;39m [2m:[0;39m Exception encountered during context initialization - cancelling refresh attempt: org.springframework.beans.factory.UnsatisfiedDependencyException: Error creating bean with name 'eurekaRibbonClientConfiguration': Unsatisfied dependency expressed through field 'eurekaConfig'; nested exception is org.springframework.beans.factory.BeanCreationNotAllowedException: Error creating bean with name 'eurekaInstanceConfigBean': Singleton bean creation not allowed while singletons of this factory are in destruction (Do not request a bean from a BeanFactory in a destroy method implementation!)
[2m2019-11-15 10:20:03.611[0;39m [32m INFO [service-feign-web,,,][0;39m [35m73348[0;39m [2m---[0;39m [2m[           main][0;39m [36mo.apache.catalina.core.StandardService  [0;39m [2m:[0;39m Stopping service [Tomcat]
[2m2019-11-15 10:20:03.617[0;39m [33m WARN [service-feign-web,,,][0;39m [35m73348[0;39m [2m---[0;39m [2m[ost-startStop-1][0;39m [36mo.a.c.loader.WebappClassLoaderBase      [0;39m [2m:[0;39m The web application [webtest#api] appears to have started a thread named [RxIoScheduler-1 (Evictor)] but has failed to stop it. This is very likely to create a memory leak. Stack trace of thread:
 sun.misc.Unsafe.park(Native Method)
 java.util.concurrent.locks.LockSupport.parkNanos(LockSupport.java:215)
 java.util.concurrent.locks.AbstractQueuedSynchronizer$ConditionObject.awaitNanos(AbstractQueuedSynchronizer.java:2078)
 java.util.concurrent.ScheduledThreadPoolExecutor$DelayedWorkQueue.take(ScheduledThreadPoolExecutor.java:1093)
 java.util.concurrent.ScheduledThreadPoolExecutor$DelayedWorkQueue.take(ScheduledThreadPoolExecutor.java:809)
 java.util.concurrent.ThreadPoolExecutor.getTask(ThreadPoolExecutor.java:1074)
 java.util.concurrent.ThreadPoolExecutor.runWorker(ThreadPoolExecutor.java:1134)
 java.util.concurrent.ThreadPoolExecutor$Worker.run(ThreadPoolExecutor.java:624)
 java.lang.Thread.run(Thread.java:748)
[2m2019-11-15 10:20:03.630[0;39m [32m INFO [service-feign-web,,,][0;39m [35m73348[0;39m [2m---[0;39m [2m[           main][0;39m [36mConditionEvaluationReportLoggingListener[0;39m [2m:[0;39m 

Error starting ApplicationContext. To display the conditions report re-run your application with 'debug' enabled.
[2m2019-11-15 10:20:03.928[0;39m [31mERROR [service-feign-web,,,][0;39m [35m73348[0;39m [2m---[0;39m [2m[           main][0;39m [36mo.s.b.d.LoggingFailureAnalysisReporter  [0;39m [2m:[0;39m 

***************************
APPLICATION FAILED TO START
***************************

Description:

A component required a bean of type 'com.zhujuming.vip.contract.consumer.auth.AuthConsumer' that could not be found.


Action:

Consider defining a bean of type 'com.zhujuming.vip.contract.consumer.auth.AuthConsumer' in your configuration.

[2m2019-11-15 10:22:28.985[0;39m [32m INFO [service-feign-web,,,][0;39m [35m67944[0;39m [2m---[0;39m [2m[           main][0;39m [36mc.z.vip.webtest.Webtestapplication      [0;39m [2m:[0;39m The following profiles are active: dev
[2m2019-11-15 10:22:29.015[0;39m [32m INFO [service-feign-web,,,][0;39m [35m67944[0;39m [2m---[0;39m [2m[           main][0;39m [36mConfigServletWebServerApplicationContext[0;39m [2m:[0;39m Refreshing org.springframework.boot.web.servlet.context.AnnotationConfigServletWebServerApplicationContext@125d1d3: startup date [Fri Nov 15 10:22:29 CST 2019]; parent: org.springframework.context.annotation.AnnotationConfigApplicationContext@3411de
[2m2019-11-15 10:22:30.769[0;39m [32m INFO [service-feign-web,,,][0;39m [35m67944[0;39m [2m---[0;39m [2m[           main][0;39m [36mo.s.cloud.context.scope.GenericScope    [0;39m [2m:[0;39m BeanFactory id=7295e026-3a9e-38f4-bc03-c4dff8f02848
[2m2019-11-15 10:22:30.823[0;39m [32m INFO [service-feign-web,,,][0;39m [35m67944[0;39m [2m---[0;39m [2m[           main][0;39m [36mf.a.AutowiredAnnotationBeanPostProcessor[0;39m [2m:[0;39m JSR-330 'javax.inject.Inject' annotation found and supported for autowiring
[2m2019-11-15 10:22:31.419[0;39m [32m INFO [service-feign-web,,,][0;39m [35m67944[0;39m [2m---[0;39m [2m[           main][0;39m [36mtrationDelegate$BeanPostProcessorChecker[0;39m [2m:[0;39m Bean 'org.springframework.cloud.autoconfigure.ConfigurationPropertiesRebinderAutoConfiguration' of type [org.springframework.cloud.autoconfigure.ConfigurationPropertiesRebinderAutoConfiguration$$EnhancerBySpringCGLIB$$56a6f127] is not eligible for getting processed by all BeanPostProcessors (for example: not eligible for auto-proxying)
[2m2019-11-15 10:22:31.449[0;39m [32m INFO [service-feign-web,,,][0;39m [35m67944[0;39m [2m---[0;39m [2m[           main][0;39m [36mtrationDelegate$BeanPostProcessorChecker[0;39m [2m:[0;39m Bean 'org.springframework.cloud.sleuth.instrument.web.client.TraceWebClientAutoConfiguration$TraceOAuthConfiguration' of type [org.springframework.cloud.sleuth.instrument.web.client.TraceWebClientAutoConfiguration$TraceOAuthConfiguration$$EnhancerBySpringCGLIB$$7f898089] is not eligible for getting processed by all BeanPostProcessors (for example: not eligible for auto-proxying)
[2m2019-11-15 10:22:32.210[0;39m [32m INFO [service-feign-web,,,][0;39m [35m67944[0;39m [2m---[0;39m [2m[           main][0;39m [36mo.s.b.w.embedded.tomcat.TomcatWebServer [0;39m [2m:[0;39m Tomcat initialized with port(s): 8001 (http)
[2m2019-11-15 10:22:32.251[0;39m [32m INFO [service-feign-web,,,][0;39m [35m67944[0;39m [2m---[0;39m [2m[           main][0;39m [36mo.apache.catalina.core.StandardService  [0;39m [2m:[0;39m Starting service [Tomcat]
[2m2019-11-15 10:22:32.252[0;39m [32m INFO [service-feign-web,,,][0;39m [35m67944[0;39m [2m---[0;39m [2m[           main][0;39m [36morg.apache.catalina.core.StandardEngine [0;39m [2m:[0;39m Starting Servlet Engine: Apache Tomcat/8.5.39
[2m2019-11-15 10:22:32.257[0;39m [32m INFO [service-feign-web,,,][0;39m [35m67944[0;39m [2m---[0;39m [2m[ost-startStop-1][0;39m [36mo.a.catalina.core.AprLifecycleListener  [0;39m [2m:[0;39m The APR based Apache Tomcat Native library which allows optimal performance in production environments was not found on the java.library.path: [C:\Program Files (x86)\Java\jdk1.8.0_191\bin;C:\WINDOWS\Sun\Java\bin;C:\WINDOWS\system32;C:\WINDOWS;C:\Program Files\JetBrains\IntelliJ IDEA 2019.2\jbr\\bin;C:\Program Files\JetBrains\IntelliJ IDEA 2019.2\jbr\\bin\server;C:\Program Files (x86)\Common Files\Oracle\Java\javapath;C:\WINDOWS\system32;C:\WINDOWS;C:\WINDOWS\System32\Wbem;C:\WINDOWS\System32\WindowsPowerShell\v1.0\;"C:\Program Files (x86)\Java\jdk1.8.0_191\bin;C:\Program Files (x86)\Java\jdk1.8.0_191\jre\bin;";C:\Program Files\TortoiseSVN\bin;C:\Program Files\mysql-8.0.16-winx64\bin;D:\Maven\apache-maven-3.6.0\bin;C:\WINDOWS\System32\OpenSSH\;C:\Users\v_jumingzhu\AppData\Local\Microsoft\WindowsApps;;%USERPROFILE%\AppData\Local\Microsoft\WindowsApps;.]
[2m2019-11-15 10:22:32.466[0;39m [32m INFO [service-feign-web,,,][0;39m [35m67944[0;39m [2m---[0;39m [2m[ost-startStop-1][0;39m [36mo.a.c.c.C.[.[localhost].[/webtest/api]  [0;39m [2m:[0;39m Initializing Spring embedded WebApplicationContext
[2m2019-11-15 10:22:32.466[0;39m [32m INFO [service-feign-web,,,][0;39m [35m67944[0;39m [2m---[0;39m [2m[ost-startStop-1][0;39m [36mo.s.web.context.ContextLoader           [0;39m [2m:[0;39m Root WebApplicationContext: initialization completed in 3451 ms
[2m2019-11-15 10:22:32.491[0;39m [33m WARN [service-feign-web,,,][0;39m [35m67944[0;39m [2m---[0;39m [2m[ost-startStop-1][0;39m [36mc.n.c.sources.URLConfigurationSource    [0;39m [2m:[0;39m No URLs will be polled as dynamic configuration sources.
[2m2019-11-15 10:22:32.492[0;39m [32m INFO [service-feign-web,,,][0;39m [35m67944[0;39m [2m---[0;39m [2m[ost-startStop-1][0;39m [36mc.n.c.sources.URLConfigurationSource    [0;39m [2m:[0;39m To enable URLs as dynamic configuration sources, define System property archaius.configurationSource.additionalUrls or make config.properties available on classpath.
[2m2019-11-15 10:22:32.497[0;39m [32m INFO [service-feign-web,,,][0;39m [35m67944[0;39m [2m---[0;39m [2m[ost-startStop-1][0;39m [36mc.netflix.config.DynamicPropertyFactory [0;39m [2m:[0;39m DynamicPropertyFactory is initialized with configuration sources: com.netflix.config.ConcurrentCompositeConfiguration@4eecce
[2m2019-11-15 10:22:35.556[0;39m [32m INFO [service-feign-web,,,][0;39m [35m67944[0;39m [2m---[0;39m [2m[ost-startStop-1][0;39m [36mo.s.b.w.servlet.FilterRegistrationBean  [0;39m [2m:[0;39m Mapping filter: 'characterEncodingFilter' to: [/*]
[2m2019-11-15 10:22:35.556[0;39m [32m INFO [service-feign-web,,,][0;39m [35m67944[0;39m [2m---[0;39m [2m[ost-startStop-1][0;39m [36mo.s.b.w.servlet.FilterRegistrationBean  [0;39m [2m:[0;39m Mapping filter: 'webMvcMetricsFilter' to: [/*]
[2m2019-11-15 10:22:35.557[0;39m [32m INFO [service-feign-web,,,][0;39m [35m67944[0;39m [2m---[0;39m [2m[ost-startStop-1][0;39m [36mo.s.b.w.servlet.FilterRegistrationBean  [0;39m [2m:[0;39m Mapping filter: 'tracingFilter' to: [/*]
[2m2019-11-15 10:22:35.557[0;39m [32m INFO [service-feign-web,,,][0;39m [35m67944[0;39m [2m---[0;39m [2m[ost-startStop-1][0;39m [36mo.s.b.w.servlet.FilterRegistrationBean  [0;39m [2m:[0;39m Mapping filter: 'exceptionLoggingFilter' to: [/*]
[2m2019-11-15 10:22:35.557[0;39m [32m INFO [service-feign-web,,,][0;39m [35m67944[0;39m [2m---[0;39m [2m[ost-startStop-1][0;39m [36mo.s.b.w.servlet.FilterRegistrationBean  [0;39m [2m:[0;39m Mapping filter: 'hiddenHttpMethodFilter' to: [/*]
[2m2019-11-15 10:22:35.557[0;39m [32m INFO [service-feign-web,,,][0;39m [35m67944[0;39m [2m---[0;39m [2m[ost-startStop-1][0;39m [36mo.s.b.w.servlet.FilterRegistrationBean  [0;39m [2m:[0;39m Mapping filter: 'httpPutFormContentFilter' to: [/*]
[2m2019-11-15 10:22:35.557[0;39m [32m INFO [service-feign-web,,,][0;39m [35m67944[0;39m [2m---[0;39m [2m[ost-startStop-1][0;39m [36mo.s.b.w.servlet.FilterRegistrationBean  [0;39m [2m:[0;39m Mapping filter: 'requestContextFilter' to: [/*]
[2m2019-11-15 10:22:35.558[0;39m [32m INFO [service-feign-web,,,][0;39m [35m67944[0;39m [2m---[0;39m [2m[ost-startStop-1][0;39m [36m.s.DelegatingFilterProxyRegistrationBean[0;39m [2m:[0;39m Mapping filter: 'springSecurityFilterChain' to: [/*]
[2m2019-11-15 10:22:35.558[0;39m [32m INFO [service-feign-web,,,][0;39m [35m67944[0;39m [2m---[0;39m [2m[ost-startStop-1][0;39m [36mo.s.b.w.servlet.FilterRegistrationBean  [0;39m [2m:[0;39m Mapping filter: 'httpTraceFilter' to: [/*]
[2m2019-11-15 10:22:35.559[0;39m [32m INFO [service-feign-web,,,][0;39m [35m67944[0;39m [2m---[0;39m [2m[ost-startStop-1][0;39m [36mo.s.b.w.servlet.ServletRegistrationBean [0;39m [2m:[0;39m Servlet HystrixMetricsStreamServlet mapped to [/hystrix.stream]
[2m2019-11-15 10:22:35.562[0;39m [32m INFO [service-feign-web,,,][0;39m [35m67944[0;39m [2m---[0;39m [2m[ost-startStop-1][0;39m [36mo.s.b.w.servlet.ServletRegistrationBean [0;39m [2m:[0;39m Servlet proxyStreamServlet mapped to [/proxy.stream]
[2m2019-11-15 10:22:35.562[0;39m [32m INFO [service-feign-web,,,][0;39m [35m67944[0;39m [2m---[0;39m [2m[ost-startStop-1][0;39m [36mo.s.b.w.servlet.ServletRegistrationBean [0;39m [2m:[0;39m Servlet dispatcherServlet mapped to [/]
[2m2019-11-15 10:22:35.563[0;39m [32m INFO [service-feign-web,,,][0;39m [35m67944[0;39m [2m---[0;39m [2m[ost-startStop-1][0;39m [36mo.s.b.a.e.web.ServletEndpointRegistrar  [0;39m [2m:[0;39m Registered '/actuator/hystrix.stream' to hystrix.stream-actuator-endpoint
[2m2019-11-15 10:22:35.645[0;39m [33m WARN [service-feign-web,,,][0;39m [35m67944[0;39m [2m---[0;39m [2m[           main][0;39m [36mConfigServletWebServerApplicationContext[0;39m [2m:[0;39m Exception encountered during context initialization - cancelling refresh attempt: org.springframework.beans.factory.BeanCreationException: Error creating bean with name 'authController': Injection of resource dependencies failed; nested exception is org.springframework.beans.factory.NoSuchBeanDefinitionException: No qualifying bean of type 'com.zhujuming.vip.contract.consumer.auth.AuthConsumer' available: expected at least 1 bean which qualifies as autowire candidate. Dependency annotations: {@javax.annotation.Resource(shareable=true, lookup=, name=, description=, authenticationType=CONTAINER, type=class java.lang.Object, mappedName=)}
[2m2019-11-15 10:22:35.647[0;39m [33m WARN [service-feign-web,,,][0;39m [35m67944[0;39m [2m---[0;39m [2m[           main][0;39m [36mo.s.b.f.support.DisposableBeanAdapter   [0;39m [2m:[0;39m Destroy method 'close' on bean with name 'eurekaRegistration' threw an exception: org.springframework.beans.factory.BeanCreationNotAllowedException: Error creating bean with name 'org.springframework.cloud.netflix.eureka.EurekaClientAutoConfiguration$RefreshableEurekaClientConfiguration': Singleton bean creation not allowed while singletons of this factory are in destruction (Do not request a bean from a BeanFactory in a destroy method implementation!)
[2m2019-11-15 10:22:36.501[0;39m [32m INFO [service-feign-web,,,][0;39m [35m67944[0;39m [2m---[0;39m [2m[eSender@1babdf}][0;39m [36ms.c.a.AnnotationConfigApplicationContext[0;39m [2m:[0;39m Refreshing SpringClientFactory-localhost: startup date [Fri Nov 15 10:22:36 CST 2019]; parent: org.springframework.boot.web.servlet.context.AnnotationConfigServletWebServerApplicationContext@125d1d3
[2m2019-11-15 10:22:36.580[0;39m [32m INFO [service-feign-web,,,][0;39m [35m67944[0;39m [2m---[0;39m [2m[eSender@1babdf}][0;39m [36mf.a.AutowiredAnnotationBeanPostProcessor[0;39m [2m:[0;39m JSR-330 'javax.inject.Inject' annotation found and supported for autowiring
[2m2019-11-15 10:22:36.595[0;39m [33m WARN [service-feign-web,,,][0;39m [35m67944[0;39m [2m---[0;39m [2m[eSender@1babdf}][0;39m [36ms.c.a.AnnotationConfigApplicationContext[0;39m [2m:[0;39m Exception encountered during context initialization - cancelling refresh attempt: org.springframework.beans.factory.UnsatisfiedDependencyException: Error creating bean with name 'eurekaRibbonClientConfiguration': Unsatisfied dependency expressed through field 'eurekaConfig'; nested exception is org.springframework.beans.factory.BeanCreationNotAllowedException: Error creating bean with name 'eurekaInstanceConfigBean': Singleton bean creation not allowed while singletons of this factory are in destruction (Do not request a bean from a BeanFactory in a destroy method implementation!)
[2m2019-11-15 10:22:36.596[0;39m [32m INFO [service-feign-web,,,][0;39m [35m67944[0;39m [2m---[0;39m [2m[           main][0;39m [36mo.apache.catalina.core.StandardService  [0;39m [2m:[0;39m Stopping service [Tomcat]
[2m2019-11-15 10:22:36.602[0;39m [33m WARN [service-feign-web,,,][0;39m [35m67944[0;39m [2m---[0;39m [2m[ost-startStop-1][0;39m [36mo.a.c.loader.WebappClassLoaderBase      [0;39m [2m:[0;39m The web application [webtest#api] appears to have started a thread named [RxIoScheduler-1 (Evictor)] but has failed to stop it. This is very likely to create a memory leak. Stack trace of thread:
 sun.misc.Unsafe.park(Native Method)
 java.util.concurrent.locks.LockSupport.parkNanos(LockSupport.java:215)
 java.util.concurrent.locks.AbstractQueuedSynchronizer$ConditionObject.awaitNanos(AbstractQueuedSynchronizer.java:2078)
 java.util.concurrent.ScheduledThreadPoolExecutor$DelayedWorkQueue.take(ScheduledThreadPoolExecutor.java:1093)
 java.util.concurrent.ScheduledThreadPoolExecutor$DelayedWorkQueue.take(ScheduledThreadPoolExecutor.java:809)
 java.util.concurrent.ThreadPoolExecutor.getTask(ThreadPoolExecutor.java:1074)
 java.util.concurrent.ThreadPoolExecutor.runWorker(ThreadPoolExecutor.java:1134)
 java.util.concurrent.ThreadPoolExecutor$Worker.run(ThreadPoolExecutor.java:624)
 java.lang.Thread.run(Thread.java:748)
[2m2019-11-15 10:22:36.617[0;39m [32m INFO [service-feign-web,,,][0;39m [35m67944[0;39m [2m---[0;39m [2m[           main][0;39m [36mConditionEvaluationReportLoggingListener[0;39m [2m:[0;39m 

Error starting ApplicationContext. To display the conditions report re-run your application with 'debug' enabled.
[2m2019-11-15 10:22:36.929[0;39m [31mERROR [service-feign-web,,,][0;39m [35m67944[0;39m [2m---[0;39m [2m[           main][0;39m [36mo.s.b.d.LoggingFailureAnalysisReporter  [0;39m [2m:[0;39m 

***************************
APPLICATION FAILED TO START
***************************

Description:

A component required a bean of type 'com.zhujuming.vip.contract.consumer.auth.AuthConsumer' that could not be found.


Action:

Consider defining a bean of type 'com.zhujuming.vip.contract.consumer.auth.AuthConsumer' in your configuration.

[2m2019-11-15 10:27:52.151[0;39m [32m INFO [service-feign-web,,,][0;39m [35m86092[0;39m [2m---[0;39m [2m[           main][0;39m [36mc.z.vip.webtest.Webtestapplication      [0;39m [2m:[0;39m The following profiles are active: dev
[2m2019-11-15 10:27:52.185[0;39m [32m INFO [service-feign-web,,,][0;39m [35m86092[0;39m [2m---[0;39m [2m[           main][0;39m [36mConfigServletWebServerApplicationContext[0;39m [2m:[0;39m Refreshing org.springframework.boot.web.servlet.context.AnnotationConfigServletWebServerApplicationContext@1ea2d70: startup date [Fri Nov 15 10:27:52 CST 2019]; parent: org.springframework.context.annotation.AnnotationConfigApplicationContext@1d0e481
[2m2019-11-15 10:27:54.021[0;39m [32m INFO [service-feign-web,,,][0;39m [35m86092[0;39m [2m---[0;39m [2m[           main][0;39m [36mo.s.cloud.context.scope.GenericScope    [0;39m [2m:[0;39m BeanFactory id=7295e026-3a9e-38f4-bc03-c4dff8f02848
[2m2019-11-15 10:27:54.071[0;39m [32m INFO [service-feign-web,,,][0;39m [35m86092[0;39m [2m---[0;39m [2m[           main][0;39m [36mf.a.AutowiredAnnotationBeanPostProcessor[0;39m [2m:[0;39m JSR-330 'javax.inject.Inject' annotation found and supported for autowiring
[2m2019-11-15 10:27:54.651[0;39m [32m INFO [service-feign-web,,,][0;39m [35m86092[0;39m [2m---[0;39m [2m[           main][0;39m [36mtrationDelegate$BeanPostProcessorChecker[0;39m [2m:[0;39m Bean 'org.springframework.cloud.autoconfigure.ConfigurationPropertiesRebinderAutoConfiguration' of type [org.springframework.cloud.autoconfigure.ConfigurationPropertiesRebinderAutoConfiguration$$EnhancerBySpringCGLIB$$b5e0df12] is not eligible for getting processed by all BeanPostProcessors (for example: not eligible for auto-proxying)
[2m2019-11-15 10:27:54.681[0;39m [32m INFO [service-feign-web,,,][0;39m [35m86092[0;39m [2m---[0;39m [2m[           main][0;39m [36mtrationDelegate$BeanPostProcessorChecker[0;39m [2m:[0;39m Bean 'org.springframework.cloud.sleuth.instrument.web.client.TraceWebClientAutoConfiguration$TraceOAuthConfiguration' of type [org.springframework.cloud.sleuth.instrument.web.client.TraceWebClientAutoConfiguration$TraceOAuthConfiguration$$EnhancerBySpringCGLIB$$dec36e74] is not eligible for getting processed by all BeanPostProcessors (for example: not eligible for auto-proxying)
[2m2019-11-15 10:27:55.438[0;39m [32m INFO [service-feign-web,,,][0;39m [35m86092[0;39m [2m---[0;39m [2m[           main][0;39m [36mo.s.b.w.embedded.tomcat.TomcatWebServer [0;39m [2m:[0;39m Tomcat initialized with port(s): 8001 (http)
[2m2019-11-15 10:27:55.484[0;39m [32m INFO [service-feign-web,,,][0;39m [35m86092[0;39m [2m---[0;39m [2m[           main][0;39m [36mo.apache.catalina.core.StandardService  [0;39m [2m:[0;39m Starting service [Tomcat]
[2m2019-11-15 10:27:55.484[0;39m [32m INFO [service-feign-web,,,][0;39m [35m86092[0;39m [2m---[0;39m [2m[           main][0;39m [36morg.apache.catalina.core.StandardEngine [0;39m [2m:[0;39m Starting Servlet Engine: Apache Tomcat/8.5.39
[2m2019-11-15 10:27:55.490[0;39m [32m INFO [service-feign-web,,,][0;39m [35m86092[0;39m [2m---[0;39m [2m[ost-startStop-1][0;39m [36mo.a.catalina.core.AprLifecycleListener  [0;39m [2m:[0;39m The APR based Apache Tomcat Native library which allows optimal performance in production environments was not found on the java.library.path: [C:\Program Files (x86)\Java\jdk1.8.0_191\bin;C:\WINDOWS\Sun\Java\bin;C:\WINDOWS\system32;C:\WINDOWS;C:\Program Files\JetBrains\IntelliJ IDEA 2019.2\jbr\\bin;C:\Program Files\JetBrains\IntelliJ IDEA 2019.2\jbr\\bin\server;C:\Program Files (x86)\Common Files\Oracle\Java\javapath;C:\WINDOWS\system32;C:\WINDOWS;C:\WINDOWS\System32\Wbem;C:\WINDOWS\System32\WindowsPowerShell\v1.0\;"C:\Program Files (x86)\Java\jdk1.8.0_191\bin;C:\Program Files (x86)\Java\jdk1.8.0_191\jre\bin;";C:\Program Files\TortoiseSVN\bin;C:\Program Files\mysql-8.0.16-winx64\bin;D:\Maven\apache-maven-3.6.0\bin;C:\WINDOWS\System32\OpenSSH\;C:\Users\v_jumingzhu\AppData\Local\Microsoft\WindowsApps;;%USERPROFILE%\AppData\Local\Microsoft\WindowsApps;.]
[2m2019-11-15 10:27:55.700[0;39m [32m INFO [service-feign-web,,,][0;39m [35m86092[0;39m [2m---[0;39m [2m[ost-startStop-1][0;39m [36mo.a.c.c.C.[.[localhost].[/webtest/api]  [0;39m [2m:[0;39m Initializing Spring embedded WebApplicationContext
[2m2019-11-15 10:27:55.701[0;39m [32m INFO [service-feign-web,,,][0;39m [35m86092[0;39m [2m---[0;39m [2m[ost-startStop-1][0;39m [36mo.s.web.context.ContextLoader           [0;39m [2m:[0;39m Root WebApplicationContext: initialization completed in 3516 ms
[2m2019-11-15 10:27:55.727[0;39m [33m WARN [service-feign-web,,,][0;39m [35m86092[0;39m [2m---[0;39m [2m[ost-startStop-1][0;39m [36mc.n.c.sources.URLConfigurationSource    [0;39m [2m:[0;39m No URLs will be polled as dynamic configuration sources.
[2m2019-11-15 10:27:55.727[0;39m [32m INFO [service-feign-web,,,][0;39m [35m86092[0;39m [2m---[0;39m [2m[ost-startStop-1][0;39m [36mc.n.c.sources.URLConfigurationSource    [0;39m [2m:[0;39m To enable URLs as dynamic configuration sources, define System property archaius.configurationSource.additionalUrls or make config.properties available on classpath.
[2m2019-11-15 10:27:55.733[0;39m [32m INFO [service-feign-web,,,][0;39m [35m86092[0;39m [2m---[0;39m [2m[ost-startStop-1][0;39m [36mc.netflix.config.DynamicPropertyFactory [0;39m [2m:[0;39m DynamicPropertyFactory is initialized with configuration sources: com.netflix.config.ConcurrentCompositeConfiguration@47815a
[2m2019-11-15 10:27:58.726[0;39m [32m INFO [service-feign-web,,,][0;39m [35m86092[0;39m [2m---[0;39m [2m[ost-startStop-1][0;39m [36mo.s.b.w.servlet.FilterRegistrationBean  [0;39m [2m:[0;39m Mapping filter: 'characterEncodingFilter' to: [/*]
[2m2019-11-15 10:27:58.726[0;39m [32m INFO [service-feign-web,,,][0;39m [35m86092[0;39m [2m---[0;39m [2m[ost-startStop-1][0;39m [36mo.s.b.w.servlet.FilterRegistrationBean  [0;39m [2m:[0;39m Mapping filter: 'webMvcMetricsFilter' to: [/*]
[2m2019-11-15 10:27:58.727[0;39m [32m INFO [service-feign-web,,,][0;39m [35m86092[0;39m [2m---[0;39m [2m[ost-startStop-1][0;39m [36mo.s.b.w.servlet.FilterRegistrationBean  [0;39m [2m:[0;39m Mapping filter: 'tracingFilter' to: [/*]
[2m2019-11-15 10:27:58.727[0;39m [32m INFO [service-feign-web,,,][0;39m [35m86092[0;39m [2m---[0;39m [2m[ost-startStop-1][0;39m [36mo.s.b.w.servlet.FilterRegistrationBean  [0;39m [2m:[0;39m Mapping filter: 'exceptionLoggingFilter' to: [/*]
[2m2019-11-15 10:27:58.727[0;39m [32m INFO [service-feign-web,,,][0;39m [35m86092[0;39m [2m---[0;39m [2m[ost-startStop-1][0;39m [36mo.s.b.w.servlet.FilterRegistrationBean  [0;39m [2m:[0;39m Mapping filter: 'hiddenHttpMethodFilter' to: [/*]
[2m2019-11-15 10:27:58.727[0;39m [32m INFO [service-feign-web,,,][0;39m [35m86092[0;39m [2m---[0;39m [2m[ost-startStop-1][0;39m [36mo.s.b.w.servlet.FilterRegistrationBean  [0;39m [2m:[0;39m Mapping filter: 'httpPutFormContentFilter' to: [/*]
[2m2019-11-15 10:27:58.727[0;39m [32m INFO [service-feign-web,,,][0;39m [35m86092[0;39m [2m---[0;39m [2m[ost-startStop-1][0;39m [36mo.s.b.w.servlet.FilterRegistrationBean  [0;39m [2m:[0;39m Mapping filter: 'requestContextFilter' to: [/*]
[2m2019-11-15 10:27:58.728[0;39m [32m INFO [service-feign-web,,,][0;39m [35m86092[0;39m [2m---[0;39m [2m[ost-startStop-1][0;39m [36m.s.DelegatingFilterProxyRegistrationBean[0;39m [2m:[0;39m Mapping filter: 'springSecurityFilterChain' to: [/*]
[2m2019-11-15 10:27:58.728[0;39m [32m INFO [service-feign-web,,,][0;39m [35m86092[0;39m [2m---[0;39m [2m[ost-startStop-1][0;39m [36mo.s.b.w.servlet.FilterRegistrationBean  [0;39m [2m:[0;39m Mapping filter: 'httpTraceFilter' to: [/*]
[2m2019-11-15 10:27:58.728[0;39m [32m INFO [service-feign-web,,,][0;39m [35m86092[0;39m [2m---[0;39m [2m[ost-startStop-1][0;39m [36mo.s.b.w.servlet.ServletRegistrationBean [0;39m [2m:[0;39m Servlet HystrixMetricsStreamServlet mapped to [/hystrix.stream]
[2m2019-11-15 10:27:58.732[0;39m [32m INFO [service-feign-web,,,][0;39m [35m86092[0;39m [2m---[0;39m [2m[ost-startStop-1][0;39m [36mo.s.b.w.servlet.ServletRegistrationBean [0;39m [2m:[0;39m Servlet proxyStreamServlet mapped to [/proxy.stream]
[2m2019-11-15 10:27:58.732[0;39m [32m INFO [service-feign-web,,,][0;39m [35m86092[0;39m [2m---[0;39m [2m[ost-startStop-1][0;39m [36mo.s.b.w.servlet.ServletRegistrationBean [0;39m [2m:[0;39m Servlet dispatcherServlet mapped to [/]
[2m2019-11-15 10:27:58.734[0;39m [32m INFO [service-feign-web,,,][0;39m [35m86092[0;39m [2m---[0;39m [2m[ost-startStop-1][0;39m [36mo.s.b.a.e.web.ServletEndpointRegistrar  [0;39m [2m:[0;39m Registered '/actuator/hystrix.stream' to hystrix.stream-actuator-endpoint
[2m2019-11-15 10:27:58.835[0;39m [33m WARN [service-feign-web,,,][0;39m [35m86092[0;39m [2m---[0;39m [2m[           main][0;39m [36mConfigServletWebServerApplicationContext[0;39m [2m:[0;39m Exception encountered during context initialization - cancelling refresh attempt: org.springframework.beans.factory.BeanCreationException: Error creating bean with name 'authController': Injection of resource dependencies failed; nested exception is org.springframework.beans.factory.NoSuchBeanDefinitionException: No qualifying bean of type 'com.zhujuming.vip.contract.consumer.auth.AuthConsumer' available: expected at least 1 bean which qualifies as autowire candidate. Dependency annotations: {@javax.annotation.Resource(shareable=true, lookup=, name=, description=, authenticationType=CONTAINER, type=class java.lang.Object, mappedName=)}
[2m2019-11-15 10:27:58.838[0;39m [33m WARN [service-feign-web,,,][0;39m [35m86092[0;39m [2m---[0;39m [2m[           main][0;39m [36mo.s.b.f.support.DisposableBeanAdapter   [0;39m [2m:[0;39m Destroy method 'close' on bean with name 'eurekaRegistration' threw an exception: org.springframework.beans.factory.BeanCreationNotAllowedException: Error creating bean with name 'org.springframework.cloud.netflix.eureka.EurekaClientAutoConfiguration$RefreshableEurekaClientConfiguration': Singleton bean creation not allowed while singletons of this factory are in destruction (Do not request a bean from a BeanFactory in a destroy method implementation!)
[2m2019-11-15 10:27:59.712[0;39m [32m INFO [service-feign-web,,,][0;39m [35m86092[0;39m [2m---[0;39m [2m[eSender@715cfb}][0;39m [36ms.c.a.AnnotationConfigApplicationContext[0;39m [2m:[0;39m Refreshing SpringClientFactory-localhost: startup date [Fri Nov 15 10:27:59 CST 2019]; parent: org.springframework.boot.web.servlet.context.AnnotationConfigServletWebServerApplicationContext@1ea2d70
[2m2019-11-15 10:27:59.797[0;39m [32m INFO [service-feign-web,,,][0;39m [35m86092[0;39m [2m---[0;39m [2m[eSender@715cfb}][0;39m [36mf.a.AutowiredAnnotationBeanPostProcessor[0;39m [2m:[0;39m JSR-330 'javax.inject.Inject' annotation found and supported for autowiring
[2m2019-11-15 10:27:59.814[0;39m [33m WARN [service-feign-web,,,][0;39m [35m86092[0;39m [2m---[0;39m [2m[eSender@715cfb}][0;39m [36ms.c.a.AnnotationConfigApplicationContext[0;39m [2m:[0;39m Exception encountered during context initialization - cancelling refresh attempt: org.springframework.beans.factory.UnsatisfiedDependencyException: Error creating bean with name 'eurekaRibbonClientConfiguration': Unsatisfied dependency expressed through field 'eurekaConfig'; nested exception is org.springframework.beans.factory.BeanCreationNotAllowedException: Error creating bean with name 'eurekaInstanceConfigBean': Singleton bean creation not allowed while singletons of this factory are in destruction (Do not request a bean from a BeanFactory in a destroy method implementation!)
[2m2019-11-15 10:27:59.816[0;39m [32m INFO [service-feign-web,,,][0;39m [35m86092[0;39m [2m---[0;39m [2m[           main][0;39m [36mo.apache.catalina.core.StandardService  [0;39m [2m:[0;39m Stopping service [Tomcat]
[2m2019-11-15 10:27:59.822[0;39m [33m WARN [service-feign-web,,,][0;39m [35m86092[0;39m [2m---[0;39m [2m[ost-startStop-1][0;39m [36mo.a.c.loader.WebappClassLoaderBase      [0;39m [2m:[0;39m The web application [webtest#api] appears to have started a thread named [RxIoScheduler-1 (Evictor)] but has failed to stop it. This is very likely to create a memory leak. Stack trace of thread:
 sun.misc.Unsafe.park(Native Method)
 java.util.concurrent.locks.LockSupport.parkNanos(LockSupport.java:215)
 java.util.concurrent.locks.AbstractQueuedSynchronizer$ConditionObject.awaitNanos(AbstractQueuedSynchronizer.java:2078)
 java.util.concurrent.ScheduledThreadPoolExecutor$DelayedWorkQueue.take(ScheduledThreadPoolExecutor.java:1093)
 java.util.concurrent.ScheduledThreadPoolExecutor$DelayedWorkQueue.take(ScheduledThreadPoolExecutor.java:809)
 java.util.concurrent.ThreadPoolExecutor.getTask(ThreadPoolExecutor.java:1074)
 java.util.concurrent.ThreadPoolExecutor.runWorker(ThreadPoolExecutor.java:1134)
 java.util.concurrent.ThreadPoolExecutor$Worker.run(ThreadPoolExecutor.java:624)
 java.lang.Thread.run(Thread.java:748)
[2m2019-11-15 10:27:59.836[0;39m [32m INFO [service-feign-web,,,][0;39m [35m86092[0;39m [2m---[0;39m [2m[           main][0;39m [36mConditionEvaluationReportLoggingListener[0;39m [2m:[0;39m 

Error starting ApplicationContext. To display the conditions report re-run your application with 'debug' enabled.
[2m2019-11-15 10:28:00.162[0;39m [31mERROR [service-feign-web,,,][0;39m [35m86092[0;39m [2m---[0;39m [2m[           main][0;39m [36mo.s.b.d.LoggingFailureAnalysisReporter  [0;39m [2m:[0;39m 

***************************
APPLICATION FAILED TO START
***************************

Description:

A component required a bean of type 'com.zhujuming.vip.contract.consumer.auth.AuthConsumer' that could not be found.


Action:

Consider defining a bean of type 'com.zhujuming.vip.contract.consumer.auth.AuthConsumer' in your configuration.

[2m2019-11-15 10:29:58.394[0;39m [32m INFO [service-feign-web,,,][0;39m [35m82992[0;39m [2m---[0;39m [2m[           main][0;39m [36mc.z.vip.webtest.Webtestapplication      [0;39m [2m:[0;39m The following profiles are active: dev
[2m2019-11-15 10:29:58.426[0;39m [32m INFO [service-feign-web,,,][0;39m [35m82992[0;39m [2m---[0;39m [2m[           main][0;39m [36mConfigServletWebServerApplicationContext[0;39m [2m:[0;39m Refreshing org.springframework.boot.web.servlet.context.AnnotationConfigServletWebServerApplicationContext@cf5a97: startup date [Fri Nov 15 10:29:58 CST 2019]; parent: org.springframework.context.annotation.AnnotationConfigApplicationContext@6ac49b
[2m2019-11-15 10:30:00.223[0;39m [32m INFO [service-feign-web,,,][0;39m [35m82992[0;39m [2m---[0;39m [2m[           main][0;39m [36mo.s.cloud.context.scope.GenericScope    [0;39m [2m:[0;39m BeanFactory id=f6925e2d-089c-30d6-951c-78e112201135
[2m2019-11-15 10:30:00.262[0;39m [32m INFO [service-feign-web,,,][0;39m [35m82992[0;39m [2m---[0;39m [2m[           main][0;39m [36mf.a.AutowiredAnnotationBeanPostProcessor[0;39m [2m:[0;39m JSR-330 'javax.inject.Inject' annotation found and supported for autowiring
[2m2019-11-15 10:30:00.818[0;39m [32m INFO [service-feign-web,,,][0;39m [35m82992[0;39m [2m---[0;39m [2m[           main][0;39m [36mtrationDelegate$BeanPostProcessorChecker[0;39m [2m:[0;39m Bean 'org.springframework.cloud.autoconfigure.ConfigurationPropertiesRebinderAutoConfiguration' of type [org.springframework.cloud.autoconfigure.ConfigurationPropertiesRebinderAutoConfiguration$$EnhancerBySpringCGLIB$$b0c69193] is not eligible for getting processed by all BeanPostProcessors (for example: not eligible for auto-proxying)
[2m2019-11-15 10:30:00.849[0;39m [32m INFO [service-feign-web,,,][0;39m [35m82992[0;39m [2m---[0;39m [2m[           main][0;39m [36mtrationDelegate$BeanPostProcessorChecker[0;39m [2m:[0;39m Bean 'org.springframework.cloud.sleuth.instrument.web.client.TraceWebClientAutoConfiguration$TraceOAuthConfiguration' of type [org.springframework.cloud.sleuth.instrument.web.client.TraceWebClientAutoConfiguration$TraceOAuthConfiguration$$EnhancerBySpringCGLIB$$d9a920f5] is not eligible for getting processed by all BeanPostProcessors (for example: not eligible for auto-proxying)
[2m2019-11-15 10:30:01.697[0;39m [32m INFO [service-feign-web,,,][0;39m [35m82992[0;39m [2m---[0;39m [2m[           main][0;39m [36mo.s.b.w.embedded.tomcat.TomcatWebServer [0;39m [2m:[0;39m Tomcat initialized with port(s): 8001 (http)
[2m2019-11-15 10:30:01.738[0;39m [32m INFO [service-feign-web,,,][0;39m [35m82992[0;39m [2m---[0;39m [2m[           main][0;39m [36mo.apache.catalina.core.StandardService  [0;39m [2m:[0;39m Starting service [Tomcat]
[2m2019-11-15 10:30:01.738[0;39m [32m INFO [service-feign-web,,,][0;39m [35m82992[0;39m [2m---[0;39m [2m[           main][0;39m [36morg.apache.catalina.core.StandardEngine [0;39m [2m:[0;39m Starting Servlet Engine: Apache Tomcat/8.5.39
[2m2019-11-15 10:30:01.745[0;39m [32m INFO [service-feign-web,,,][0;39m [35m82992[0;39m [2m---[0;39m [2m[ost-startStop-1][0;39m [36mo.a.catalina.core.AprLifecycleListener  [0;39m [2m:[0;39m The APR based Apache Tomcat Native library which allows optimal performance in production environments was not found on the java.library.path: [C:\Program Files (x86)\Java\jdk1.8.0_191\bin;C:\WINDOWS\Sun\Java\bin;C:\WINDOWS\system32;C:\WINDOWS;C:\Program Files\JetBrains\IntelliJ IDEA 2019.2\jbr\\bin;C:\Program Files\JetBrains\IntelliJ IDEA 2019.2\jbr\\bin\server;C:\Program Files (x86)\Common Files\Oracle\Java\javapath;C:\WINDOWS\system32;C:\WINDOWS;C:\WINDOWS\System32\Wbem;C:\WINDOWS\System32\WindowsPowerShell\v1.0\;"C:\Program Files (x86)\Java\jdk1.8.0_191\bin;C:\Program Files (x86)\Java\jdk1.8.0_191\jre\bin;";C:\Program Files\TortoiseSVN\bin;C:\Program Files\mysql-8.0.16-winx64\bin;D:\Maven\apache-maven-3.6.0\bin;C:\WINDOWS\System32\OpenSSH\;C:\Users\v_jumingzhu\AppData\Local\Microsoft\WindowsApps;;%USERPROFILE%\AppData\Local\Microsoft\WindowsApps;.]
[2m2019-11-15 10:30:01.979[0;39m [32m INFO [service-feign-web,,,][0;39m [35m82992[0;39m [2m---[0;39m [2m[ost-startStop-1][0;39m [36mo.a.c.c.C.[.[localhost].[/webtest/api]  [0;39m [2m:[0;39m Initializing Spring embedded WebApplicationContext
[2m2019-11-15 10:30:01.980[0;39m [32m INFO [service-feign-web,,,][0;39m [35m82992[0;39m [2m---[0;39m [2m[ost-startStop-1][0;39m [36mo.s.web.context.ContextLoader           [0;39m [2m:[0;39m Root WebApplicationContext: initialization completed in 3554 ms
[2m2019-11-15 10:30:02.004[0;39m [33m WARN [service-feign-web,,,][0;39m [35m82992[0;39m [2m---[0;39m [2m[ost-startStop-1][0;39m [36mc.n.c.sources.URLConfigurationSource    [0;39m [2m:[0;39m No URLs will be polled as dynamic configuration sources.
[2m2019-11-15 10:30:02.005[0;39m [32m INFO [service-feign-web,,,][0;39m [35m82992[0;39m [2m---[0;39m [2m[ost-startStop-1][0;39m [36mc.n.c.sources.URLConfigurationSource    [0;39m [2m:[0;39m To enable URLs as dynamic configuration sources, define System property archaius.configurationSource.additionalUrls or make config.properties available on classpath.
[2m2019-11-15 10:30:02.010[0;39m [32m INFO [service-feign-web,,,][0;39m [35m82992[0;39m [2m---[0;39m [2m[ost-startStop-1][0;39m [36mc.netflix.config.DynamicPropertyFactory [0;39m [2m:[0;39m DynamicPropertyFactory is initialized with configuration sources: com.netflix.config.ConcurrentCompositeConfiguration@13c9e59
[2m2019-11-15 10:30:05.072[0;39m [32m INFO [service-feign-web,,,][0;39m [35m82992[0;39m [2m---[0;39m [2m[ost-startStop-1][0;39m [36mo.s.b.w.servlet.FilterRegistrationBean  [0;39m [2m:[0;39m Mapping filter: 'characterEncodingFilter' to: [/*]
[2m2019-11-15 10:30:05.072[0;39m [32m INFO [service-feign-web,,,][0;39m [35m82992[0;39m [2m---[0;39m [2m[ost-startStop-1][0;39m [36mo.s.b.w.servlet.FilterRegistrationBean  [0;39m [2m:[0;39m Mapping filter: 'webMvcMetricsFilter' to: [/*]
[2m2019-11-15 10:30:05.072[0;39m [32m INFO [service-feign-web,,,][0;39m [35m82992[0;39m [2m---[0;39m [2m[ost-startStop-1][0;39m [36mo.s.b.w.servlet.FilterRegistrationBean  [0;39m [2m:[0;39m Mapping filter: 'tracingFilter' to: [/*]
[2m2019-11-15 10:30:05.072[0;39m [32m INFO [service-feign-web,,,][0;39m [35m82992[0;39m [2m---[0;39m [2m[ost-startStop-1][0;39m [36mo.s.b.w.servlet.FilterRegistrationBean  [0;39m [2m:[0;39m Mapping filter: 'exceptionLoggingFilter' to: [/*]
[2m2019-11-15 10:30:05.072[0;39m [32m INFO [service-feign-web,,,][0;39m [35m82992[0;39m [2m---[0;39m [2m[ost-startStop-1][0;39m [36mo.s.b.w.servlet.FilterRegistrationBean  [0;39m [2m:[0;39m Mapping filter: 'hiddenHttpMethodFilter' to: [/*]
[2m2019-11-15 10:30:05.073[0;39m [32m INFO [service-feign-web,,,][0;39m [35m82992[0;39m [2m---[0;39m [2m[ost-startStop-1][0;39m [36mo.s.b.w.servlet.FilterRegistrationBean  [0;39m [2m:[0;39m Mapping filter: 'httpPutFormContentFilter' to: [/*]
[2m2019-11-15 10:30:05.073[0;39m [32m INFO [service-feign-web,,,][0;39m [35m82992[0;39m [2m---[0;39m [2m[ost-startStop-1][0;39m [36mo.s.b.w.servlet.FilterRegistrationBean  [0;39m [2m:[0;39m Mapping filter: 'requestContextFilter' to: [/*]
[2m2019-11-15 10:30:05.074[0;39m [32m INFO [service-feign-web,,,][0;39m [35m82992[0;39m [2m---[0;39m [2m[ost-startStop-1][0;39m [36m.s.DelegatingFilterProxyRegistrationBean[0;39m [2m:[0;39m Mapping filter: 'springSecurityFilterChain' to: [/*]
[2m2019-11-15 10:30:05.074[0;39m [32m INFO [service-feign-web,,,][0;39m [35m82992[0;39m [2m---[0;39m [2m[ost-startStop-1][0;39m [36mo.s.b.w.servlet.FilterRegistrationBean  [0;39m [2m:[0;39m Mapping filter: 'httpTraceFilter' to: [/*]
[2m2019-11-15 10:30:05.074[0;39m [32m INFO [service-feign-web,,,][0;39m [35m82992[0;39m [2m---[0;39m [2m[ost-startStop-1][0;39m [36mo.s.b.w.servlet.ServletRegistrationBean [0;39m [2m:[0;39m Servlet HystrixMetricsStreamServlet mapped to [/hystrix.stream]
[2m2019-11-15 10:30:05.078[0;39m [32m INFO [service-feign-web,,,][0;39m [35m82992[0;39m [2m---[0;39m [2m[ost-startStop-1][0;39m [36mo.s.b.w.servlet.ServletRegistrationBean [0;39m [2m:[0;39m Servlet proxyStreamServlet mapped to [/proxy.stream]
[2m2019-11-15 10:30:05.079[0;39m [32m INFO [service-feign-web,,,][0;39m [35m82992[0;39m [2m---[0;39m [2m[ost-startStop-1][0;39m [36mo.s.b.w.servlet.ServletRegistrationBean [0;39m [2m:[0;39m Servlet dispatcherServlet mapped to [/]
[2m2019-11-15 10:30:05.080[0;39m [32m INFO [service-feign-web,,,][0;39m [35m82992[0;39m [2m---[0;39m [2m[ost-startStop-1][0;39m [36mo.s.b.a.e.web.ServletEndpointRegistrar  [0;39m [2m:[0;39m Registered '/actuator/hystrix.stream' to hystrix.stream-actuator-endpoint
[2m2019-11-15 10:30:05.160[0;39m [33m WARN [service-feign-web,,,][0;39m [35m82992[0;39m [2m---[0;39m [2m[           main][0;39m [36mConfigServletWebServerApplicationContext[0;39m [2m:[0;39m Exception encountered during context initialization - cancelling refresh attempt: org.springframework.beans.factory.BeanCreationException: Error creating bean with name 'authController': Injection of resource dependencies failed; nested exception is org.springframework.beans.factory.NoSuchBeanDefinitionException: No qualifying bean of type 'com.zhujuming.vip.contract.consumer.auth.AuthConsumer' available: expected at least 1 bean which qualifies as autowire candidate. Dependency annotations: {@javax.annotation.Resource(shareable=true, lookup=, name=, description=, authenticationType=CONTAINER, type=class java.lang.Object, mappedName=)}
[2m2019-11-15 10:30:05.162[0;39m [33m WARN [service-feign-web,,,][0;39m [35m82992[0;39m [2m---[0;39m [2m[           main][0;39m [36mo.s.b.f.support.DisposableBeanAdapter   [0;39m [2m:[0;39m Destroy method 'close' on bean with name 'eurekaRegistration' threw an exception: org.springframework.beans.factory.BeanCreationNotAllowedException: Error creating bean with name 'org.springframework.cloud.netflix.eureka.EurekaClientAutoConfiguration$RefreshableEurekaClientConfiguration': Singleton bean creation not allowed while singletons of this factory are in destruction (Do not request a bean from a BeanFactory in a destroy method implementation!)
[2m2019-11-15 10:30:05.976[0;39m [32m INFO [service-feign-web,,,][0;39m [35m82992[0;39m [2m---[0;39m [2m[teSender@f8b99}][0;39m [36ms.c.a.AnnotationConfigApplicationContext[0;39m [2m:[0;39m Refreshing SpringClientFactory-localhost: startup date [Fri Nov 15 10:30:05 CST 2019]; parent: org.springframework.boot.web.servlet.context.AnnotationConfigServletWebServerApplicationContext@cf5a97
[2m2019-11-15 10:30:06.042[0;39m [32m INFO [service-feign-web,,,][0;39m [35m82992[0;39m [2m---[0;39m [2m[teSender@f8b99}][0;39m [36mf.a.AutowiredAnnotationBeanPostProcessor[0;39m [2m:[0;39m JSR-330 'javax.inject.Inject' annotation found and supported for autowiring
[2m2019-11-15 10:30:06.058[0;39m [33m WARN [service-feign-web,,,][0;39m [35m82992[0;39m [2m---[0;39m [2m[teSender@f8b99}][0;39m [36ms.c.a.AnnotationConfigApplicationContext[0;39m [2m:[0;39m Exception encountered during context initialization - cancelling refresh attempt: org.springframework.beans.factory.UnsatisfiedDependencyException: Error creating bean with name 'eurekaRibbonClientConfiguration': Unsatisfied dependency expressed through field 'eurekaConfig'; nested exception is org.springframework.beans.factory.BeanCreationNotAllowedException: Error creating bean with name 'eurekaInstanceConfigBean': Singleton bean creation not allowed while singletons of this factory are in destruction (Do not request a bean from a BeanFactory in a destroy method implementation!)
[2m2019-11-15 10:30:06.060[0;39m [32m INFO [service-feign-web,,,][0;39m [35m82992[0;39m [2m---[0;39m [2m[           main][0;39m [36mo.apache.catalina.core.StandardService  [0;39m [2m:[0;39m Stopping service [Tomcat]
[2m2019-11-15 10:30:06.067[0;39m [33m WARN [service-feign-web,,,][0;39m [35m82992[0;39m [2m---[0;39m [2m[ost-startStop-1][0;39m [36mo.a.c.loader.WebappClassLoaderBase      [0;39m [2m:[0;39m The web application [webtest#api] appears to have started a thread named [RxIoScheduler-1 (Evictor)] but has failed to stop it. This is very likely to create a memory leak. Stack trace of thread:
 sun.misc.Unsafe.park(Native Method)
 java.util.concurrent.locks.LockSupport.parkNanos(LockSupport.java:215)
 java.util.concurrent.locks.AbstractQueuedSynchronizer$ConditionObject.awaitNanos(AbstractQueuedSynchronizer.java:2078)
 java.util.concurrent.ScheduledThreadPoolExecutor$DelayedWorkQueue.take(ScheduledThreadPoolExecutor.java:1093)
 java.util.concurrent.ScheduledThreadPoolExecutor$DelayedWorkQueue.take(ScheduledThreadPoolExecutor.java:809)
 java.util.concurrent.ThreadPoolExecutor.getTask(ThreadPoolExecutor.java:1074)
 java.util.concurrent.ThreadPoolExecutor.runWorker(ThreadPoolExecutor.java:1134)
 java.util.concurrent.ThreadPoolExecutor$Worker.run(ThreadPoolExecutor.java:624)
 java.lang.Thread.run(Thread.java:748)
[2m2019-11-15 10:30:06.082[0;39m [32m INFO [service-feign-web,,,][0;39m [35m82992[0;39m [2m---[0;39m [2m[           main][0;39m [36mConditionEvaluationReportLoggingListener[0;39m [2m:[0;39m 

Error starting ApplicationContext. To display the conditions report re-run your application with 'debug' enabled.
[2m2019-11-15 10:30:06.432[0;39m [31mERROR [service-feign-web,,,][0;39m [35m82992[0;39m [2m---[0;39m [2m[           main][0;39m [36mo.s.b.d.LoggingFailureAnalysisReporter  [0;39m [2m:[0;39m 

***************************
APPLICATION FAILED TO START
***************************

Description:

A component required a bean of type 'com.zhujuming.vip.contract.consumer.auth.AuthConsumer' that could not be found.


Action:

Consider defining a bean of type 'com.zhujuming.vip.contract.consumer.auth.AuthConsumer' in your configuration.

