[2m2019-11-12 12:17:10.268[0;39m [32m INFO[0;39m [35m22860[0;39m [2m---[0;39m [2m[           main][0;39m [36mc.z.vip.eureka.EurekaApplication        [0;39m [2m:[0;39m The following profiles are active: dev
[2m2019-11-12 12:17:10.279[0;39m [32m INFO[0;39m [35m22860[0;39m [2m---[0;39m [2m[           main][0;39m [36mConfigServletWebServerApplicationContext[0;39m [2m:[0;39m Refreshing org.springframework.boot.web.servlet.context.AnnotationConfigServletWebServerApplicationContext@1b60c3e: startup date [Tue Nov 12 12:17:10 CST 2019]; parent: org.springframework.context.annotation.AnnotationConfigApplicationContext@11acdad
[2m2019-11-12 12:17:11.308[0;39m [32m INFO[0;39m [35m22860[0;39m [2m---[0;39m [2m[           main][0;39m [36mo.s.cloud.context.scope.GenericScope    [0;39m [2m:[0;39m BeanFactory id=4e3c6415-d06c-3dc6-854d-286871caf54d
[2m2019-11-12 12:17:11.333[0;39m [32m INFO[0;39m [35m22860[0;39m [2m---[0;39m [2m[           main][0;39m [36mf.a.AutowiredAnnotationBeanPostProcessor[0;39m [2m:[0;39m JSR-330 'javax.inject.Inject' annotation found and supported for autowiring
[2m2019-11-12 12:17:11.451[0;39m [32m INFO[0;39m [35m22860[0;39m [2m---[0;39m [2m[           main][0;39m [36mtrationDelegate$BeanPostProcessorChecker[0;39m [2m:[0;39m Bean 'org.springframework.cloud.autoconfigure.ConfigurationPropertiesRebinderAutoConfiguration' of type [org.springframework.cloud.autoconfigure.ConfigurationPropertiesRebinderAutoConfiguration$$EnhancerBySpringCGLIB$$bf931b8a] is not eligible for getting processed by all BeanPostProcessors (for example: not eligible for auto-proxying)
[2m2019-11-12 12:17:11.788[0;39m [32m INFO[0;39m [35m22860[0;39m [2m---[0;39m [2m[           main][0;39m [36morg.xnio                                [0;39m [2m:[0;39m XNIO version 3.3.8.Final
[2m2019-11-12 12:17:11.812[0;39m [32m INFO[0;39m [35m22860[0;39m [2m---[0;39m [2m[           main][0;39m [36morg.xnio.nio                            [0;39m [2m:[0;39m XNIO NIO Implementation Version 3.3.8.Final
[2m2019-11-12 12:17:11.844[0;39m [33m WARN[0;39m [35m22860[0;39m [2m---[0;39m [2m[           main][0;39m [36mio.undertow.websockets.jsr              [0;39m [2m:[0;39m UT026009: XNIO worker was not set on WebSocketDeploymentInfo, the default worker will be used
[2m2019-11-12 12:17:11.844[0;39m [33m WARN[0;39m [35m22860[0;39m [2m---[0;39m [2m[           main][0;39m [36mio.undertow.websockets.jsr              [0;39m [2m:[0;39m UT026010: Buffer pool was not set on WebSocketDeploymentInfo, the default pool will be used
[2m2019-11-12 12:17:11.881[0;39m [32m INFO[0;39m [35m22860[0;39m [2m---[0;39m [2m[           main][0;39m [36mio.undertow.servlet                     [0;39m [2m:[0;39m Initializing Spring embedded WebApplicationContext
[2m2019-11-12 12:17:11.881[0;39m [32m INFO[0;39m [35m22860[0;39m [2m---[0;39m [2m[           main][0;39m [36mo.s.web.context.ContextLoader           [0;39m [2m:[0;39m Root WebApplicationContext: initialization completed in 1602 ms
[2m2019-11-12 12:17:12.058[0;39m [33m WARN[0;39m [35m22860[0;39m [2m---[0;39m [2m[           main][0;39m [36mc.n.c.sources.URLConfigurationSource    [0;39m [2m:[0;39m No URLs will be polled as dynamic configuration sources.
[2m2019-11-12 12:17:12.058[0;39m [32m INFO[0;39m [35m22860[0;39m [2m---[0;39m [2m[           main][0;39m [36mc.n.c.sources.URLConfigurationSource    [0;39m [2m:[0;39m To enable URLs as dynamic configuration sources, define System property archaius.configurationSource.additionalUrls or make config.properties available on classpath.
[2m2019-11-12 12:17:12.068[0;39m [32m INFO[0;39m [35m22860[0;39m [2m---[0;39m [2m[           main][0;39m [36mc.netflix.config.DynamicPropertyFactory [0;39m [2m:[0;39m DynamicPropertyFactory is initialized with configuration sources: com.netflix.config.ConcurrentCompositeConfiguration@5c2463
[2m2019-11-12 12:17:13.313[0;39m [32m INFO[0;39m [35m22860[0;39m [2m---[0;39m [2m[           main][0;39m [36mo.s.b.w.servlet.FilterRegistrationBean  [0;39m [2m:[0;39m Mapping filter: 'characterEncodingFilter' to: [/*]
[2m2019-11-12 12:17:13.314[0;39m [32m INFO[0;39m [35m22860[0;39m [2m---[0;39m [2m[           main][0;39m [36mo.s.b.w.servlet.FilterRegistrationBean  [0;39m [2m:[0;39m Mapping filter: 'webMvcMetricsFilter' to: [/*]
[2m2019-11-12 12:17:13.314[0;39m [32m INFO[0;39m [35m22860[0;39m [2m---[0;39m [2m[           main][0;39m [36mo.s.b.w.servlet.FilterRegistrationBean  [0;39m [2m:[0;39m Mapping filter: 'hiddenHttpMethodFilter' to: [/*]
[2m2019-11-12 12:17:13.314[0;39m [32m INFO[0;39m [35m22860[0;39m [2m---[0;39m [2m[           main][0;39m [36mo.s.b.w.servlet.FilterRegistrationBean  [0;39m [2m:[0;39m Mapping filter: 'httpPutFormContentFilter' to: [/*]
[2m2019-11-12 12:17:13.314[0;39m [32m INFO[0;39m [35m22860[0;39m [2m---[0;39m [2m[           main][0;39m [36mo.s.b.w.servlet.FilterRegistrationBean  [0;39m [2m:[0;39m Mapping filter: 'requestContextFilter' to: [/*]
[2m2019-11-12 12:17:13.314[0;39m [32m INFO[0;39m [35m22860[0;39m [2m---[0;39m [2m[           main][0;39m [36mo.s.b.w.servlet.FilterRegistrationBean  [0;39m [2m:[0;39m Mapping filter: 'httpTraceFilter' to: [/*]
[2m2019-11-12 12:17:13.315[0;39m [32m INFO[0;39m [35m22860[0;39m [2m---[0;39m [2m[           main][0;39m [36mo.s.b.w.servlet.FilterRegistrationBean  [0;39m [2m:[0;39m Mapping filter: 'servletContainer' to urls: [/eureka/*]
[2m2019-11-12 12:17:13.315[0;39m [32m INFO[0;39m [35m22860[0;39m [2m---[0;39m [2m[           main][0;39m [36mo.s.b.w.servlet.ServletRegistrationBean [0;39m [2m:[0;39m Servlet dispatcherServlet mapped to [/]
[2m2019-11-12 12:17:13.419[0;39m [33m WARN[0;39m [35m22860[0;39m [2m---[0;39m [2m[           main][0;39m [36mc.n.c.sources.URLConfigurationSource    [0;39m [2m:[0;39m No URLs will be polled as dynamic configuration sources.
[2m2019-11-12 12:17:13.419[0;39m [32m INFO[0;39m [35m22860[0;39m [2m---[0;39m [2m[           main][0;39m [36mc.n.c.sources.URLConfigurationSource    [0;39m [2m:[0;39m To enable URLs as dynamic configuration sources, define System property archaius.configurationSource.additionalUrls or make config.properties available on classpath.
[2m2019-11-12 12:17:13.524[0;39m [32m INFO[0;39m [35m22860[0;39m [2m---[0;39m [2m[           main][0;39m [36mo.s.w.s.handler.SimpleUrlHandlerMapping [0;39m [2m:[0;39m Mapped URL path [/**/favicon.ico] onto handler of type [class org.springframework.web.servlet.resource.ResourceHttpRequestHandler]
[2m2019-11-12 12:17:13.766[0;39m [32m INFO[0;39m [35m22860[0;39m [2m---[0;39m [2m[           main][0;39m [36ms.w.s.m.m.a.RequestMappingHandlerAdapter[0;39m [2m:[0;39m Looking for @ControllerAdvice: org.springframework.boot.web.servlet.context.AnnotationConfigServletWebServerApplicationContext@1b60c3e: startup date [Tue Nov 12 12:17:10 CST 2019]; parent: org.springframework.context.annotation.AnnotationConfigApplicationContext@11acdad
[2m2019-11-12 12:17:13.848[0;39m [32m INFO[0;39m [35m22860[0;39m [2m---[0;39m [2m[           main][0;39m [36ms.w.s.m.m.a.RequestMappingHandlerMapping[0;39m [2m:[0;39m Mapped "{[/error]}" onto public org.springframework.http.ResponseEntity<java.util.Map<java.lang.String, java.lang.Object>> org.springframework.boot.autoconfigure.web.servlet.error.BasicErrorController.error(javax.servlet.http.HttpServletRequest)
[2m2019-11-12 12:17:13.849[0;39m [32m INFO[0;39m [35m22860[0;39m [2m---[0;39m [2m[           main][0;39m [36ms.w.s.m.m.a.RequestMappingHandlerMapping[0;39m [2m:[0;39m Mapped "{[/error],produces=[text/html]}" onto public org.springframework.web.servlet.ModelAndView org.springframework.boot.autoconfigure.web.servlet.error.BasicErrorController.errorHtml(javax.servlet.http.HttpServletRequest,javax.servlet.http.HttpServletResponse)
[2m2019-11-12 12:17:13.856[0;39m [32m INFO[0;39m [35m22860[0;39m [2m---[0;39m [2m[           main][0;39m [36ms.w.s.m.m.a.RequestMappingHandlerMapping[0;39m [2m:[0;39m Mapped "{[/],methods=[GET]}" onto public java.lang.String org.springframework.cloud.netflix.eureka.server.EurekaController.status(javax.servlet.http.HttpServletRequest,java.util.Map<java.lang.String, java.lang.Object>)
[2m2019-11-12 12:17:13.857[0;39m [32m INFO[0;39m [35m22860[0;39m [2m---[0;39m [2m[           main][0;39m [36ms.w.s.m.m.a.RequestMappingHandlerMapping[0;39m [2m:[0;39m Mapped "{[/lastn],methods=[GET]}" onto public java.lang.String org.springframework.cloud.netflix.eureka.server.EurekaController.lastn(javax.servlet.http.HttpServletRequest,java.util.Map<java.lang.String, java.lang.Object>)
[2m2019-11-12 12:17:13.885[0;39m [32m INFO[0;39m [35m22860[0;39m [2m---[0;39m [2m[           main][0;39m [36mo.s.w.s.handler.SimpleUrlHandlerMapping [0;39m [2m:[0;39m Mapped URL path [/webjars/**] onto handler of type [class org.springframework.web.servlet.resource.ResourceHttpRequestHandler]
[2m2019-11-12 12:17:13.885[0;39m [32m INFO[0;39m [35m22860[0;39m [2m---[0;39m [2m[           main][0;39m [36mo.s.w.s.handler.SimpleUrlHandlerMapping [0;39m [2m:[0;39m Mapped URL path [/**] onto handler of type [class org.springframework.web.servlet.resource.ResourceHttpRequestHandler]
[2m2019-11-12 12:17:14.372[0;39m [32m INFO[0;39m [35m22860[0;39m [2m---[0;39m [2m[           main][0;39m [36mo.s.ui.freemarker.SpringTemplateLoader  [0;39m [2m:[0;39m SpringTemplateLoader for FreeMarker: using resource loader [org.springframework.boot.web.servlet.context.AnnotationConfigServletWebServerApplicationContext@1b60c3e: startup date [Tue Nov 12 12:17:10 CST 2019]; parent: org.springframework.context.annotation.AnnotationConfigApplicationContext@11acdad] and template loader path [classpath:/templates/]
[2m2019-11-12 12:17:14.372[0;39m [32m INFO[0;39m [35m22860[0;39m [2m---[0;39m [2m[           main][0;39m [36mo.s.w.s.v.f.FreeMarkerConfigurer        [0;39m [2m:[0;39m ClassTemplateLoader for Spring macros added to FreeMarker configuration
[2m2019-11-12 12:17:14.712[0;39m [32m INFO[0;39m [35m22860[0;39m [2m---[0;39m [2m[           main][0;39m [36mo.s.c.n.eureka.InstanceInfoFactory      [0;39m [2m:[0;39m Setting initial instance status as: STARTING
[2m2019-11-12 12:17:14.751[0;39m [32m INFO[0;39m [35m22860[0;39m [2m---[0;39m [2m[           main][0;39m [36mcom.netflix.discovery.DiscoveryClient   [0;39m [2m:[0;39m Initializing Eureka in region us-east-1
[2m2019-11-12 12:17:14.751[0;39m [32m INFO[0;39m [35m22860[0;39m [2m---[0;39m [2m[           main][0;39m [36mcom.netflix.discovery.DiscoveryClient   [0;39m [2m:[0;39m Client configured to neither register nor query for data.
[2m2019-11-12 12:17:14.759[0;39m [32m INFO[0;39m [35m22860[0;39m [2m---[0;39m [2m[           main][0;39m [36mcom.netflix.discovery.DiscoveryClient   [0;39m [2m:[0;39m Discovery Client initialized at timestamp 1573532234757 with initial instances count: 0
[2m2019-11-12 12:17:14.815[0;39m [32m INFO[0;39m [35m22860[0;39m [2m---[0;39m [2m[           main][0;39m [36mc.n.eureka.DefaultEurekaServerContext   [0;39m [2m:[0;39m Initializing ...
[2m2019-11-12 12:17:14.817[0;39m [32m INFO[0;39m [35m22860[0;39m [2m---[0;39m [2m[           main][0;39m [36mc.n.eureka.cluster.PeerEurekaNodes      [0;39m [2m:[0;39m Adding new peer nodes [http://localhost:7001/eureka/]
[2m2019-11-12 12:17:15.134[0;39m [32m INFO[0;39m [35m22860[0;39m [2m---[0;39m [2m[           main][0;39m [36mc.n.d.provider.DiscoveryJerseyProvider  [0;39m [2m:[0;39m Using JSON encoding codec LegacyJacksonJson
[2m2019-11-12 12:17:15.134[0;39m [32m INFO[0;39m [35m22860[0;39m [2m---[0;39m [2m[           main][0;39m [36mc.n.d.provider.DiscoveryJerseyProvider  [0;39m [2m:[0;39m Using JSON decoding codec LegacyJacksonJson
[2m2019-11-12 12:17:15.134[0;39m [32m INFO[0;39m [35m22860[0;39m [2m---[0;39m [2m[           main][0;39m [36mc.n.d.provider.DiscoveryJerseyProvider  [0;39m [2m:[0;39m Using XML encoding codec XStreamXml
[2m2019-11-12 12:17:15.134[0;39m [32m INFO[0;39m [35m22860[0;39m [2m---[0;39m [2m[           main][0;39m [36mc.n.d.provider.DiscoveryJerseyProvider  [0;39m [2m:[0;39m Using XML decoding codec XStreamXml
[2m2019-11-12 12:17:15.451[0;39m [32m INFO[0;39m [35m22860[0;39m [2m---[0;39m [2m[           main][0;39m [36mc.n.eureka.cluster.PeerEurekaNodes      [0;39m [2m:[0;39m Replica node URL:  http://localhost:7001/eureka/
[2m2019-11-12 12:17:15.460[0;39m [32m INFO[0;39m [35m22860[0;39m [2m---[0;39m [2m[           main][0;39m [36mc.n.e.registry.AbstractInstanceRegistry [0;39m [2m:[0;39m Finished initializing remote region registries. All known remote regions: []
[2m2019-11-12 12:17:15.460[0;39m [32m INFO[0;39m [35m22860[0;39m [2m---[0;39m [2m[           main][0;39m [36mc.n.eureka.DefaultEurekaServerContext   [0;39m [2m:[0;39m Initialized
[2m2019-11-12 12:17:15.481[0;39m [32m INFO[0;39m [35m22860[0;39m [2m---[0;39m [2m[           main][0;39m [36mo.s.b.a.e.web.EndpointLinksResolver     [0;39m [2m:[0;39m Exposing 2 endpoint(s) beneath base path '/actuator'
[2m2019-11-12 12:17:15.510[0;39m [32m INFO[0;39m [35m22860[0;39m [2m---[0;39m [2m[           main][0;39m [36ms.b.a.e.w.s.WebMvcEndpointHandlerMapping[0;39m [2m:[0;39m Mapped "{[/actuator/health],methods=[GET],produces=[application/vnd.spring-boot.actuator.v2+json || application/json]}" onto public java.lang.Object org.springframework.boot.actuate.endpoint.web.servlet.AbstractWebMvcEndpointHandlerMapping$OperationHandler.handle(javax.servlet.http.HttpServletRequest,java.util.Map<java.lang.String, java.lang.String>)
[2m2019-11-12 12:17:15.511[0;39m [32m INFO[0;39m [35m22860[0;39m [2m---[0;39m [2m[           main][0;39m [36ms.b.a.e.w.s.WebMvcEndpointHandlerMapping[0;39m [2m:[0;39m Mapped "{[/actuator/info],methods=[GET],produces=[application/vnd.spring-boot.actuator.v2+json || application/json]}" onto public java.lang.Object org.springframework.boot.actuate.endpoint.web.servlet.AbstractWebMvcEndpointHandlerMapping$OperationHandler.handle(javax.servlet.http.HttpServletRequest,java.util.Map<java.lang.String, java.lang.String>)
[2m2019-11-12 12:17:15.512[0;39m [32m INFO[0;39m [35m22860[0;39m [2m---[0;39m [2m[           main][0;39m [36ms.b.a.e.w.s.WebMvcEndpointHandlerMapping[0;39m [2m:[0;39m Mapped "{[/actuator],methods=[GET],produces=[application/vnd.spring-boot.actuator.v2+json || application/json]}" onto protected java.util.Map<java.lang.String, java.util.Map<java.lang.String, org.springframework.boot.actuate.endpoint.web.Link>> org.springframework.boot.actuate.endpoint.web.servlet.WebMvcEndpointHandlerMapping.links(javax.servlet.http.HttpServletRequest,javax.servlet.http.HttpServletResponse)
[2m2019-11-12 12:17:15.576[0;39m [32m INFO[0;39m [35m22860[0;39m [2m---[0;39m [2m[           main][0;39m [36mo.s.j.e.a.AnnotationMBeanExporter       [0;39m [2m:[0;39m Registering beans for JMX exposure on startup
[2m2019-11-12 12:17:15.599[0;39m [32m INFO[0;39m [35m22860[0;39m [2m---[0;39m [2m[           main][0;39m [36mo.s.j.e.a.AnnotationMBeanExporter       [0;39m [2m:[0;39m Bean with name 'environmentManager' has been autodetected for JMX exposure
[2m2019-11-12 12:17:15.600[0;39m [32m INFO[0;39m [35m22860[0;39m [2m---[0;39m [2m[           main][0;39m [36mo.s.j.e.a.AnnotationMBeanExporter       [0;39m [2m:[0;39m Bean with name 'refreshScope' has been autodetected for JMX exposure
[2m2019-11-12 12:17:15.602[0;39m [32m INFO[0;39m [35m22860[0;39m [2m---[0;39m [2m[           main][0;39m [36mo.s.j.e.a.AnnotationMBeanExporter       [0;39m [2m:[0;39m Bean with name 'configurationPropertiesRebinder' has been autodetected for JMX exposure
[2m2019-11-12 12:17:15.605[0;39m [32m INFO[0;39m [35m22860[0;39m [2m---[0;39m [2m[           main][0;39m [36mo.s.j.e.a.AnnotationMBeanExporter       [0;39m [2m:[0;39m Located managed bean 'environmentManager': registering with JMX server as MBean [org.springframework.cloud.context.environment:name=environmentManager,type=EnvironmentManager]
[2m2019-11-12 12:17:15.613[0;39m [32m INFO[0;39m [35m22860[0;39m [2m---[0;39m [2m[           main][0;39m [36mo.s.j.e.a.AnnotationMBeanExporter       [0;39m [2m:[0;39m Located managed bean 'refreshScope': registering with JMX server as MBean [org.springframework.cloud.context.scope.refresh:name=refreshScope,type=RefreshScope]
[2m2019-11-12 12:17:15.624[0;39m [32m INFO[0;39m [35m22860[0;39m [2m---[0;39m [2m[           main][0;39m [36mo.s.j.e.a.AnnotationMBeanExporter       [0;39m [2m:[0;39m Located managed bean 'configurationPropertiesRebinder': registering with JMX server as MBean [org.springframework.cloud.context.properties:name=configurationPropertiesRebinder,context=1b60c3e,type=ConfigurationPropertiesRebinder]
[2m2019-11-12 12:17:15.635[0;39m [32m INFO[0;39m [35m22860[0;39m [2m---[0;39m [2m[           main][0;39m [36mo.s.c.support.DefaultLifecycleProcessor [0;39m [2m:[0;39m Starting beans in phase 0
[2m2019-11-12 12:17:15.635[0;39m [32m INFO[0;39m [35m22860[0;39m [2m---[0;39m [2m[           main][0;39m [36mo.s.c.n.e.s.EurekaServiceRegistry       [0;39m [2m:[0;39m Registering application seven-system-eureka with eureka with status UP
[2m2019-11-12 12:17:15.639[0;39m [32m INFO[0;39m [35m22860[0;39m [2m---[0;39m [2m[      Thread-12][0;39m [36mo.s.c.n.e.server.EurekaServerBootstrap  [0;39m [2m:[0;39m Setting the eureka configuration..
[2m2019-11-12 12:17:15.639[0;39m [32m INFO[0;39m [35m22860[0;39m [2m---[0;39m [2m[      Thread-12][0;39m [36mo.s.c.n.e.server.EurekaServerBootstrap  [0;39m [2m:[0;39m Eureka data center value eureka.datacenter is not set, defaulting to default
[2m2019-11-12 12:17:15.640[0;39m [32m INFO[0;39m [35m22860[0;39m [2m---[0;39m [2m[      Thread-12][0;39m [36mo.s.c.n.e.server.EurekaServerBootstrap  [0;39m [2m:[0;39m Eureka environment value eureka.environment is not set, defaulting to test
[2m2019-11-12 12:17:15.650[0;39m [32m INFO[0;39m [35m22860[0;39m [2m---[0;39m [2m[      Thread-12][0;39m [36mo.s.c.n.e.server.EurekaServerBootstrap  [0;39m [2m:[0;39m isAws returned false
[2m2019-11-12 12:17:15.651[0;39m [32m INFO[0;39m [35m22860[0;39m [2m---[0;39m [2m[      Thread-12][0;39m [36mo.s.c.n.e.server.EurekaServerBootstrap  [0;39m [2m:[0;39m Initialized server context
[2m2019-11-12 12:17:15.651[0;39m [32m INFO[0;39m [35m22860[0;39m [2m---[0;39m [2m[      Thread-12][0;39m [36mc.n.e.r.PeerAwareInstanceRegistryImpl   [0;39m [2m:[0;39m Got 1 instances from neighboring DS node
[2m2019-11-12 12:17:15.651[0;39m [32m INFO[0;39m [35m22860[0;39m [2m---[0;39m [2m[      Thread-12][0;39m [36mc.n.e.r.PeerAwareInstanceRegistryImpl   [0;39m [2m:[0;39m Renew threshold is: 1
[2m2019-11-12 12:17:15.651[0;39m [32m INFO[0;39m [35m22860[0;39m [2m---[0;39m [2m[      Thread-12][0;39m [36mc.n.e.r.PeerAwareInstanceRegistryImpl   [0;39m [2m:[0;39m Changing status to UP
[2m2019-11-12 12:17:15.661[0;39m [32m INFO[0;39m [35m22860[0;39m [2m---[0;39m [2m[      Thread-12][0;39m [36me.s.EurekaServerInitializerConfiguration[0;39m [2m:[0;39m Started Eureka Server
[2m2019-11-12 12:17:15.687[0;39m [32m INFO[0;39m [35m22860[0;39m [2m---[0;39m [2m[           main][0;39m [36mc.s.j.s.i.a.WebApplicationImpl          [0;39m [2m:[0;39m Initiating Jersey application, version 'Jersey: 1.19.1 03/11/2016 02:08 PM'
[2m2019-11-12 12:17:15.740[0;39m [32m INFO[0;39m [35m22860[0;39m [2m---[0;39m [2m[           main][0;39m [36mc.n.d.provider.DiscoveryJerseyProvider  [0;39m [2m:[0;39m Using JSON encoding codec LegacyJacksonJson
[2m2019-11-12 12:17:15.740[0;39m [32m INFO[0;39m [35m22860[0;39m [2m---[0;39m [2m[           main][0;39m [36mc.n.d.provider.DiscoveryJerseyProvider  [0;39m [2m:[0;39m Using JSON decoding codec LegacyJacksonJson
[2m2019-11-12 12:17:15.740[0;39m [32m INFO[0;39m [35m22860[0;39m [2m---[0;39m [2m[           main][0;39m [36mc.n.d.provider.DiscoveryJerseyProvider  [0;39m [2m:[0;39m Using XML encoding codec XStreamXml
[2m2019-11-12 12:17:15.740[0;39m [32m INFO[0;39m [35m22860[0;39m [2m---[0;39m [2m[           main][0;39m [36mc.n.d.provider.DiscoveryJerseyProvider  [0;39m [2m:[0;39m Using XML decoding codec XStreamXml
[2m2019-11-12 12:17:16.091[0;39m [32m INFO[0;39m [35m22860[0;39m [2m---[0;39m [2m[           main][0;39m [36mo.s.b.w.e.u.UndertowServletWebServer    [0;39m [2m:[0;39m Undertow started on port(s) 7001 (http) with context path ''
[2m2019-11-12 12:17:16.092[0;39m [32m INFO[0;39m [35m22860[0;39m [2m---[0;39m [2m[           main][0;39m [36m.s.c.n.e.s.EurekaAutoServiceRegistration[0;39m [2m:[0;39m Updating port to 7001
[2m2019-11-12 12:17:16.094[0;39m [32m INFO[0;39m [35m22860[0;39m [2m---[0;39m [2m[           main][0;39m [36mc.z.vip.eureka.EurekaApplication        [0;39m [2m:[0;39m Started EurekaApplication in 7.316 seconds (JVM running for 8.181)
[2m2019-11-12 12:17:16.326[0;39m [32m INFO[0;39m [35m22860[0;39m [2m---[0;39m [2m[  XNIO-2 task-1][0;39m [36mio.undertow.servlet                     [0;39m [2m:[0;39m Initializing Spring FrameworkServlet 'dispatcherServlet'
[2m2019-11-12 12:17:16.326[0;39m [32m INFO[0;39m [35m22860[0;39m [2m---[0;39m [2m[  XNIO-2 task-1][0;39m [36mo.s.web.servlet.DispatcherServlet       [0;39m [2m:[0;39m FrameworkServlet 'dispatcherServlet': initialization started
[2m2019-11-12 12:17:16.342[0;39m [32m INFO[0;39m [35m22860[0;39m [2m---[0;39m [2m[  XNIO-2 task-1][0;39m [36mo.s.web.servlet.DispatcherServlet       [0;39m [2m:[0;39m FrameworkServlet 'dispatcherServlet': initialization completed in 16 ms
[2m2019-11-12 12:17:16.476[0;39m [32m INFO[0;39m [35m22860[0;39m [2m---[0;39m [2m[  XNIO-2 task-1][0;39m [36mc.n.e.registry.AbstractInstanceRegistry [0;39m [2m:[0;39m Registered instance SEVEN-SYSTEM-WEBAPP/127.0.0.1:seven-system-webapp:8001 with status UP (replication=false)
[2m2019-11-12 12:17:17.094[0;39m [32m INFO[0;39m [35m22860[0;39m [2m---[0;39m [2m[  XNIO-2 task-2][0;39m [36mc.n.e.registry.AbstractInstanceRegistry [0;39m [2m:[0;39m Registered instance SEVEN-SYSTEM-WEBAPP/127.0.0.1:seven-system-webapp:8001 with status UP (replication=true)
[2m2019-11-12 12:17:34.718[0;39m [33m WARN[0;39m [35m22860[0;39m [2m---[0;39m [2m[  XNIO-2 task-4][0;39m [36mc.n.e.registry.AbstractInstanceRegistry [0;39m [2m:[0;39m DS: Registry: lease doesn't exist, registering resource: SEVEN-SYSTEM-SERVICE - 127.0.0.1:seven-system-service:9001
[2m2019-11-12 12:17:34.719[0;39m [33m WARN[0;39m [35m22860[0;39m [2m---[0;39m [2m[  XNIO-2 task-4][0;39m [36mc.n.eureka.resources.InstanceResource   [0;39m [2m:[0;39m Not Found (Renew): SEVEN-SYSTEM-SERVICE - 127.0.0.1:seven-system-service:9001
[2m2019-11-12 12:17:34.730[0;39m [32m INFO[0;39m [35m22860[0;39m [2m---[0;39m [2m[  XNIO-2 task-5][0;39m [36mc.n.e.registry.AbstractInstanceRegistry [0;39m [2m:[0;39m Registered instance SEVEN-SYSTEM-SERVICE/127.0.0.1:seven-system-service:9001 with status UP (replication=false)
[2m2019-11-12 12:17:35.244[0;39m [32m INFO[0;39m [35m22860[0;39m [2m---[0;39m [2m[  XNIO-2 task-7][0;39m [36mc.n.e.registry.AbstractInstanceRegistry [0;39m [2m:[0;39m Registered instance SEVEN-SYSTEM-SERVICE/127.0.0.1:seven-system-service:9001 with status UP (replication=true)
[2m2019-11-12 12:18:15.654[0;39m [32m INFO[0;39m [35m22860[0;39m [2m---[0;39m [2m[a-EvictionTimer][0;39m [36mc.n.e.registry.AbstractInstanceRegistry [0;39m [2m:[0;39m Running the evict task with compensationTime 0ms
[2m2019-11-12 12:19:15.655[0;39m [32m INFO[0;39m [35m22860[0;39m [2m---[0;39m [2m[a-EvictionTimer][0;39m [36mc.n.e.registry.AbstractInstanceRegistry [0;39m [2m:[0;39m Running the evict task with compensationTime 0ms
[2m2019-11-12 12:20:15.657[0;39m [32m INFO[0;39m [35m22860[0;39m [2m---[0;39m [2m[a-EvictionTimer][0;39m [36mc.n.e.registry.AbstractInstanceRegistry [0;39m [2m:[0;39m Running the evict task with compensationTime 0ms
[2m2019-11-12 12:21:15.658[0;39m [32m INFO[0;39m [35m22860[0;39m [2m---[0;39m [2m[a-EvictionTimer][0;39m [36mc.n.e.registry.AbstractInstanceRegistry [0;39m [2m:[0;39m Running the evict task with compensationTime 0ms
[2m2019-11-12 12:22:15.659[0;39m [32m INFO[0;39m [35m22860[0;39m [2m---[0;39m [2m[a-EvictionTimer][0;39m [36mc.n.e.registry.AbstractInstanceRegistry [0;39m [2m:[0;39m Running the evict task with compensationTime 0ms
[2m2019-11-12 12:23:15.660[0;39m [32m INFO[0;39m [35m22860[0;39m [2m---[0;39m [2m[a-EvictionTimer][0;39m [36mc.n.e.registry.AbstractInstanceRegistry [0;39m [2m:[0;39m Running the evict task with compensationTime 0ms
[2m2019-11-12 12:24:15.661[0;39m [32m INFO[0;39m [35m22860[0;39m [2m---[0;39m [2m[a-EvictionTimer][0;39m [36mc.n.e.registry.AbstractInstanceRegistry [0;39m [2m:[0;39m Running the evict task with compensationTime 0ms
[2m2019-11-12 12:25:15.662[0;39m [32m INFO[0;39m [35m22860[0;39m [2m---[0;39m [2m[a-EvictionTimer][0;39m [36mc.n.e.registry.AbstractInstanceRegistry [0;39m [2m:[0;39m Running the evict task with compensationTime 0ms
[2m2019-11-12 12:26:15.663[0;39m [32m INFO[0;39m [35m22860[0;39m [2m---[0;39m [2m[a-EvictionTimer][0;39m [36mc.n.e.registry.AbstractInstanceRegistry [0;39m [2m:[0;39m Running the evict task with compensationTime 0ms
[2m2019-11-12 12:27:15.664[0;39m [32m INFO[0;39m [35m22860[0;39m [2m---[0;39m [2m[a-EvictionTimer][0;39m [36mc.n.e.registry.AbstractInstanceRegistry [0;39m [2m:[0;39m Running the evict task with compensationTime 0ms
[2m2019-11-12 12:28:15.665[0;39m [32m INFO[0;39m [35m22860[0;39m [2m---[0;39m [2m[a-EvictionTimer][0;39m [36mc.n.e.registry.AbstractInstanceRegistry [0;39m [2m:[0;39m Running the evict task with compensationTime 0ms
[2m2019-11-12 12:29:15.666[0;39m [32m INFO[0;39m [35m22860[0;39m [2m---[0;39m [2m[a-EvictionTimer][0;39m [36mc.n.e.registry.AbstractInstanceRegistry [0;39m [2m:[0;39m Running the evict task with compensationTime 0ms
[2m2019-11-12 12:30:15.667[0;39m [32m INFO[0;39m [35m22860[0;39m [2m---[0;39m [2m[a-EvictionTimer][0;39m [36mc.n.e.registry.AbstractInstanceRegistry [0;39m [2m:[0;39m Running the evict task with compensationTime 0ms
[2m2019-11-12 12:31:15.669[0;39m [32m INFO[0;39m [35m22860[0;39m [2m---[0;39m [2m[a-EvictionTimer][0;39m [36mc.n.e.registry.AbstractInstanceRegistry [0;39m [2m:[0;39m Running the evict task with compensationTime 0ms
[2m2019-11-12 12:32:15.471[0;39m [32m INFO[0;39m [35m22860[0;39m [2m---[0;39m [2m[hresholdUpdater][0;39m [36mc.n.e.r.PeerAwareInstanceRegistryImpl   [0;39m [2m:[0;39m Current renewal threshold is : 5
[2m2019-11-12 12:32:15.671[0;39m [32m INFO[0;39m [35m22860[0;39m [2m---[0;39m [2m[a-EvictionTimer][0;39m [36mc.n.e.registry.AbstractInstanceRegistry [0;39m [2m:[0;39m Running the evict task with compensationTime 0ms
[2m2019-11-12 12:33:15.674[0;39m [32m INFO[0;39m [35m22860[0;39m [2m---[0;39m [2m[a-EvictionTimer][0;39m [36mc.n.e.registry.AbstractInstanceRegistry [0;39m [2m:[0;39m Running the evict task with compensationTime 0ms
[2m2019-11-12 12:34:15.676[0;39m [32m INFO[0;39m [35m22860[0;39m [2m---[0;39m [2m[a-EvictionTimer][0;39m [36mc.n.e.registry.AbstractInstanceRegistry [0;39m [2m:[0;39m Running the evict task with compensationTime 0ms
[2m2019-11-12 12:35:15.678[0;39m [32m INFO[0;39m [35m22860[0;39m [2m---[0;39m [2m[a-EvictionTimer][0;39m [36mc.n.e.registry.AbstractInstanceRegistry [0;39m [2m:[0;39m Running the evict task with compensationTime 0ms
[2m2019-11-12 12:36:15.679[0;39m [32m INFO[0;39m [35m22860[0;39m [2m---[0;39m [2m[a-EvictionTimer][0;39m [36mc.n.e.registry.AbstractInstanceRegistry [0;39m [2m:[0;39m Running the evict task with compensationTime 0ms
[2m2019-11-12 12:37:15.680[0;39m [32m INFO[0;39m [35m22860[0;39m [2m---[0;39m [2m[a-EvictionTimer][0;39m [36mc.n.e.registry.AbstractInstanceRegistry [0;39m [2m:[0;39m Running the evict task with compensationTime 0ms
[2m2019-11-12 12:38:15.682[0;39m [32m INFO[0;39m [35m22860[0;39m [2m---[0;39m [2m[a-EvictionTimer][0;39m [36mc.n.e.registry.AbstractInstanceRegistry [0;39m [2m:[0;39m Running the evict task with compensationTime 0ms
[2m2019-11-12 12:39:15.683[0;39m [32m INFO[0;39m [35m22860[0;39m [2m---[0;39m [2m[a-EvictionTimer][0;39m [36mc.n.e.registry.AbstractInstanceRegistry [0;39m [2m:[0;39m Running the evict task with compensationTime 0ms
[2m2019-11-12 12:40:15.684[0;39m [32m INFO[0;39m [35m22860[0;39m [2m---[0;39m [2m[a-EvictionTimer][0;39m [36mc.n.e.registry.AbstractInstanceRegistry [0;39m [2m:[0;39m Running the evict task with compensationTime 0ms
[2m2019-11-12 12:41:15.685[0;39m [32m INFO[0;39m [35m22860[0;39m [2m---[0;39m [2m[a-EvictionTimer][0;39m [36mc.n.e.registry.AbstractInstanceRegistry [0;39m [2m:[0;39m Running the evict task with compensationTime 0ms
[2m2019-11-12 12:42:15.686[0;39m [32m INFO[0;39m [35m22860[0;39m [2m---[0;39m [2m[a-EvictionTimer][0;39m [36mc.n.e.registry.AbstractInstanceRegistry [0;39m [2m:[0;39m Running the evict task with compensationTime 0ms
[2m2019-11-12 12:43:15.687[0;39m [32m INFO[0;39m [35m22860[0;39m [2m---[0;39m [2m[a-EvictionTimer][0;39m [36mc.n.e.registry.AbstractInstanceRegistry [0;39m [2m:[0;39m Running the evict task with compensationTime 0ms
[2m2019-11-12 12:44:15.688[0;39m [32m INFO[0;39m [35m22860[0;39m [2m---[0;39m [2m[a-EvictionTimer][0;39m [36mc.n.e.registry.AbstractInstanceRegistry [0;39m [2m:[0;39m Running the evict task with compensationTime 0ms
[2m2019-11-12 12:45:15.689[0;39m [32m INFO[0;39m [35m22860[0;39m [2m---[0;39m [2m[a-EvictionTimer][0;39m [36mc.n.e.registry.AbstractInstanceRegistry [0;39m [2m:[0;39m Running the evict task with compensationTime 0ms
[2m2019-11-12 12:46:15.689[0;39m [32m INFO[0;39m [35m22860[0;39m [2m---[0;39m [2m[a-EvictionTimer][0;39m [36mc.n.e.registry.AbstractInstanceRegistry [0;39m [2m:[0;39m Running the evict task with compensationTime 0ms
[2m2019-11-12 12:47:15.481[0;39m [32m INFO[0;39m [35m22860[0;39m [2m---[0;39m [2m[hresholdUpdater][0;39m [36mc.n.e.r.PeerAwareInstanceRegistryImpl   [0;39m [2m:[0;39m Current renewal threshold is : 5
[2m2019-11-12 12:47:15.690[0;39m [32m INFO[0;39m [35m22860[0;39m [2m---[0;39m [2m[a-EvictionTimer][0;39m [36mc.n.e.registry.AbstractInstanceRegistry [0;39m [2m:[0;39m Running the evict task with compensationTime 0ms
[2m2019-11-12 12:48:15.691[0;39m [32m INFO[0;39m [35m22860[0;39m [2m---[0;39m [2m[a-EvictionTimer][0;39m [36mc.n.e.registry.AbstractInstanceRegistry [0;39m [2m:[0;39m Running the evict task with compensationTime 0ms
[2m2019-11-12 12:49:15.691[0;39m [32m INFO[0;39m [35m22860[0;39m [2m---[0;39m [2m[a-EvictionTimer][0;39m [36mc.n.e.registry.AbstractInstanceRegistry [0;39m [2m:[0;39m Running the evict task with compensationTime 0ms
[2m2019-11-12 12:50:15.692[0;39m [32m INFO[0;39m [35m22860[0;39m [2m---[0;39m [2m[a-EvictionTimer][0;39m [36mc.n.e.registry.AbstractInstanceRegistry [0;39m [2m:[0;39m Running the evict task with compensationTime 0ms
[2m2019-11-12 12:51:15.693[0;39m [32m INFO[0;39m [35m22860[0;39m [2m---[0;39m [2m[a-EvictionTimer][0;39m [36mc.n.e.registry.AbstractInstanceRegistry [0;39m [2m:[0;39m Running the evict task with compensationTime 0ms
[2m2019-11-12 12:52:15.694[0;39m [32m INFO[0;39m [35m22860[0;39m [2m---[0;39m [2m[a-EvictionTimer][0;39m [36mc.n.e.registry.AbstractInstanceRegistry [0;39m [2m:[0;39m Running the evict task with compensationTime 0ms
[2m2019-11-12 12:53:15.694[0;39m [32m INFO[0;39m [35m22860[0;39m [2m---[0;39m [2m[a-EvictionTimer][0;39m [36mc.n.e.registry.AbstractInstanceRegistry [0;39m [2m:[0;39m Running the evict task with compensationTime 0ms
[2m2019-11-12 12:54:15.695[0;39m [32m INFO[0;39m [35m22860[0;39m [2m---[0;39m [2m[a-EvictionTimer][0;39m [36mc.n.e.registry.AbstractInstanceRegistry [0;39m [2m:[0;39m Running the evict task with compensationTime 0ms
[2m2019-11-12 12:55:15.696[0;39m [32m INFO[0;39m [35m22860[0;39m [2m---[0;39m [2m[a-EvictionTimer][0;39m [36mc.n.e.registry.AbstractInstanceRegistry [0;39m [2m:[0;39m Running the evict task with compensationTime 0ms
[2m2019-11-12 12:56:15.696[0;39m [32m INFO[0;39m [35m22860[0;39m [2m---[0;39m [2m[a-EvictionTimer][0;39m [36mc.n.e.registry.AbstractInstanceRegistry [0;39m [2m:[0;39m Running the evict task with compensationTime 0ms
[2m2019-11-12 12:57:15.697[0;39m [32m INFO[0;39m [35m22860[0;39m [2m---[0;39m [2m[a-EvictionTimer][0;39m [36mc.n.e.registry.AbstractInstanceRegistry [0;39m [2m:[0;39m Running the evict task with compensationTime 0ms
[2m2019-11-12 12:58:15.697[0;39m [32m INFO[0;39m [35m22860[0;39m [2m---[0;39m [2m[a-EvictionTimer][0;39m [36mc.n.e.registry.AbstractInstanceRegistry [0;39m [2m:[0;39m Running the evict task with compensationTime 0ms
[2m2019-11-12 12:59:15.698[0;39m [32m INFO[0;39m [35m22860[0;39m [2m---[0;39m [2m[a-EvictionTimer][0;39m [36mc.n.e.registry.AbstractInstanceRegistry [0;39m [2m:[0;39m Running the evict task with compensationTime 0ms
[2m2019-11-12 13:00:15.699[0;39m [32m INFO[0;39m [35m22860[0;39m [2m---[0;39m [2m[a-EvictionTimer][0;39m [36mc.n.e.registry.AbstractInstanceRegistry [0;39m [2m:[0;39m Running the evict task with compensationTime 0ms
[2m2019-11-12 13:01:15.699[0;39m [32m INFO[0;39m [35m22860[0;39m [2m---[0;39m [2m[a-EvictionTimer][0;39m [36mc.n.e.registry.AbstractInstanceRegistry [0;39m [2m:[0;39m Running the evict task with compensationTime 0ms
[2m2019-11-12 13:02:15.482[0;39m [32m INFO[0;39m [35m22860[0;39m [2m---[0;39m [2m[hresholdUpdater][0;39m [36mc.n.e.r.PeerAwareInstanceRegistryImpl   [0;39m [2m:[0;39m Current renewal threshold is : 5
[2m2019-11-12 13:02:15.700[0;39m [32m INFO[0;39m [35m22860[0;39m [2m---[0;39m [2m[a-EvictionTimer][0;39m [36mc.n.e.registry.AbstractInstanceRegistry [0;39m [2m:[0;39m Running the evict task with compensationTime 0ms
[2m2019-11-12 13:03:15.700[0;39m [32m INFO[0;39m [35m22860[0;39m [2m---[0;39m [2m[a-EvictionTimer][0;39m [36mc.n.e.registry.AbstractInstanceRegistry [0;39m [2m:[0;39m Running the evict task with compensationTime 0ms
[2m2019-11-12 13:04:15.701[0;39m [32m INFO[0;39m [35m22860[0;39m [2m---[0;39m [2m[a-EvictionTimer][0;39m [36mc.n.e.registry.AbstractInstanceRegistry [0;39m [2m:[0;39m Running the evict task with compensationTime 0ms
[2m2019-11-12 13:05:15.703[0;39m [32m INFO[0;39m [35m22860[0;39m [2m---[0;39m [2m[a-EvictionTimer][0;39m [36mc.n.e.registry.AbstractInstanceRegistry [0;39m [2m:[0;39m Running the evict task with compensationTime 0ms
[2m2019-11-12 13:06:15.704[0;39m [32m INFO[0;39m [35m22860[0;39m [2m---[0;39m [2m[a-EvictionTimer][0;39m [36mc.n.e.registry.AbstractInstanceRegistry [0;39m [2m:[0;39m Running the evict task with compensationTime 0ms
[2m2019-11-12 13:07:15.706[0;39m [32m INFO[0;39m [35m22860[0;39m [2m---[0;39m [2m[a-EvictionTimer][0;39m [36mc.n.e.registry.AbstractInstanceRegistry [0;39m [2m:[0;39m Running the evict task with compensationTime 0ms
[2m2019-11-12 13:08:15.707[0;39m [32m INFO[0;39m [35m22860[0;39m [2m---[0;39m [2m[a-EvictionTimer][0;39m [36mc.n.e.registry.AbstractInstanceRegistry [0;39m [2m:[0;39m Running the evict task with compensationTime 0ms
[2m2019-11-12 13:09:15.708[0;39m [32m INFO[0;39m [35m22860[0;39m [2m---[0;39m [2m[a-EvictionTimer][0;39m [36mc.n.e.registry.AbstractInstanceRegistry [0;39m [2m:[0;39m Running the evict task with compensationTime 0ms
[2m2019-11-12 13:10:15.710[0;39m [32m INFO[0;39m [35m22860[0;39m [2m---[0;39m [2m[a-EvictionTimer][0;39m [36mc.n.e.registry.AbstractInstanceRegistry [0;39m [2m:[0;39m Running the evict task with compensationTime 0ms
[2m2019-11-12 13:11:15.711[0;39m [32m INFO[0;39m [35m22860[0;39m [2m---[0;39m [2m[a-EvictionTimer][0;39m [36mc.n.e.registry.AbstractInstanceRegistry [0;39m [2m:[0;39m Running the evict task with compensationTime 0ms
[2m2019-11-12 13:12:15.712[0;39m [32m INFO[0;39m [35m22860[0;39m [2m---[0;39m [2m[a-EvictionTimer][0;39m [36mc.n.e.registry.AbstractInstanceRegistry [0;39m [2m:[0;39m Running the evict task with compensationTime 0ms
[2m2019-11-12 13:13:15.713[0;39m [32m INFO[0;39m [35m22860[0;39m [2m---[0;39m [2m[a-EvictionTimer][0;39m [36mc.n.e.registry.AbstractInstanceRegistry [0;39m [2m:[0;39m Running the evict task with compensationTime 0ms
[2m2019-11-12 13:14:15.714[0;39m [32m INFO[0;39m [35m22860[0;39m [2m---[0;39m [2m[a-EvictionTimer][0;39m [36mc.n.e.registry.AbstractInstanceRegistry [0;39m [2m:[0;39m Running the evict task with compensationTime 0ms
[2m2019-11-12 13:15:15.715[0;39m [32m INFO[0;39m [35m22860[0;39m [2m---[0;39m [2m[a-EvictionTimer][0;39m [36mc.n.e.registry.AbstractInstanceRegistry [0;39m [2m:[0;39m Running the evict task with compensationTime 0ms
[2m2019-11-12 13:16:15.716[0;39m [32m INFO[0;39m [35m22860[0;39m [2m---[0;39m [2m[a-EvictionTimer][0;39m [36mc.n.e.registry.AbstractInstanceRegistry [0;39m [2m:[0;39m Running the evict task with compensationTime 0ms
[2m2019-11-12 13:17:15.491[0;39m [32m INFO[0;39m [35m22860[0;39m [2m---[0;39m [2m[hresholdUpdater][0;39m [36mc.n.e.r.PeerAwareInstanceRegistryImpl   [0;39m [2m:[0;39m Current renewal threshold is : 5
[2m2019-11-12 13:17:15.717[0;39m [32m INFO[0;39m [35m22860[0;39m [2m---[0;39m [2m[a-EvictionTimer][0;39m [36mc.n.e.registry.AbstractInstanceRegistry [0;39m [2m:[0;39m Running the evict task with compensationTime 0ms
[2m2019-11-12 13:18:15.718[0;39m [32m INFO[0;39m [35m22860[0;39m [2m---[0;39m [2m[a-EvictionTimer][0;39m [36mc.n.e.registry.AbstractInstanceRegistry [0;39m [2m:[0;39m Running the evict task with compensationTime 0ms
[2m2019-11-12 13:19:15.719[0;39m [32m INFO[0;39m [35m22860[0;39m [2m---[0;39m [2m[a-EvictionTimer][0;39m [36mc.n.e.registry.AbstractInstanceRegistry [0;39m [2m:[0;39m Running the evict task with compensationTime 0ms
[2m2019-11-12 13:20:15.720[0;39m [32m INFO[0;39m [35m22860[0;39m [2m---[0;39m [2m[a-EvictionTimer][0;39m [36mc.n.e.registry.AbstractInstanceRegistry [0;39m [2m:[0;39m Running the evict task with compensationTime 0ms
[2m2019-11-12 13:21:15.721[0;39m [32m INFO[0;39m [35m22860[0;39m [2m---[0;39m [2m[a-EvictionTimer][0;39m [36mc.n.e.registry.AbstractInstanceRegistry [0;39m [2m:[0;39m Running the evict task with compensationTime 0ms
[2m2019-11-12 13:22:15.722[0;39m [32m INFO[0;39m [35m22860[0;39m [2m---[0;39m [2m[a-EvictionTimer][0;39m [36mc.n.e.registry.AbstractInstanceRegistry [0;39m [2m:[0;39m Running the evict task with compensationTime 0ms
[2m2019-11-12 13:23:15.723[0;39m [32m INFO[0;39m [35m22860[0;39m [2m---[0;39m [2m[a-EvictionTimer][0;39m [36mc.n.e.registry.AbstractInstanceRegistry [0;39m [2m:[0;39m Running the evict task with compensationTime 0ms
[2m2019-11-12 13:24:15.724[0;39m [32m INFO[0;39m [35m22860[0;39m [2m---[0;39m [2m[a-EvictionTimer][0;39m [36mc.n.e.registry.AbstractInstanceRegistry [0;39m [2m:[0;39m Running the evict task with compensationTime 0ms
[2m2019-11-12 13:25:15.725[0;39m [32m INFO[0;39m [35m22860[0;39m [2m---[0;39m [2m[a-EvictionTimer][0;39m [36mc.n.e.registry.AbstractInstanceRegistry [0;39m [2m:[0;39m Running the evict task with compensationTime 0ms
[2m2019-11-12 13:26:15.725[0;39m [32m INFO[0;39m [35m22860[0;39m [2m---[0;39m [2m[a-EvictionTimer][0;39m [36mc.n.e.registry.AbstractInstanceRegistry [0;39m [2m:[0;39m Running the evict task with compensationTime 0ms
[2m2019-11-12 13:27:15.726[0;39m [32m INFO[0;39m [35m22860[0;39m [2m---[0;39m [2m[a-EvictionTimer][0;39m [36mc.n.e.registry.AbstractInstanceRegistry [0;39m [2m:[0;39m Running the evict task with compensationTime 0ms
[2m2019-11-12 13:28:15.727[0;39m [32m INFO[0;39m [35m22860[0;39m [2m---[0;39m [2m[a-EvictionTimer][0;39m [36mc.n.e.registry.AbstractInstanceRegistry [0;39m [2m:[0;39m Running the evict task with compensationTime 0ms
[2m2019-11-12 13:29:15.728[0;39m [32m INFO[0;39m [35m22860[0;39m [2m---[0;39m [2m[a-EvictionTimer][0;39m [36mc.n.e.registry.AbstractInstanceRegistry [0;39m [2m:[0;39m Running the evict task with compensationTime 0ms
[2m2019-11-12 13:30:15.729[0;39m [32m INFO[0;39m [35m22860[0;39m [2m---[0;39m [2m[a-EvictionTimer][0;39m [36mc.n.e.registry.AbstractInstanceRegistry [0;39m [2m:[0;39m Running the evict task with compensationTime 0ms
[2m2019-11-12 13:31:15.729[0;39m [32m INFO[0;39m [35m22860[0;39m [2m---[0;39m [2m[a-EvictionTimer][0;39m [36mc.n.e.registry.AbstractInstanceRegistry [0;39m [2m:[0;39m Running the evict task with compensationTime 0ms
[2m2019-11-12 13:32:15.496[0;39m [32m INFO[0;39m [35m22860[0;39m [2m---[0;39m [2m[hresholdUpdater][0;39m [36mc.n.e.r.PeerAwareInstanceRegistryImpl   [0;39m [2m:[0;39m Current renewal threshold is : 5
[2m2019-11-12 13:32:15.730[0;39m [32m INFO[0;39m [35m22860[0;39m [2m---[0;39m [2m[a-EvictionTimer][0;39m [36mc.n.e.registry.AbstractInstanceRegistry [0;39m [2m:[0;39m Running the evict task with compensationTime 0ms
[2m2019-11-12 13:33:15.731[0;39m [32m INFO[0;39m [35m22860[0;39m [2m---[0;39m [2m[a-EvictionTimer][0;39m [36mc.n.e.registry.AbstractInstanceRegistry [0;39m [2m:[0;39m Running the evict task with compensationTime 0ms
[2m2019-11-12 13:34:15.732[0;39m [32m INFO[0;39m [35m22860[0;39m [2m---[0;39m [2m[a-EvictionTimer][0;39m [36mc.n.e.registry.AbstractInstanceRegistry [0;39m [2m:[0;39m Running the evict task with compensationTime 0ms
[2m2019-11-12 13:35:15.732[0;39m [32m INFO[0;39m [35m22860[0;39m [2m---[0;39m [2m[a-EvictionTimer][0;39m [36mc.n.e.registry.AbstractInstanceRegistry [0;39m [2m:[0;39m Running the evict task with compensationTime 0ms
[2m2019-11-12 13:36:15.733[0;39m [32m INFO[0;39m [35m22860[0;39m [2m---[0;39m [2m[a-EvictionTimer][0;39m [36mc.n.e.registry.AbstractInstanceRegistry [0;39m [2m:[0;39m Running the evict task with compensationTime 0ms
[2m2019-11-12 13:37:15.734[0;39m [32m INFO[0;39m [35m22860[0;39m [2m---[0;39m [2m[a-EvictionTimer][0;39m [36mc.n.e.registry.AbstractInstanceRegistry [0;39m [2m:[0;39m Running the evict task with compensationTime 0ms
[2m2019-11-12 13:38:15.735[0;39m [32m INFO[0;39m [35m22860[0;39m [2m---[0;39m [2m[a-EvictionTimer][0;39m [36mc.n.e.registry.AbstractInstanceRegistry [0;39m [2m:[0;39m Running the evict task with compensationTime 0ms
[2m2019-11-12 13:39:15.737[0;39m [32m INFO[0;39m [35m22860[0;39m [2m---[0;39m [2m[a-EvictionTimer][0;39m [36mc.n.e.registry.AbstractInstanceRegistry [0;39m [2m:[0;39m Running the evict task with compensationTime 0ms
[2m2019-11-12 13:40:15.739[0;39m [32m INFO[0;39m [35m22860[0;39m [2m---[0;39m [2m[a-EvictionTimer][0;39m [36mc.n.e.registry.AbstractInstanceRegistry [0;39m [2m:[0;39m Running the evict task with compensationTime 0ms
[2m2019-11-12 13:41:15.741[0;39m [32m INFO[0;39m [35m22860[0;39m [2m---[0;39m [2m[a-EvictionTimer][0;39m [36mc.n.e.registry.AbstractInstanceRegistry [0;39m [2m:[0;39m Running the evict task with compensationTime 0ms
[2m2019-11-12 13:42:15.743[0;39m [32m INFO[0;39m [35m22860[0;39m [2m---[0;39m [2m[a-EvictionTimer][0;39m [36mc.n.e.registry.AbstractInstanceRegistry [0;39m [2m:[0;39m Running the evict task with compensationTime 0ms
[2m2019-11-12 13:43:15.745[0;39m [32m INFO[0;39m [35m22860[0;39m [2m---[0;39m [2m[a-EvictionTimer][0;39m [36mc.n.e.registry.AbstractInstanceRegistry [0;39m [2m:[0;39m Running the evict task with compensationTime 0ms
[2m2019-11-12 13:44:15.746[0;39m [32m INFO[0;39m [35m22860[0;39m [2m---[0;39m [2m[a-EvictionTimer][0;39m [36mc.n.e.registry.AbstractInstanceRegistry [0;39m [2m:[0;39m Running the evict task with compensationTime 0ms
[2m2019-11-12 13:45:15.748[0;39m [32m INFO[0;39m [35m22860[0;39m [2m---[0;39m [2m[a-EvictionTimer][0;39m [36mc.n.e.registry.AbstractInstanceRegistry [0;39m [2m:[0;39m Running the evict task with compensationTime 0ms
[2m2019-11-12 13:46:15.750[0;39m [32m INFO[0;39m [35m22860[0;39m [2m---[0;39m [2m[a-EvictionTimer][0;39m [36mc.n.e.registry.AbstractInstanceRegistry [0;39m [2m:[0;39m Running the evict task with compensationTime 0ms
[2m2019-11-12 13:47:15.509[0;39m [32m INFO[0;39m [35m22860[0;39m [2m---[0;39m [2m[hresholdUpdater][0;39m [36mc.n.e.r.PeerAwareInstanceRegistryImpl   [0;39m [2m:[0;39m Current renewal threshold is : 5
[2m2019-11-12 13:47:15.751[0;39m [32m INFO[0;39m [35m22860[0;39m [2m---[0;39m [2m[a-EvictionTimer][0;39m [36mc.n.e.registry.AbstractInstanceRegistry [0;39m [2m:[0;39m Running the evict task with compensationTime 0ms
[2m2019-11-12 13:48:15.753[0;39m [32m INFO[0;39m [35m22860[0;39m [2m---[0;39m [2m[a-EvictionTimer][0;39m [36mc.n.e.registry.AbstractInstanceRegistry [0;39m [2m:[0;39m Running the evict task with compensationTime 0ms
[2m2019-11-12 13:49:15.754[0;39m [32m INFO[0;39m [35m22860[0;39m [2m---[0;39m [2m[a-EvictionTimer][0;39m [36mc.n.e.registry.AbstractInstanceRegistry [0;39m [2m:[0;39m Running the evict task with compensationTime 0ms
[2m2019-11-12 13:50:15.755[0;39m [32m INFO[0;39m [35m22860[0;39m [2m---[0;39m [2m[a-EvictionTimer][0;39m [36mc.n.e.registry.AbstractInstanceRegistry [0;39m [2m:[0;39m Running the evict task with compensationTime 0ms
[2m2019-11-12 13:51:15.757[0;39m [32m INFO[0;39m [35m22860[0;39m [2m---[0;39m [2m[a-EvictionTimer][0;39m [36mc.n.e.registry.AbstractInstanceRegistry [0;39m [2m:[0;39m Running the evict task with compensationTime 0ms
[2m2019-11-12 13:52:15.758[0;39m [32m INFO[0;39m [35m22860[0;39m [2m---[0;39m [2m[a-EvictionTimer][0;39m [36mc.n.e.registry.AbstractInstanceRegistry [0;39m [2m:[0;39m Running the evict task with compensationTime 0ms
[2m2019-11-12 13:53:15.759[0;39m [32m INFO[0;39m [35m22860[0;39m [2m---[0;39m [2m[a-EvictionTimer][0;39m [36mc.n.e.registry.AbstractInstanceRegistry [0;39m [2m:[0;39m Running the evict task with compensationTime 0ms
[2m2019-11-12 13:54:15.760[0;39m [32m INFO[0;39m [35m22860[0;39m [2m---[0;39m [2m[a-EvictionTimer][0;39m [36mc.n.e.registry.AbstractInstanceRegistry [0;39m [2m:[0;39m Running the evict task with compensationTime 0ms
[2m2019-11-12 13:55:15.762[0;39m [32m INFO[0;39m [35m22860[0;39m [2m---[0;39m [2m[a-EvictionTimer][0;39m [36mc.n.e.registry.AbstractInstanceRegistry [0;39m [2m:[0;39m Running the evict task with compensationTime 0ms
[2m2019-11-12 13:56:15.763[0;39m [32m INFO[0;39m [35m22860[0;39m [2m---[0;39m [2m[a-EvictionTimer][0;39m [36mc.n.e.registry.AbstractInstanceRegistry [0;39m [2m:[0;39m Running the evict task with compensationTime 0ms
[2m2019-11-12 13:57:15.764[0;39m [32m INFO[0;39m [35m22860[0;39m [2m---[0;39m [2m[a-EvictionTimer][0;39m [36mc.n.e.registry.AbstractInstanceRegistry [0;39m [2m:[0;39m Running the evict task with compensationTime 0ms
[2m2019-11-12 13:58:15.765[0;39m [32m INFO[0;39m [35m22860[0;39m [2m---[0;39m [2m[a-EvictionTimer][0;39m [36mc.n.e.registry.AbstractInstanceRegistry [0;39m [2m:[0;39m Running the evict task with compensationTime 0ms
[2m2019-11-12 13:59:15.766[0;39m [32m INFO[0;39m [35m22860[0;39m [2m---[0;39m [2m[a-EvictionTimer][0;39m [36mc.n.e.registry.AbstractInstanceRegistry [0;39m [2m:[0;39m Running the evict task with compensationTime 0ms
[2m2019-11-12 14:00:15.767[0;39m [32m INFO[0;39m [35m22860[0;39m [2m---[0;39m [2m[a-EvictionTimer][0;39m [36mc.n.e.registry.AbstractInstanceRegistry [0;39m [2m:[0;39m Running the evict task with compensationTime 0ms
[2m2019-11-12 14:01:15.768[0;39m [32m INFO[0;39m [35m22860[0;39m [2m---[0;39m [2m[a-EvictionTimer][0;39m [36mc.n.e.registry.AbstractInstanceRegistry [0;39m [2m:[0;39m Running the evict task with compensationTime 0ms
[2m2019-11-12 14:02:15.518[0;39m [32m INFO[0;39m [35m22860[0;39m [2m---[0;39m [2m[hresholdUpdater][0;39m [36mc.n.e.r.PeerAwareInstanceRegistryImpl   [0;39m [2m:[0;39m Current renewal threshold is : 5
[2m2019-11-12 14:02:15.769[0;39m [32m INFO[0;39m [35m22860[0;39m [2m---[0;39m [2m[a-EvictionTimer][0;39m [36mc.n.e.registry.AbstractInstanceRegistry [0;39m [2m:[0;39m Running the evict task with compensationTime 0ms
[2m2019-11-12 14:03:15.770[0;39m [32m INFO[0;39m [35m22860[0;39m [2m---[0;39m [2m[a-EvictionTimer][0;39m [36mc.n.e.registry.AbstractInstanceRegistry [0;39m [2m:[0;39m Running the evict task with compensationTime 0ms
[2m2019-11-12 14:04:15.771[0;39m [32m INFO[0;39m [35m22860[0;39m [2m---[0;39m [2m[a-EvictionTimer][0;39m [36mc.n.e.registry.AbstractInstanceRegistry [0;39m [2m:[0;39m Running the evict task with compensationTime 0ms
[2m2019-11-12 14:05:15.772[0;39m [32m INFO[0;39m [35m22860[0;39m [2m---[0;39m [2m[a-EvictionTimer][0;39m [36mc.n.e.registry.AbstractInstanceRegistry [0;39m [2m:[0;39m Running the evict task with compensationTime 0ms
[2m2019-11-12 14:06:15.772[0;39m [32m INFO[0;39m [35m22860[0;39m [2m---[0;39m [2m[a-EvictionTimer][0;39m [36mc.n.e.registry.AbstractInstanceRegistry [0;39m [2m:[0;39m Running the evict task with compensationTime 0ms
[2m2019-11-12 14:07:15.773[0;39m [32m INFO[0;39m [35m22860[0;39m [2m---[0;39m [2m[a-EvictionTimer][0;39m [36mc.n.e.registry.AbstractInstanceRegistry [0;39m [2m:[0;39m Running the evict task with compensationTime 0ms
[2m2019-11-12 14:08:15.774[0;39m [32m INFO[0;39m [35m22860[0;39m [2m---[0;39m [2m[a-EvictionTimer][0;39m [36mc.n.e.registry.AbstractInstanceRegistry [0;39m [2m:[0;39m Running the evict task with compensationTime 0ms
[2m2019-11-12 14:09:15.775[0;39m [32m INFO[0;39m [35m22860[0;39m [2m---[0;39m [2m[a-EvictionTimer][0;39m [36mc.n.e.registry.AbstractInstanceRegistry [0;39m [2m:[0;39m Running the evict task with compensationTime 0ms
[2m2019-11-12 14:10:15.776[0;39m [32m INFO[0;39m [35m22860[0;39m [2m---[0;39m [2m[a-EvictionTimer][0;39m [36mc.n.e.registry.AbstractInstanceRegistry [0;39m [2m:[0;39m Running the evict task with compensationTime 0ms
[2m2019-11-12 14:11:15.777[0;39m [32m INFO[0;39m [35m22860[0;39m [2m---[0;39m [2m[a-EvictionTimer][0;39m [36mc.n.e.registry.AbstractInstanceRegistry [0;39m [2m:[0;39m Running the evict task with compensationTime 0ms
[2m2019-11-12 14:12:15.777[0;39m [32m INFO[0;39m [35m22860[0;39m [2m---[0;39m [2m[a-EvictionTimer][0;39m [36mc.n.e.registry.AbstractInstanceRegistry [0;39m [2m:[0;39m Running the evict task with compensationTime 0ms
[2m2019-11-12 14:13:15.779[0;39m [32m INFO[0;39m [35m22860[0;39m [2m---[0;39m [2m[a-EvictionTimer][0;39m [36mc.n.e.registry.AbstractInstanceRegistry [0;39m [2m:[0;39m Running the evict task with compensationTime 0ms
[2m2019-11-12 14:14:15.781[0;39m [32m INFO[0;39m [35m22860[0;39m [2m---[0;39m [2m[a-EvictionTimer][0;39m [36mc.n.e.registry.AbstractInstanceRegistry [0;39m [2m:[0;39m Running the evict task with compensationTime 0ms
[2m2019-11-12 14:15:15.783[0;39m [32m INFO[0;39m [35m22860[0;39m [2m---[0;39m [2m[a-EvictionTimer][0;39m [36mc.n.e.registry.AbstractInstanceRegistry [0;39m [2m:[0;39m Running the evict task with compensationTime 0ms
[2m2019-11-12 14:16:15.785[0;39m [32m INFO[0;39m [35m22860[0;39m [2m---[0;39m [2m[a-EvictionTimer][0;39m [36mc.n.e.registry.AbstractInstanceRegistry [0;39m [2m:[0;39m Running the evict task with compensationTime 0ms
[2m2019-11-12 14:17:15.528[0;39m [32m INFO[0;39m [35m22860[0;39m [2m---[0;39m [2m[hresholdUpdater][0;39m [36mc.n.e.r.PeerAwareInstanceRegistryImpl   [0;39m [2m:[0;39m Current renewal threshold is : 5
[2m2019-11-12 14:17:15.787[0;39m [32m INFO[0;39m [35m22860[0;39m [2m---[0;39m [2m[a-EvictionTimer][0;39m [36mc.n.e.registry.AbstractInstanceRegistry [0;39m [2m:[0;39m Running the evict task with compensationTime 0ms
[2m2019-11-12 14:18:15.788[0;39m [32m INFO[0;39m [35m22860[0;39m [2m---[0;39m [2m[a-EvictionTimer][0;39m [36mc.n.e.registry.AbstractInstanceRegistry [0;39m [2m:[0;39m Running the evict task with compensationTime 0ms
[2m2019-11-12 14:19:15.790[0;39m [32m INFO[0;39m [35m22860[0;39m [2m---[0;39m [2m[a-EvictionTimer][0;39m [36mc.n.e.registry.AbstractInstanceRegistry [0;39m [2m:[0;39m Running the evict task with compensationTime 0ms
[2m2019-11-12 14:20:15.791[0;39m [32m INFO[0;39m [35m22860[0;39m [2m---[0;39m [2m[a-EvictionTimer][0;39m [36mc.n.e.registry.AbstractInstanceRegistry [0;39m [2m:[0;39m Running the evict task with compensationTime 0ms
[2m2019-11-12 14:21:15.793[0;39m [32m INFO[0;39m [35m22860[0;39m [2m---[0;39m [2m[a-EvictionTimer][0;39m [36mc.n.e.registry.AbstractInstanceRegistry [0;39m [2m:[0;39m Running the evict task with compensationTime 0ms
[2m2019-11-12 14:22:15.794[0;39m [32m INFO[0;39m [35m22860[0;39m [2m---[0;39m [2m[a-EvictionTimer][0;39m [36mc.n.e.registry.AbstractInstanceRegistry [0;39m [2m:[0;39m Running the evict task with compensationTime 0ms
[2m2019-11-12 14:23:15.795[0;39m [32m INFO[0;39m [35m22860[0;39m [2m---[0;39m [2m[a-EvictionTimer][0;39m [36mc.n.e.registry.AbstractInstanceRegistry [0;39m [2m:[0;39m Running the evict task with compensationTime 0ms
[2m2019-11-12 14:24:15.796[0;39m [32m INFO[0;39m [35m22860[0;39m [2m---[0;39m [2m[a-EvictionTimer][0;39m [36mc.n.e.registry.AbstractInstanceRegistry [0;39m [2m:[0;39m Running the evict task with compensationTime 0ms
[2m2019-11-12 14:25:15.798[0;39m [32m INFO[0;39m [35m22860[0;39m [2m---[0;39m [2m[a-EvictionTimer][0;39m [36mc.n.e.registry.AbstractInstanceRegistry [0;39m [2m:[0;39m Running the evict task with compensationTime 0ms
[2m2019-11-12 14:26:15.799[0;39m [32m INFO[0;39m [35m22860[0;39m [2m---[0;39m [2m[a-EvictionTimer][0;39m [36mc.n.e.registry.AbstractInstanceRegistry [0;39m [2m:[0;39m Running the evict task with compensationTime 0ms
[2m2019-11-12 14:27:15.800[0;39m [32m INFO[0;39m [35m22860[0;39m [2m---[0;39m [2m[a-EvictionTimer][0;39m [36mc.n.e.registry.AbstractInstanceRegistry [0;39m [2m:[0;39m Running the evict task with compensationTime 0ms
[2m2019-11-12 14:28:15.801[0;39m [32m INFO[0;39m [35m22860[0;39m [2m---[0;39m [2m[a-EvictionTimer][0;39m [36mc.n.e.registry.AbstractInstanceRegistry [0;39m [2m:[0;39m Running the evict task with compensationTime 0ms
[2m2019-11-12 14:29:15.802[0;39m [32m INFO[0;39m [35m22860[0;39m [2m---[0;39m [2m[a-EvictionTimer][0;39m [36mc.n.e.registry.AbstractInstanceRegistry [0;39m [2m:[0;39m Running the evict task with compensationTime 0ms
[2m2019-11-12 14:30:15.803[0;39m [32m INFO[0;39m [35m22860[0;39m [2m---[0;39m [2m[a-EvictionTimer][0;39m [36mc.n.e.registry.AbstractInstanceRegistry [0;39m [2m:[0;39m Running the evict task with compensationTime 0ms
[2m2019-11-12 14:31:15.804[0;39m [32m INFO[0;39m [35m22860[0;39m [2m---[0;39m [2m[a-EvictionTimer][0;39m [36mc.n.e.registry.AbstractInstanceRegistry [0;39m [2m:[0;39m Running the evict task with compensationTime 0ms
[2m2019-11-12 14:32:15.539[0;39m [32m INFO[0;39m [35m22860[0;39m [2m---[0;39m [2m[hresholdUpdater][0;39m [36mc.n.e.r.PeerAwareInstanceRegistryImpl   [0;39m [2m:[0;39m Current renewal threshold is : 5
[2m2019-11-12 14:32:15.805[0;39m [32m INFO[0;39m [35m22860[0;39m [2m---[0;39m [2m[a-EvictionTimer][0;39m [36mc.n.e.registry.AbstractInstanceRegistry [0;39m [2m:[0;39m Running the evict task with compensationTime 0ms
[2m2019-11-12 14:33:15.806[0;39m [32m INFO[0;39m [35m22860[0;39m [2m---[0;39m [2m[a-EvictionTimer][0;39m [36mc.n.e.registry.AbstractInstanceRegistry [0;39m [2m:[0;39m Running the evict task with compensationTime 0ms
[2m2019-11-12 14:34:15.807[0;39m [32m INFO[0;39m [35m22860[0;39m [2m---[0;39m [2m[a-EvictionTimer][0;39m [36mc.n.e.registry.AbstractInstanceRegistry [0;39m [2m:[0;39m Running the evict task with compensationTime 0ms
[2m2019-11-12 14:35:15.808[0;39m [32m INFO[0;39m [35m22860[0;39m [2m---[0;39m [2m[a-EvictionTimer][0;39m [36mc.n.e.registry.AbstractInstanceRegistry [0;39m [2m:[0;39m Running the evict task with compensationTime 0ms
[2m2019-11-12 14:36:15.809[0;39m [32m INFO[0;39m [35m22860[0;39m [2m---[0;39m [2m[a-EvictionTimer][0;39m [36mc.n.e.registry.AbstractInstanceRegistry [0;39m [2m:[0;39m Running the evict task with compensationTime 0ms
[2m2019-11-12 14:37:15.810[0;39m [32m INFO[0;39m [35m22860[0;39m [2m---[0;39m [2m[a-EvictionTimer][0;39m [36mc.n.e.registry.AbstractInstanceRegistry [0;39m [2m:[0;39m Running the evict task with compensationTime 0ms
[2m2019-11-12 14:38:15.811[0;39m [32m INFO[0;39m [35m22860[0;39m [2m---[0;39m [2m[a-EvictionTimer][0;39m [36mc.n.e.registry.AbstractInstanceRegistry [0;39m [2m:[0;39m Running the evict task with compensationTime 0ms
[2m2019-11-12 14:39:15.812[0;39m [32m INFO[0;39m [35m22860[0;39m [2m---[0;39m [2m[a-EvictionTimer][0;39m [36mc.n.e.registry.AbstractInstanceRegistry [0;39m [2m:[0;39m Running the evict task with compensationTime 0ms
[2m2019-11-12 14:40:15.812[0;39m [32m INFO[0;39m [35m22860[0;39m [2m---[0;39m [2m[a-EvictionTimer][0;39m [36mc.n.e.registry.AbstractInstanceRegistry [0;39m [2m:[0;39m Running the evict task with compensationTime 0ms
[2m2019-11-12 14:41:15.813[0;39m [32m INFO[0;39m [35m22860[0;39m [2m---[0;39m [2m[a-EvictionTimer][0;39m [36mc.n.e.registry.AbstractInstanceRegistry [0;39m [2m:[0;39m Running the evict task with compensationTime 0ms
[2m2019-11-12 14:42:15.814[0;39m [32m INFO[0;39m [35m22860[0;39m [2m---[0;39m [2m[a-EvictionTimer][0;39m [36mc.n.e.registry.AbstractInstanceRegistry [0;39m [2m:[0;39m Running the evict task with compensationTime 0ms
[2m2019-11-12 14:43:15.815[0;39m [32m INFO[0;39m [35m22860[0;39m [2m---[0;39m [2m[a-EvictionTimer][0;39m [36mc.n.e.registry.AbstractInstanceRegistry [0;39m [2m:[0;39m Running the evict task with compensationTime 0ms
[2m2019-11-12 14:44:15.816[0;39m [32m INFO[0;39m [35m22860[0;39m [2m---[0;39m [2m[a-EvictionTimer][0;39m [36mc.n.e.registry.AbstractInstanceRegistry [0;39m [2m:[0;39m Running the evict task with compensationTime 0ms
[2m2019-11-12 14:45:15.817[0;39m [32m INFO[0;39m [35m22860[0;39m [2m---[0;39m [2m[a-EvictionTimer][0;39m [36mc.n.e.registry.AbstractInstanceRegistry [0;39m [2m:[0;39m Running the evict task with compensationTime 0ms
[2m2019-11-12 14:46:15.817[0;39m [32m INFO[0;39m [35m22860[0;39m [2m---[0;39m [2m[a-EvictionTimer][0;39m [36mc.n.e.registry.AbstractInstanceRegistry [0;39m [2m:[0;39m Running the evict task with compensationTime 0ms
[2m2019-11-12 14:47:15.546[0;39m [32m INFO[0;39m [35m22860[0;39m [2m---[0;39m [2m[hresholdUpdater][0;39m [36mc.n.e.r.PeerAwareInstanceRegistryImpl   [0;39m [2m:[0;39m Current renewal threshold is : 5
[2m2019-11-12 14:47:15.818[0;39m [32m INFO[0;39m [35m22860[0;39m [2m---[0;39m [2m[a-EvictionTimer][0;39m [36mc.n.e.registry.AbstractInstanceRegistry [0;39m [2m:[0;39m Running the evict task with compensationTime 0ms
[2m2019-11-12 14:48:15.819[0;39m [32m INFO[0;39m [35m22860[0;39m [2m---[0;39m [2m[a-EvictionTimer][0;39m [36mc.n.e.registry.AbstractInstanceRegistry [0;39m [2m:[0;39m Running the evict task with compensationTime 0ms
[2m2019-11-12 14:49:15.819[0;39m [32m INFO[0;39m [35m22860[0;39m [2m---[0;39m [2m[a-EvictionTimer][0;39m [36mc.n.e.registry.AbstractInstanceRegistry [0;39m [2m:[0;39m Running the evict task with compensationTime 0ms
[2m2019-11-12 14:50:15.820[0;39m [32m INFO[0;39m [35m22860[0;39m [2m---[0;39m [2m[a-EvictionTimer][0;39m [36mc.n.e.registry.AbstractInstanceRegistry [0;39m [2m:[0;39m Running the evict task with compensationTime 0ms
[2m2019-11-12 14:51:15.821[0;39m [32m INFO[0;39m [35m22860[0;39m [2m---[0;39m [2m[a-EvictionTimer][0;39m [36mc.n.e.registry.AbstractInstanceRegistry [0;39m [2m:[0;39m Running the evict task with compensationTime 0ms
[2m2019-11-12 14:52:15.822[0;39m [32m INFO[0;39m [35m22860[0;39m [2m---[0;39m [2m[a-EvictionTimer][0;39m [36mc.n.e.registry.AbstractInstanceRegistry [0;39m [2m:[0;39m Running the evict task with compensationTime 0ms
[2m2019-11-12 14:53:15.822[0;39m [32m INFO[0;39m [35m22860[0;39m [2m---[0;39m [2m[a-EvictionTimer][0;39m [36mc.n.e.registry.AbstractInstanceRegistry [0;39m [2m:[0;39m Running the evict task with compensationTime 0ms
[2m2019-11-12 14:54:15.823[0;39m [32m INFO[0;39m [35m22860[0;39m [2m---[0;39m [2m[a-EvictionTimer][0;39m [36mc.n.e.registry.AbstractInstanceRegistry [0;39m [2m:[0;39m Running the evict task with compensationTime 0ms
[2m2019-11-12 14:55:15.824[0;39m [32m INFO[0;39m [35m22860[0;39m [2m---[0;39m [2m[a-EvictionTimer][0;39m [36mc.n.e.registry.AbstractInstanceRegistry [0;39m [2m:[0;39m Running the evict task with compensationTime 0ms
[2m2019-11-12 14:56:15.825[0;39m [32m INFO[0;39m [35m22860[0;39m [2m---[0;39m [2m[a-EvictionTimer][0;39m [36mc.n.e.registry.AbstractInstanceRegistry [0;39m [2m:[0;39m Running the evict task with compensationTime 0ms
[2m2019-11-12 14:57:15.825[0;39m [32m INFO[0;39m [35m22860[0;39m [2m---[0;39m [2m[a-EvictionTimer][0;39m [36mc.n.e.registry.AbstractInstanceRegistry [0;39m [2m:[0;39m Running the evict task with compensationTime 0ms
[2m2019-11-12 14:58:15.826[0;39m [32m INFO[0;39m [35m22860[0;39m [2m---[0;39m [2m[a-EvictionTimer][0;39m [36mc.n.e.registry.AbstractInstanceRegistry [0;39m [2m:[0;39m Running the evict task with compensationTime 0ms
[2m2019-11-12 14:59:15.827[0;39m [32m INFO[0;39m [35m22860[0;39m [2m---[0;39m [2m[a-EvictionTimer][0;39m [36mc.n.e.registry.AbstractInstanceRegistry [0;39m [2m:[0;39m Running the evict task with compensationTime 0ms
[2m2019-11-12 15:00:15.827[0;39m [32m INFO[0;39m [35m22860[0;39m [2m---[0;39m [2m[a-EvictionTimer][0;39m [36mc.n.e.registry.AbstractInstanceRegistry [0;39m [2m:[0;39m Running the evict task with compensationTime 0ms
[2m2019-11-12 15:01:15.828[0;39m [32m INFO[0;39m [35m22860[0;39m [2m---[0;39m [2m[a-EvictionTimer][0;39m [36mc.n.e.registry.AbstractInstanceRegistry [0;39m [2m:[0;39m Running the evict task with compensationTime 0ms
[2m2019-11-12 15:02:15.548[0;39m [32m INFO[0;39m [35m22860[0;39m [2m---[0;39m [2m[hresholdUpdater][0;39m [36mc.n.e.r.PeerAwareInstanceRegistryImpl   [0;39m [2m:[0;39m Current renewal threshold is : 5
[2m2019-11-12 15:02:15.828[0;39m [32m INFO[0;39m [35m22860[0;39m [2m---[0;39m [2m[a-EvictionTimer][0;39m [36mc.n.e.registry.AbstractInstanceRegistry [0;39m [2m:[0;39m Running the evict task with compensationTime 0ms
[2m2019-11-12 15:03:15.829[0;39m [32m INFO[0;39m [35m22860[0;39m [2m---[0;39m [2m[a-EvictionTimer][0;39m [36mc.n.e.registry.AbstractInstanceRegistry [0;39m [2m:[0;39m Running the evict task with compensationTime 0ms
[2m2019-11-12 15:04:15.829[0;39m [32m INFO[0;39m [35m22860[0;39m [2m---[0;39m [2m[a-EvictionTimer][0;39m [36mc.n.e.registry.AbstractInstanceRegistry [0;39m [2m:[0;39m Running the evict task with compensationTime 0ms
[2m2019-11-12 15:05:15.830[0;39m [32m INFO[0;39m [35m22860[0;39m [2m---[0;39m [2m[a-EvictionTimer][0;39m [36mc.n.e.registry.AbstractInstanceRegistry [0;39m [2m:[0;39m Running the evict task with compensationTime 0ms
[2m2019-11-12 15:06:15.831[0;39m [32m INFO[0;39m [35m22860[0;39m [2m---[0;39m [2m[a-EvictionTimer][0;39m [36mc.n.e.registry.AbstractInstanceRegistry [0;39m [2m:[0;39m Running the evict task with compensationTime 0ms
[2m2019-11-12 15:07:15.831[0;39m [32m INFO[0;39m [35m22860[0;39m [2m---[0;39m [2m[a-EvictionTimer][0;39m [36mc.n.e.registry.AbstractInstanceRegistry [0;39m [2m:[0;39m Running the evict task with compensationTime 0ms
[2m2019-11-12 15:08:15.832[0;39m [32m INFO[0;39m [35m22860[0;39m [2m---[0;39m [2m[a-EvictionTimer][0;39m [36mc.n.e.registry.AbstractInstanceRegistry [0;39m [2m:[0;39m Running the evict task with compensationTime 0ms
[2m2019-11-12 15:09:15.833[0;39m [32m INFO[0;39m [35m22860[0;39m [2m---[0;39m [2m[a-EvictionTimer][0;39m [36mc.n.e.registry.AbstractInstanceRegistry [0;39m [2m:[0;39m Running the evict task with compensationTime 0ms
[2m2019-11-12 15:10:15.833[0;39m [32m INFO[0;39m [35m22860[0;39m [2m---[0;39m [2m[a-EvictionTimer][0;39m [36mc.n.e.registry.AbstractInstanceRegistry [0;39m [2m:[0;39m Running the evict task with compensationTime 0ms
[2m2019-11-12 15:11:15.834[0;39m [32m INFO[0;39m [35m22860[0;39m [2m---[0;39m [2m[a-EvictionTimer][0;39m [36mc.n.e.registry.AbstractInstanceRegistry [0;39m [2m:[0;39m Running the evict task with compensationTime 0ms
[2m2019-11-12 15:12:15.834[0;39m [32m INFO[0;39m [35m22860[0;39m [2m---[0;39m [2m[a-EvictionTimer][0;39m [36mc.n.e.registry.AbstractInstanceRegistry [0;39m [2m:[0;39m Running the evict task with compensationTime 0ms
[2m2019-11-12 15:13:15.835[0;39m [32m INFO[0;39m [35m22860[0;39m [2m---[0;39m [2m[a-EvictionTimer][0;39m [36mc.n.e.registry.AbstractInstanceRegistry [0;39m [2m:[0;39m Running the evict task with compensationTime 0ms
[2m2019-11-12 15:14:15.836[0;39m [32m INFO[0;39m [35m22860[0;39m [2m---[0;39m [2m[a-EvictionTimer][0;39m [36mc.n.e.registry.AbstractInstanceRegistry [0;39m [2m:[0;39m Running the evict task with compensationTime 0ms
[2m2019-11-12 15:15:15.836[0;39m [32m INFO[0;39m [35m22860[0;39m [2m---[0;39m [2m[a-EvictionTimer][0;39m [36mc.n.e.registry.AbstractInstanceRegistry [0;39m [2m:[0;39m Running the evict task with compensationTime 0ms
[2m2019-11-12 15:16:15.837[0;39m [32m INFO[0;39m [35m22860[0;39m [2m---[0;39m [2m[a-EvictionTimer][0;39m [36mc.n.e.registry.AbstractInstanceRegistry [0;39m [2m:[0;39m Running the evict task with compensationTime 0ms
[2m2019-11-12 15:17:15.550[0;39m [32m INFO[0;39m [35m22860[0;39m [2m---[0;39m [2m[hresholdUpdater][0;39m [36mc.n.e.r.PeerAwareInstanceRegistryImpl   [0;39m [2m:[0;39m Current renewal threshold is : 5
[2m2019-11-12 15:17:15.838[0;39m [32m INFO[0;39m [35m22860[0;39m [2m---[0;39m [2m[a-EvictionTimer][0;39m [36mc.n.e.registry.AbstractInstanceRegistry [0;39m [2m:[0;39m Running the evict task with compensationTime 0ms
[2m2019-11-12 15:18:15.838[0;39m [32m INFO[0;39m [35m22860[0;39m [2m---[0;39m [2m[a-EvictionTimer][0;39m [36mc.n.e.registry.AbstractInstanceRegistry [0;39m [2m:[0;39m Running the evict task with compensationTime 0ms
[2m2019-11-12 15:19:15.839[0;39m [32m INFO[0;39m [35m22860[0;39m [2m---[0;39m [2m[a-EvictionTimer][0;39m [36mc.n.e.registry.AbstractInstanceRegistry [0;39m [2m:[0;39m Running the evict task with compensationTime 0ms
[2m2019-11-12 15:20:15.840[0;39m [32m INFO[0;39m [35m22860[0;39m [2m---[0;39m [2m[a-EvictionTimer][0;39m [36mc.n.e.registry.AbstractInstanceRegistry [0;39m [2m:[0;39m Running the evict task with compensationTime 0ms
[2m2019-11-12 15:21:15.842[0;39m [32m INFO[0;39m [35m22860[0;39m [2m---[0;39m [2m[a-EvictionTimer][0;39m [36mc.n.e.registry.AbstractInstanceRegistry [0;39m [2m:[0;39m Running the evict task with compensationTime 0ms
[2m2019-11-12 15:22:15.845[0;39m [32m INFO[0;39m [35m22860[0;39m [2m---[0;39m [2m[a-EvictionTimer][0;39m [36mc.n.e.registry.AbstractInstanceRegistry [0;39m [2m:[0;39m Running the evict task with compensationTime 0ms
[2m2019-11-12 15:23:15.848[0;39m [32m INFO[0;39m [35m22860[0;39m [2m---[0;39m [2m[a-EvictionTimer][0;39m [36mc.n.e.registry.AbstractInstanceRegistry [0;39m [2m:[0;39m Running the evict task with compensationTime 0ms
[2m2019-11-12 15:24:15.850[0;39m [32m INFO[0;39m [35m22860[0;39m [2m---[0;39m [2m[a-EvictionTimer][0;39m [36mc.n.e.registry.AbstractInstanceRegistry [0;39m [2m:[0;39m Running the evict task with compensationTime 0ms
[2m2019-11-12 15:25:15.853[0;39m [32m INFO[0;39m [35m22860[0;39m [2m---[0;39m [2m[a-EvictionTimer][0;39m [36mc.n.e.registry.AbstractInstanceRegistry [0;39m [2m:[0;39m Running the evict task with compensationTime 0ms
[2m2019-11-12 15:26:15.855[0;39m [32m INFO[0;39m [35m22860[0;39m [2m---[0;39m [2m[a-EvictionTimer][0;39m [36mc.n.e.registry.AbstractInstanceRegistry [0;39m [2m:[0;39m Running the evict task with compensationTime 0ms
[2m2019-11-12 15:27:15.857[0;39m [32m INFO[0;39m [35m22860[0;39m [2m---[0;39m [2m[a-EvictionTimer][0;39m [36mc.n.e.registry.AbstractInstanceRegistry [0;39m [2m:[0;39m Running the evict task with compensationTime 0ms
[2m2019-11-12 15:28:15.859[0;39m [32m INFO[0;39m [35m22860[0;39m [2m---[0;39m [2m[a-EvictionTimer][0;39m [36mc.n.e.registry.AbstractInstanceRegistry [0;39m [2m:[0;39m Running the evict task with compensationTime 0ms
[2m2019-11-12 15:29:15.862[0;39m [32m INFO[0;39m [35m22860[0;39m [2m---[0;39m [2m[a-EvictionTimer][0;39m [36mc.n.e.registry.AbstractInstanceRegistry [0;39m [2m:[0;39m Running the evict task with compensationTime 0ms
[2m2019-11-12 15:30:15.864[0;39m [32m INFO[0;39m [35m22860[0;39m [2m---[0;39m [2m[a-EvictionTimer][0;39m [36mc.n.e.registry.AbstractInstanceRegistry [0;39m [2m:[0;39m Running the evict task with compensationTime 0ms
[2m2019-11-12 15:31:15.866[0;39m [32m INFO[0;39m [35m22860[0;39m [2m---[0;39m [2m[a-EvictionTimer][0;39m [36mc.n.e.registry.AbstractInstanceRegistry [0;39m [2m:[0;39m Running the evict task with compensationTime 0ms
[2m2019-11-12 15:32:15.571[0;39m [32m INFO[0;39m [35m22860[0;39m [2m---[0;39m [2m[hresholdUpdater][0;39m [36mc.n.e.r.PeerAwareInstanceRegistryImpl   [0;39m [2m:[0;39m Current renewal threshold is : 5
[2m2019-11-12 15:32:15.867[0;39m [32m INFO[0;39m [35m22860[0;39m [2m---[0;39m [2m[a-EvictionTimer][0;39m [36mc.n.e.registry.AbstractInstanceRegistry [0;39m [2m:[0;39m Running the evict task with compensationTime 0ms
[2m2019-11-12 15:33:15.869[0;39m [32m INFO[0;39m [35m22860[0;39m [2m---[0;39m [2m[a-EvictionTimer][0;39m [36mc.n.e.registry.AbstractInstanceRegistry [0;39m [2m:[0;39m Running the evict task with compensationTime 0ms
[2m2019-11-12 15:34:15.871[0;39m [32m INFO[0;39m [35m22860[0;39m [2m---[0;39m [2m[a-EvictionTimer][0;39m [36mc.n.e.registry.AbstractInstanceRegistry [0;39m [2m:[0;39m Running the evict task with compensationTime 0ms
[2m2019-11-12 15:35:15.872[0;39m [32m INFO[0;39m [35m22860[0;39m [2m---[0;39m [2m[a-EvictionTimer][0;39m [36mc.n.e.registry.AbstractInstanceRegistry [0;39m [2m:[0;39m Running the evict task with compensationTime 0ms
[2m2019-11-12 15:36:15.874[0;39m [32m INFO[0;39m [35m22860[0;39m [2m---[0;39m [2m[a-EvictionTimer][0;39m [36mc.n.e.registry.AbstractInstanceRegistry [0;39m [2m:[0;39m Running the evict task with compensationTime 0ms
[2m2019-11-12 15:37:15.875[0;39m [32m INFO[0;39m [35m22860[0;39m [2m---[0;39m [2m[a-EvictionTimer][0;39m [36mc.n.e.registry.AbstractInstanceRegistry [0;39m [2m:[0;39m Running the evict task with compensationTime 0ms
[2m2019-11-12 15:38:15.877[0;39m [32m INFO[0;39m [35m22860[0;39m [2m---[0;39m [2m[a-EvictionTimer][0;39m [36mc.n.e.registry.AbstractInstanceRegistry [0;39m [2m:[0;39m Running the evict task with compensationTime 0ms
[2m2019-11-12 15:39:15.878[0;39m [32m INFO[0;39m [35m22860[0;39m [2m---[0;39m [2m[a-EvictionTimer][0;39m [36mc.n.e.registry.AbstractInstanceRegistry [0;39m [2m:[0;39m Running the evict task with compensationTime 0ms
[2m2019-11-12 15:40:15.879[0;39m [32m INFO[0;39m [35m22860[0;39m [2m---[0;39m [2m[a-EvictionTimer][0;39m [36mc.n.e.registry.AbstractInstanceRegistry [0;39m [2m:[0;39m Running the evict task with compensationTime 0ms
[2m2019-11-12 15:41:15.881[0;39m [32m INFO[0;39m [35m22860[0;39m [2m---[0;39m [2m[a-EvictionTimer][0;39m [36mc.n.e.registry.AbstractInstanceRegistry [0;39m [2m:[0;39m Running the evict task with compensationTime 0ms
[2m2019-11-12 15:42:15.882[0;39m [32m INFO[0;39m [35m22860[0;39m [2m---[0;39m [2m[a-EvictionTimer][0;39m [36mc.n.e.registry.AbstractInstanceRegistry [0;39m [2m:[0;39m Running the evict task with compensationTime 0ms
[2m2019-11-12 15:43:15.883[0;39m [32m INFO[0;39m [35m22860[0;39m [2m---[0;39m [2m[a-EvictionTimer][0;39m [36mc.n.e.registry.AbstractInstanceRegistry [0;39m [2m:[0;39m Running the evict task with compensationTime 0ms
[2m2019-11-12 15:44:15.884[0;39m [32m INFO[0;39m [35m22860[0;39m [2m---[0;39m [2m[a-EvictionTimer][0;39m [36mc.n.e.registry.AbstractInstanceRegistry [0;39m [2m:[0;39m Running the evict task with compensationTime 0ms
